#
# There is insufficient memory for the Java Runtime Environment to continue.
# Native memory allocation (mmap) failed to map 232783872 bytes for G1 virtual space
# Possible reasons:
#   The system is out of physical RAM or swap space
#   The process is running with CompressedOops enabled, and the Java Heap may be blocking the growth of the native heap
# Possible solutions:
#   Reduce memory load on the system
#   Increase physical memory or swap space
#   Check if swap backing store is full
#   Decrease Java heap size (-Xmx/-Xms)
#   Decrease number of Java threads
#   Decrease Java thread stack sizes (-Xss)
#   Set larger code cache with -XX:ReservedCodeCacheSize=
#   JVM is running with Zero Based Compressed Oops mode in which the Java heap is
#     placed in the first 32GB address space. The Java Heap base address is the
#     maximum limit for the native heap growth. Please use -XX:HeapBaseMinAddress
#     to set the Java Heap base and to place the Java Heap above 32GB virtual address.
# This output file may be truncated or incomplete.
#
#  Out of Memory Error (os_windows.cpp:3548), pid=8668, tid=4688
#
# JRE version:  (17.0.11+7) (build )
# Java VM: Java HotSpot(TM) 64-Bit Server VM (17.0.11+7-LTS-207, mixed mode, sharing, tiered, compressed oops, compressed class ptrs, g1 gc, windows-amd64)
# No core dump will be written. Minidumps are not enabled by default on client versions of Windows
#

---------------  S U M M A R Y ------------

Command Line: -XX:+ShowCodeDetailsInExceptionMessages -Dspring.jmx.enabled=true -Dmanagement.endpoints.jmx.exposure.include=* -Dspring.application.admin.enabled=true -Dspring.boot.project.name=veterinaria -Djava.rmi.server.hostname=localhost -Dcom.sun.management.jmxremote.port=45556 -Dcom.sun.management.jmxremote.authenticate=false -Dcom.sun.management.jmxremote.ssl=false com.veterinaria.spring.veterinaria.VeterinariaApplication

Host: AMD Ryzen 7 5700U with Radeon Graphics         , 16 cores, 13G,  Windows 11 , 64 bit Build 26100 (10.0.26100.4484)
Time: Sun Jul 13 16:53:17 2025 Hora estándar del Este (México) elapsed time: 1.171001 seconds (0d 0h 0m 1s)

---------------  T H R E A D  ---------------

Current thread (0x0000026baf864e40):  JavaThread "Unknown thread" [_thread_in_vm, id=4688, stack(0x000000c3ea800000,0x000000c3ea900000)]

Stack: [0x000000c3ea800000,0x000000c3ea900000]
Native frames: (J=compiled Java code, j=interpreted, Vv=VM code, C=native code)
V  [jvm.dll+0x679cca]
V  [jvm.dll+0x7da13d]
V  [jvm.dll+0x7dba83]
V  [jvm.dll+0x7dc0f3]
V  [jvm.dll+0x2449af]
V  [jvm.dll+0x676ce9]
V  [jvm.dll+0x66b852]
V  [jvm.dll+0x3018d6]
V  [jvm.dll+0x308e76]
V  [jvm.dll+0x3596ee]
V  [jvm.dll+0x35991f]
V  [jvm.dll+0x2d89a8]
V  [jvm.dll+0x2d9914]
V  [jvm.dll+0x7ac6b1]
V  [jvm.dll+0x366f61]
V  [jvm.dll+0x78b609]
V  [jvm.dll+0x3ec22f]
V  [jvm.dll+0x3ede61]
C  [jli.dll+0x5297]
C  [ucrtbase.dll+0x37b0]
C  [KERNEL32.DLL+0x2e8d7]
C  [ntdll.dll+0x3c34c]


---------------  P R O C E S S  ---------------

Threads class SMR info:
_java_thread_list=0x00007ffc91b97a18, length=0, elements={
}

Java Threads: ( => current thread )

Other Threads:
  0x0000026baf8d0c20 GCTaskThread "GC Thread#0" [stack: 0x000000c3ea900000,0x000000c3eaa00000] [id=4844]
  0x0000026baf8dfaa0 ConcurrentGCThread "G1 Main Marker" [stack: 0x000000c3eaa00000,0x000000c3eab00000] [id=21760]
  0x0000026baf8e1ed0 ConcurrentGCThread "G1 Conc#0" [stack: 0x000000c3eab00000,0x000000c3eac00000] [id=23248]

[error occurred during error reporting (printing all threads), id 0xc0000005, EXCEPTION_ACCESS_VIOLATION (0xc0000005) at pc=0x00007ffc913c9497]

VM state: not at safepoint (not fully initialized)

VM Mutex/Monitor currently owned by a thread:  ([mutex/lock_event])
[0x0000026baf860180] Heap_lock - owner thread: 0x0000026baf864e40

Heap address: 0x0000000722200000, size: 3550 MB, Compressed Oops mode: Zero based, Oop shift amount: 3

CDS archive(s) mapped at: [0x0000000000000000-0x0000000000000000-0x0000000000000000), size 0, SharedBaseAddress: 0x0000000800000000, ArchiveRelocationMode: 1.
Narrow klass base: 0x0000000000000000, Narrow klass shift: 0, Narrow klass range: 0x0

GC Precious Log:
<Empty>

Heap:
 garbage-first heap   total 0K, used 0K [0x0000000722200000, 0x0000000800000000)
  region size 2048K, 0 young (0K), 0 survivors (0K)

[error occurred during error reporting (printing heap information), id 0xc0000005, EXCEPTION_ACCESS_VIOLATION (0xc0000005) at pc=0x00007ffc917b3559]

GC Heap History (0 events):
No events

Deoptimization events (0 events):
No events

Classes unloaded (0 events):
No events

Classes redefined (0 events):
No events

Internal exceptions (0 events):
No events

VM Operations (0 events):
No events

Events (1 events):
Event: 0.048 Loaded shared library C:\Program Files\Java\jdk-17\bin\java.dll


Dynamic libraries:
0x00007ff71e410000 - 0x00007ff71e420000 	C:\Program Files\Java\jdk-17\bin\java.exe
0x00007ffd5a900000 - 0x00007ffd5ab68000 	C:\WINDOWS\SYSTEM32\ntdll.dll
0x00007ffd59a60000 - 0x00007ffd59b29000 	C:\WINDOWS\System32\KERNEL32.DLL
0x00007ffd57a50000 - 0x00007ffd57e3d000 	C:\WINDOWS\System32\KERNELBASE.dll
0x00007ffd57fc0000 - 0x00007ffd5810b000 	C:\WINDOWS\System32\ucrtbase.dll
0x00007ffd18e60000 - 0x00007ffd18e79000 	C:\Program Files\Java\jdk-17\bin\jli.dll
0x00007ffd589a0000 - 0x00007ffd58a54000 	C:\WINDOWS\System32\ADVAPI32.dll
0x00007ffd18e40000 - 0x00007ffd18e5b000 	C:\Program Files\Java\jdk-17\bin\VCRUNTIME140.dll
0x00007ffd588f0000 - 0x00007ffd58999000 	C:\WINDOWS\System32\msvcrt.dll
0x00007ffd5a020000 - 0x00007ffd5a0c6000 	C:\WINDOWS\System32\sechost.dll
0x00007ffd587d0000 - 0x00007ffd588e8000 	C:\WINDOWS\System32\RPCRT4.dll
0x00007ffd2f110000 - 0x00007ffd2f3aa000 	C:\WINDOWS\WinSxS\amd64_microsoft.windows.common-controls_6595b64144ccf1df_6.0.26100.4484_none_3e0e6d4ce32ef3b3\COMCTL32.dll
0x00007ffd5a100000 - 0x00007ffd5a2cc000 	C:\WINDOWS\System32\USER32.dll
0x00007ffd5a0d0000 - 0x00007ffd5a0fb000 	C:\WINDOWS\System32\GDI32.dll
0x00007ffd581a0000 - 0x00007ffd582d7000 	C:\WINDOWS\System32\gdi32full.dll
0x00007ffd58390000 - 0x00007ffd583b7000 	C:\WINDOWS\System32\win32u.dll
0x00007ffd582e0000 - 0x00007ffd58383000 	C:\WINDOWS\System32\msvcp_win.dll
0x00007ffd51630000 - 0x00007ffd5163b000 	C:\WINDOWS\SYSTEM32\VERSION.dll
0x00007ffd58720000 - 0x00007ffd5874f000 	C:\WINDOWS\System32\IMM32.DLL
0x00007ffd2a820000 - 0x00007ffd2a82c000 	C:\Program Files\Java\jdk-17\bin\vcruntime140_1.dll
0x00007ffce65c0000 - 0x00007ffce664e000 	C:\Program Files\Java\jdk-17\bin\msvcp140.dll
0x00007ffc910e0000 - 0x00007ffc91cc0000 	C:\Program Files\Java\jdk-17\bin\server\jvm.dll
0x00007ffd59f90000 - 0x00007ffd59f98000 	C:\WINDOWS\System32\PSAPI.DLL
0x00007ffcd1cd0000 - 0x00007ffcd1cda000 	C:\WINDOWS\SYSTEM32\WSOCK32.dll
0x00007ffd59c30000 - 0x00007ffd59ca4000 	C:\WINDOWS\System32\WS2_32.dll
0x00007ffd50330000 - 0x00007ffd50365000 	C:\WINDOWS\SYSTEM32\WINMM.dll
0x00007ffd567b0000 - 0x00007ffd567cb000 	C:\WINDOWS\SYSTEM32\kernel.appcore.dll
0x00007ffd2a670000 - 0x00007ffd2a67a000 	C:\Program Files\Java\jdk-17\bin\jimage.dll
0x00007ffd4a050000 - 0x00007ffd4a291000 	C:\WINDOWS\SYSTEM32\DBGHELP.DLL
0x00007ffd5a2d0000 - 0x00007ffd5a656000 	C:\WINDOWS\System32\combase.dll
0x00007ffd5a7d0000 - 0x00007ffd5a8b0000 	C:\WINDOWS\System32\OLEAUT32.dll
0x00007ffd49e80000 - 0x00007ffd49ec3000 	C:\WINDOWS\SYSTEM32\dbgcore.DLL
0x00007ffd58600000 - 0x00007ffd58699000 	C:\WINDOWS\System32\bcryptPrimitives.dll
0x00007ffd18520000 - 0x00007ffd18545000 	C:\Program Files\Java\jdk-17\bin\java.dll

dbghelp: loaded successfully - version: 4.0.5 - missing functions: none
symbol engine: initialized successfully - sym options: 0x614 - pdb path: .;C:\Program Files\Java\jdk-17\bin;C:\WINDOWS\SYSTEM32;C:\WINDOWS\WinSxS\amd64_microsoft.windows.common-controls_6595b64144ccf1df_6.0.26100.4484_none_3e0e6d4ce32ef3b3;C:\Program Files\Java\jdk-17\bin\server

VM Arguments:
jvm_args: -XX:+ShowCodeDetailsInExceptionMessages -Dspring.jmx.enabled=true -Dmanagement.endpoints.jmx.exposure.include=* -Dspring.application.admin.enabled=true -Dspring.boot.project.name=veterinaria -Djava.rmi.server.hostname=localhost -Dcom.sun.management.jmxremote.port=45556 -Dcom.sun.management.jmxremote.authenticate=false -Dcom.sun.management.jmxremote.ssl=false 
java_command: com.veterinaria.spring.veterinaria.VeterinariaApplication
java_class_path (initial): D:\GitHubDesktop\VETERINARIA\target\classes;C:\Users\Canopus\.m2\repository\org\springframework\boot\spring-boot-starter-actuator\3.5.3\spring-boot-starter-actuator-3.5.3.jar;C:\Users\Canopus\.m2\repository\org\springframework\boot\spring-boot-starter\3.5.3\spring-boot-starter-3.5.3.jar;C:\Users\Canopus\.m2\repository\org\springframework\boot\spring-boot-starter-logging\3.5.3\spring-boot-starter-logging-3.5.3.jar;C:\Users\Canopus\.m2\repository\ch\qos\logback\logback-classic\1.5.18\logback-classic-1.5.18.jar;C:\Users\Canopus\.m2\repository\ch\qos\logback\logback-core\1.5.18\logback-core-1.5.18.jar;C:\Users\Canopus\.m2\repository\org\apache\logging\log4j\log4j-to-slf4j\2.24.3\log4j-to-slf4j-2.24.3.jar;C:\Users\Canopus\.m2\repository\org\apache\logging\log4j\log4j-api\2.24.3\log4j-api-2.24.3.jar;C:\Users\Canopus\.m2\repository\org\slf4j\jul-to-slf4j\2.0.17\jul-to-slf4j-2.0.17.jar;C:\Users\Canopus\.m2\repository\jakarta\annotation\jakarta.annotation-api\2.1.1\jakarta.annotation-api-2.1.1.jar;C:\Users\Canopus\.m2\repository\org\yaml\snakeyaml\2.4\snakeyaml-2.4.jar;C:\Users\Canopus\.m2\repository\org\springframework\boot\spring-boot-actuator-autoconfigure\3.5.3\spring-boot-actuator-autoconfigure-3.5.3.jar;C:\Users\Canopus\.m2\repository\org\springframework\boot\spring-boot-actuator\3.5.3\spring-boot-actuator-3.5.3.jar;C:\Users\Canopus\.m2\repository\com\fasterxml\jackson\core\jackson-databind\2.19.1\jackson-databind-2.19.1.jar;C:\Users\Canopus\.m2\repository\com\fasterxml\jackson\core\jackson-annotations\2.19.1\jackson-annotations-2.19.1.jar;C:\Users\Canopus\.m2\repository\com\fasterxml\jackson\core\jackson-core\2.19.1\jackson-core-2.19.1.jar;C:\Users\Canopus\.m2\repository\com\fasterxml\jackson\datatype\jackson-datatype-jsr310\2.19.1\jackson-datatype-jsr310-2.19.1.jar;C:\Users\Canopus\.m2\repository\io\micrometer\micrometer-observation\1.15.1\micrometer-observation-1.15.1.jar;C:\Users\Canopus\.m2\repository\io\micrometer\micrometer-commons\1
Launcher Type: SUN_STANDARD

[Global flags]
     intx CICompilerCount                          = 12                                        {product} {ergonomic}
     uint ConcGCThreads                            = 3                                         {product} {ergonomic}
     uint G1ConcRefinementThreads                  = 13                                        {product} {ergonomic}
   size_t G1HeapRegionSize                         = 2097152                                   {product} {ergonomic}
    uintx GCDrainStackTargetSize                   = 64                                        {product} {ergonomic}
   size_t InitialHeapSize                          = 232783872                                 {product} {ergonomic}
     bool ManagementServer                         = true                                      {product} {command line}
   size_t MarkStackSize                            = 4194304                                   {product} {ergonomic}
   size_t MaxHeapSize                              = 3722444800                                {product} {ergonomic}
   size_t MinHeapDeltaBytes                        = 2097152                                   {product} {ergonomic}
   size_t MinHeapSize                              = 8388608                                   {product} {ergonomic}
    uintx NonNMethodCodeHeapSize                   = 7602480                                {pd product} {ergonomic}
    uintx NonProfiledCodeHeapSize                  = 122027880                              {pd product} {ergonomic}
    uintx ProfiledCodeHeapSize                     = 122027880                              {pd product} {ergonomic}
    uintx ReservedCodeCacheSize                    = 251658240                              {pd product} {ergonomic}
     bool SegmentedCodeCache                       = true                                      {product} {ergonomic}
     bool ShowCodeDetailsInExceptionMessages       = true                                   {manageable} {command line}
   size_t SoftMaxHeapSize                          = 3722444800                             {manageable} {ergonomic}
     bool UseCompressedClassPointers               = true                           {product lp64_product} {ergonomic}
     bool UseCompressedOops                        = true                           {product lp64_product} {ergonomic}
     bool UseG1GC                                  = true                                      {product} {ergonomic}
     bool UseLargePagesIndividualAllocation        = false                                  {pd product} {ergonomic}

Logging:
Log output configuration:
 #0: stdout all=warning uptime,level,tags
 #1: stderr all=off uptime,level,tags

Environment Variables:
JAVA_HOME=C:\Program Files\Java\jdk-20
CLASSPATH=D:\LINGO64_21\Lingo21.jar
PATH=C:\Program Files\Common Files\Oracle\Java\javapath;D:\VMware Workstation Player\bin\;C:\Program Files (x86)\Common Files\Oracle\Java\javapath;C:\WINDOWS\system32;C:\WINDOWS;C:\WINDOWS\System32\Wbem;C:\WINDOWS\System32\WindowsPowerShell\v1.0\;C:\WINDOWS\System32\OpenSSH\;D:\Git\cmd;D:\Node.js®\;C:\Program Files\Java\jdk-20\bin;C:\Program Files\Calibre2\;C:\Program Files (x86)\Microsoft SQL Server\160\Tools\Binn\;C:\Program Files\Microsoft SQL Server\160\Tools\Binn\;C:\Program Files\Microsoft SQL Server\Client SDK\ODBC\170\Tools\Binn\;C:\Program Files\Microsoft SQL Server\160\DTS\Binn\;C:\Program Files\Azure Data Studio\bin;C:\Program Files (x86)\Microsoft SQL Server\160\DTS\Binn\;C:\xampp\php;D:\LINGO64_21\;C:\Program Files\Docker\Docker\resources\bin;C:\Users\Canopus\AppData\Local\Programs\Python\Python312\Scripts\;C:\Users\Canopus\AppData\Local\Programs\Python\Python312\;C:\Users\Canopus\AppData\Local\Microsoft\WindowsApps;D:\Visual Studio Code\bin;C:\Users\Canopus\AppData\Roaming\npm;C:\Program Files\Azure Data Studio\bin;C:\Users\Canopus\AppData\Roaming\Programs\Zero Install;C:\Users\Canopus\AppData\Local\Programs\cursor\resources\app\bin;C:\Users\Canopus\AppData\Local\GitHubDesktop\bin;C:\Users\Canopus\AppData\Local\Microsoft\WindowsApps;
USERNAME=Canopus
LANG=es_ES.UTF-8
OS=Windows_NT
PROCESSOR_IDENTIFIER=AMD64 Family 23 Model 104 Stepping 1, AuthenticAMD



---------------  S Y S T E M  ---------------

OS:
 Windows 11 , 64 bit Build 26100 (10.0.26100.4484)
OS uptime: 0 days 21:26 hours
Hyper-V role detected

CPU: total 16 (initial active 16) (16 cores per cpu, 2 threads per core) family 23 model 104 stepping 1 microcode 0x8608102, cx8, cmov, fxsr, ht, mmx, 3dnowpref, sse, sse2, sse3, ssse3, sse4a, sse4.1, sse4.2, popcnt, lzcnt, tsc, tscinvbit, avx, avx2, aes, clmul, bmi1, bmi2, adx, sha, fma, vzeroupper, clflush, clflushopt, hv

Memory: 4k page, system-wide physical 14197M (705M free)
TotalPageFile size 24197M (AvailPageFile size 41M)
current process WorkingSet (physical memory assigned to process): 12M, peak: 12M
current process commit charge ("private bytes"): 70M, peak: 292M

vm_info: Java HotSpot(TM) 64-Bit Server VM (17.0.11+7-LTS-207) for windows-amd64 JRE (17.0.11+7-LTS-207), built on Mar 11 2024 19:01:50 by "mach5one" with MS VC++ 17.6 (VS2022)

END.
