#
# There is insufficient memory for the Java Runtime Environment to continue.
# Native memory allocation (malloc) failed to allocate 1609776 bytes. Error detail: Chunk::new
# Possible reasons:
#   The system is out of physical RAM or swap space
#   This process is running with CompressedOops enabled, and the Java Heap may be blocking the growth of the native heap
# Possible solutions:
#   Reduce memory load on the system
#   Increase physical memory or swap space
#   Check if swap backing store is full
#   Decrease Java heap size (-Xmx/-Xms)
#   Decrease number of Java threads
#   Decrease Java thread stack sizes (-Xss)
#   Set larger code cache with -XX:ReservedCodeCacheSize=
#   JVM is running with Unscaled Compressed Oops mode in which the Java heap is
#     placed in the first 4GB address space. The Java Heap base address is the
#     maximum limit for the native heap growth. Please use -XX:HeapBaseMinAddress
#     to set the Java Heap base and to place the Java Heap above 4GB virtual address.
# This output file may be truncated or incomplete.
#
#  Out of Memory Error (arena.cpp:168), pid=25648, tid=15532
#
# JRE version: OpenJDK Runtime Environment Temurin-21.0.7+6 (21.0.7+6) (build 21.0.7+6-LTS)
# Java VM: OpenJDK 64-Bit Server VM Temurin-21.0.7+6 (21.0.7+6-LTS, mixed mode, sharing, tiered, compressed oops, compressed class ptrs, parallel gc, windows-amd64)
# No core dump will be written. Minidumps are not enabled by default on client versions of Windows
#

---------------  S U M M A R Y ------------

Command Line: --add-modules=ALL-SYSTEM --add-opens=java.base/java.util=ALL-UNNAMED --add-opens=java.base/java.lang=ALL-UNNAMED --add-opens=java.base/sun.nio.fs=ALL-UNNAMED -Declipse.application=org.eclipse.jdt.ls.core.id1 -Dosgi.bundles.defaultStartLevel=4 -Declipse.product=org.eclipse.jdt.ls.core.product -Djava.import.generatesMetadataFilesAtProjectRoot=false -DDetectVMInstallationsJob.disabled=true -Dfile.encoding=utf8 -XX:+UseParallelGC -XX:GCTimeRatio=4 -XX:AdaptiveSizePolicyWeight=90 -Dsun.zip.disableMemoryMapping=true -Xmx2G -Xms100m -Xlog:disable -javaagent:c:\Users\Canopus\.vscode\extensions\redhat.java-1.43.1-win32-x64\lombok\lombok-1.18.39-4050.jar -XX:+HeapDumpOnOutOfMemoryError -XX:HeapDumpPath=c:\Users\Canopus\AppData\Roaming\Code\User\workspaceStorage\04432dc5d6c8664d531cee8cb84fceb7\redhat.java -Daether.dependencyCollector.impl=bf c:\Users\Canopus\.vscode\extensions\redhat.java-1.43.1-win32-x64\server\plugins\org.eclipse.equinox.launcher_1.7.0.v20250519-0528.jar -configuration c:\Users\Canopus\AppData\Roaming\Code\User\globalStorage\redhat.java\1.43.1\config_win -data c:\Users\Canopus\AppData\Roaming\Code\User\workspaceStorage\04432dc5d6c8664d531cee8cb84fceb7\redhat.java\jdt_ws --pipe=\\.\pipe\lsp-cd7483f267db4dad022f19af1875f35d-sock

Host: AMD Ryzen 7 5700U with Radeon Graphics         , 16 cores, 13G,  Windows 11 , 64 bit Build 26100 (10.0.26100.4484)
Time: Fri Jul 25 18:26:17 2025 Hora estándar del Este (México) elapsed time: 1990.106518 seconds (0d 0h 33m 10s)

---------------  T H R E A D  ---------------

Current thread (0x000002341d537cd0):  JavaThread "C2 CompilerThread2" daemon [_thread_in_native, id=15532, stack(0x000000935b700000,0x000000935b800000) (1024K)]


Current CompileTask:
C2:1990106 16688       4       org.eclipse.jdt.internal.core.JavaProject$ModuleLookup::addTransitive (71 bytes)

Stack: [0x000000935b700000,0x000000935b800000]
Native frames: (J=compiled Java code, j=interpreted, Vv=VM code, C=native code)
V  [jvm.dll+0x6ce119]
V  [jvm.dll+0x8a84a1]
V  [jvm.dll+0x8aa9ce]
V  [jvm.dll+0x8ab0b3]
V  [jvm.dll+0x27f8a6]
V  [jvm.dll+0xc507d]
V  [jvm.dll+0xc55b3]
V  [jvm.dll+0x3b68f2]
V  [jvm.dll+0x382aa5]
V  [jvm.dll+0x381f0a]
V  [jvm.dll+0x247af0]
V  [jvm.dll+0x2470cf]
V  [jvm.dll+0x1c760e]
V  [jvm.dll+0x25695a]
V  [jvm.dll+0x254efa]
V  [jvm.dll+0x3f03f6]
V  [jvm.dll+0x851f6b]
V  [jvm.dll+0x6cc7dd]
C  [ucrtbase.dll+0x37b0]
C  [KERNEL32.DLL+0x2e8d7]
C  [ntdll.dll+0x3c34c]


---------------  P R O C E S S  ---------------

Threads class SMR info:
_java_thread_list=0x00000234122cd560, length=52, elements={
0x00000233afbe0030, 0x00000233afc83f60, 0x00000233afc86ef0, 0x00000233afc89420,
0x00000233afc8b220, 0x00000233afc8d3d0, 0x00000233afc91c40, 0x00000233afc9d4a0,
0x00000233afc9b640, 0x0000023408b2d2e0, 0x0000023408b2f3b0, 0x0000023408b2d970,
0x0000023408b2e000, 0x0000023408b2bf30, 0x0000023408b2e690, 0x0000023408b2c5c0,
0x0000023408b2cc50, 0x000002340f4308f0, 0x000002340f430f80, 0x000002340f42fbd0,
0x000002340f431610, 0x00000234126c62f0, 0x00000234126c48b0, 0x00000234126c3b90,
0x00000234126c55d0, 0x00000234126c4220, 0x00000234126c5c60, 0x00000234126c3500,
0x00000234126c4f40, 0x0000023412da04a0, 0x0000023412d9ea60, 0x0000023412d9d020,
0x0000023412d9f0f0, 0x0000023412da0b30, 0x0000023412d9fe10, 0x0000023412d9f780,
0x0000023412d9d6b0, 0x0000023412da11c0, 0x0000023412d9e3d0, 0x0000023412da2570,
0x0000023412da2c00, 0x000002341db6fcc0, 0x000002341db6a770, 0x000002341ea836c0,
0x000002341d537cd0, 0x000002341db6ae00, 0x000002341db6e910, 0x000002341db6b490,
0x000002341db70350, 0x000002341db709e0, 0x000002341db71700, 0x000002341db71070
}

Java Threads: ( => current thread )
  0x00000233afbe0030 JavaThread "main"                              [_thread_blocked, id=820, stack(0x000000935b800000,0x000000935b900000) (1024K)]
  0x00000233afc83f60 JavaThread "Reference Handler"          daemon [_thread_blocked, id=26844, stack(0x000000935bc00000,0x000000935bd00000) (1024K)]
  0x00000233afc86ef0 JavaThread "Finalizer"                  daemon [_thread_blocked, id=26404, stack(0x000000935bd00000,0x000000935be00000) (1024K)]
  0x00000233afc89420 JavaThread "Signal Dispatcher"          daemon [_thread_blocked, id=27092, stack(0x000000935be00000,0x000000935bf00000) (1024K)]
  0x00000233afc8b220 JavaThread "Attach Listener"            daemon [_thread_blocked, id=29352, stack(0x000000935bf00000,0x000000935c000000) (1024K)]
  0x00000233afc8d3d0 JavaThread "Service Thread"             daemon [_thread_blocked, id=25492, stack(0x000000935c000000,0x000000935c100000) (1024K)]
  0x00000233afc91c40 JavaThread "Monitor Deflation Thread"   daemon [_thread_blocked, id=14436, stack(0x000000935c100000,0x000000935c200000) (1024K)]
  0x00000233afc9d4a0 JavaThread "C2 CompilerThread0"         daemon [_thread_in_native, id=25768, stack(0x000000935c200000,0x000000935c300000) (1024K)]
  0x00000233afc9b640 JavaThread "C1 CompilerThread0"         daemon [_thread_blocked, id=26584, stack(0x000000935c300000,0x000000935c400000) (1024K)]
  0x0000023408b2d2e0 JavaThread "Common-Cleaner"             daemon [_thread_blocked, id=28492, stack(0x000000935c400000,0x000000935c500000) (1024K)]
  0x0000023408b2f3b0 JavaThread "Notification Thread"        daemon [_thread_blocked, id=20140, stack(0x000000935c700000,0x000000935c800000) (1024K)]
  0x0000023408b2d970 JavaThread "Active Thread: Equinox Container: f08871cd-3386-48e4-8632-5ede058af9c9"        [_thread_blocked, id=27704, stack(0x000000935ca00000,0x000000935cb00000) (1024K)]
  0x0000023408b2e000 JavaThread "Refresh Thread: Equinox Container: f08871cd-3386-48e4-8632-5ede058af9c9" daemon [_thread_blocked, id=25004, stack(0x000000935c600000,0x000000935c700000) (1024K)]
  0x0000023408b2bf30 JavaThread "Framework Event Dispatcher: Equinox Container: f08871cd-3386-48e4-8632-5ede058af9c9" daemon [_thread_blocked, id=11304, stack(0x000000935c800000,0x000000935c900000) (1024K)]
  0x0000023408b2e690 JavaThread "Start Level: Equinox Container: f08871cd-3386-48e4-8632-5ede058af9c9" daemon [_thread_blocked, id=29208, stack(0x000000935c900000,0x000000935ca00000) (1024K)]
  0x0000023408b2c5c0 JavaThread "Bundle File Closer"         daemon [_thread_blocked, id=25452, stack(0x000000935d600000,0x000000935d700000) (1024K)]
  0x0000023408b2cc50 JavaThread "SCR Component Actor"        daemon [_thread_blocked, id=21388, stack(0x000000935c500000,0x000000935c600000) (1024K)]
  0x000002340f4308f0 JavaThread "Worker-JM"                         [_thread_blocked, id=24588, stack(0x000000935dc00000,0x000000935dd00000) (1024K)]
  0x000002340f430f80 JavaThread "JNA Cleaner"                daemon [_thread_blocked, id=28484, stack(0x000000935de00000,0x000000935df00000) (1024K)]
  0x000002340f42fbd0 JavaThread "Worker-0"                          [_thread_blocked, id=14008, stack(0x000000935df00000,0x000000935e000000) (1024K)]
  0x000002340f431610 JavaThread "Java indexing"              daemon [_thread_blocked, id=19484, stack(0x000000935e200000,0x000000935e300000) (1024K)]
  0x00000234126c62f0 JavaThread "Thread-2"                   daemon [_thread_in_native, id=5376, stack(0x000000935ea00000,0x000000935eb00000) (1024K)]
  0x00000234126c48b0 JavaThread "Thread-3"                   daemon [_thread_in_native, id=24464, stack(0x000000935eb00000,0x000000935ec00000) (1024K)]
  0x00000234126c3b90 JavaThread "Thread-4"                   daemon [_thread_in_native, id=13128, stack(0x000000935ec00000,0x000000935ed00000) (1024K)]
  0x00000234126c55d0 JavaThread "Thread-5"                   daemon [_thread_in_native, id=7800, stack(0x000000935ed00000,0x000000935ee00000) (1024K)]
  0x00000234126c4220 JavaThread "Thread-6"                   daemon [_thread_in_native, id=16032, stack(0x000000935ee00000,0x000000935ef00000) (1024K)]
  0x00000234126c5c60 JavaThread "Thread-7"                   daemon [_thread_in_native, id=18504, stack(0x000000935ef00000,0x000000935f000000) (1024K)]
  0x00000234126c3500 JavaThread "Thread-8"                   daemon [_thread_in_native, id=14596, stack(0x000000935f000000,0x000000935f100000) (1024K)]
  0x00000234126c4f40 JavaThread "Thread-9"                   daemon [_thread_in_native, id=15172, stack(0x000000935f100000,0x000000935f200000) (1024K)]
  0x0000023412da04a0 JavaThread "Thread-10"                  daemon [_thread_in_native, id=28028, stack(0x000000935f200000,0x000000935f300000) (1024K)]
  0x0000023412d9ea60 JavaThread "Thread-11"                  daemon [_thread_in_native, id=22040, stack(0x000000935f300000,0x000000935f400000) (1024K)]
  0x0000023412d9d020 JavaThread "Thread-12"                  daemon [_thread_in_native, id=28340, stack(0x000000935f400000,0x000000935f500000) (1024K)]
  0x0000023412d9f0f0 JavaThread "Thread-13"                  daemon [_thread_in_native, id=12296, stack(0x000000935f500000,0x000000935f600000) (1024K)]
  0x0000023412da0b30 JavaThread "Thread-14"                  daemon [_thread_in_native, id=9936, stack(0x000000935f600000,0x000000935f700000) (1024K)]
  0x0000023412d9fe10 JavaThread "Thread-15"                  daemon [_thread_in_native, id=16724, stack(0x000000935f700000,0x000000935f800000) (1024K)]
  0x0000023412d9f780 JavaThread "Thread-16"                  daemon [_thread_in_native, id=26068, stack(0x000000935f800000,0x000000935f900000) (1024K)]
  0x0000023412d9d6b0 JavaThread "Thread-17"                  daemon [_thread_in_native, id=27580, stack(0x000000935f900000,0x000000935fa00000) (1024K)]
  0x0000023412da11c0 JavaThread "Thread-18"                  daemon [_thread_in_native, id=3780, stack(0x000000935fa00000,0x000000935fb00000) (1024K)]
  0x0000023412d9e3d0 JavaThread "pool-2-thread-1"                   [_thread_blocked, id=6900, stack(0x000000935fc00000,0x000000935fd00000) (1024K)]
  0x0000023412da2570 JavaThread "WorkspaceEventsHandler"            [_thread_blocked, id=10860, stack(0x0000009360200000,0x0000009360300000) (1024K)]
  0x0000023412da2c00 JavaThread "pool-1-thread-1"                   [_thread_blocked, id=13084, stack(0x0000009360300000,0x0000009360400000) (1024K)]
  0x000002341db6fcc0 JavaThread "Worker-7: Synchronizing projects"        [_thread_in_Java, id=11328, stack(0x000000935e000000,0x000000935e100000) (1024K)]
  0x000002341db6a770 JavaThread "Worker-8: Classpath Update Job"        [_thread_blocked, id=29084, stack(0x000000935b500000,0x000000935b600000) (1024K)]
  0x000002341ea836c0 JavaThread "C2 CompilerThread1"         daemon [_thread_in_native, id=14892, stack(0x000000935b600000,0x000000935b700000) (1024K)]
=>0x000002341d537cd0 JavaThread "C2 CompilerThread2"         daemon [_thread_in_native, id=15532, stack(0x000000935b700000,0x000000935b800000) (1024K)]
  0x000002341db6ae00 JavaThread "Worker-9"                          [_thread_blocked, id=21364, stack(0x000000935d500000,0x000000935d600000) (1024K)]
  0x000002341db6e910 JavaThread "Worker-10"                         [_thread_blocked, id=8576, stack(0x000000935d700000,0x000000935d800000) (1024K)]
  0x000002341db6b490 JavaThread "Worker-11"                         [_thread_blocked, id=14940, stack(0x000000935d900000,0x000000935da00000) (1024K)]
  0x000002341db70350 JavaThread "Worker-12"                         [_thread_blocked, id=18596, stack(0x000000935e100000,0x000000935e200000) (1024K)]
  0x000002341db709e0 JavaThread "ForkJoinPool.commonPool-worker-16" daemon [_thread_blocked, id=12220, stack(0x000000935e300000,0x000000935e400000) (1024K)]
  0x000002341db71700 JavaThread "ForkJoinPool.commonPool-worker-17" daemon [_thread_blocked, id=19476, stack(0x000000935e400000,0x000000935e500000) (1024K)]
  0x000002341db71070 JavaThread "ForkJoinPool.commonPool-worker-18" daemon [_thread_in_native, id=20336, stack(0x000000935e500000,0x000000935e600000) (1024K)]
Total: 52

Other Threads:
  0x00000233afc83750 VMThread "VM Thread"                           [id=20220, stack(0x000000935bb00000,0x000000935bc00000) (1024K)]
  0x00000233afa6ba00 WatcherThread "VM Periodic Task Thread"        [id=26676, stack(0x000000935ba00000,0x000000935bb00000) (1024K)]
  0x00000233afc00760 WorkerThread "GC Thread#0"                     [id=21824, stack(0x000000935b900000,0x000000935ba00000) (1024K)]
  0x000002340aaaa0f0 WorkerThread "GC Thread#1"                     [id=27892, stack(0x000000935cb00000,0x000000935cc00000) (1024K)]
  0x000002340a82f2d0 WorkerThread "GC Thread#2"                     [id=28224, stack(0x000000935cc00000,0x000000935cd00000) (1024K)]
  0x000002340a82fa80 WorkerThread "GC Thread#3"                     [id=17372, stack(0x000000935cd00000,0x000000935ce00000) (1024K)]
  0x000002340a830030 WorkerThread "GC Thread#4"                     [id=26964, stack(0x000000935ce00000,0x000000935cf00000) (1024K)]
  0x000002340a5b5180 WorkerThread "GC Thread#5"                     [id=14644, stack(0x000000935cf00000,0x000000935d000000) (1024K)]
  0x000002340a5b4a40 WorkerThread "GC Thread#6"                     [id=4396, stack(0x000000935d000000,0x000000935d100000) (1024K)]
  0x000002340a5b3f60 WorkerThread "GC Thread#7"                     [id=6780, stack(0x000000935d100000,0x000000935d200000) (1024K)]
  0x000002340a5b4de0 WorkerThread "GC Thread#8"                     [id=27656, stack(0x000000935d200000,0x000000935d300000) (1024K)]
  0x000002340a5b4300 WorkerThread "GC Thread#9"                     [id=26560, stack(0x000000935d300000,0x000000935d400000) (1024K)]
  0x000002340a5b58c0 WorkerThread "GC Thread#10"                    [id=28872, stack(0x000000935d400000,0x000000935d500000) (1024K)]
  0x0000023408aa4310 WorkerThread "GC Thread#11"                    [id=16136, stack(0x000000935d800000,0x000000935d900000) (1024K)]
  0x0000023408aa46b0 WorkerThread "GC Thread#12"                    [id=28376, stack(0x000000935dd00000,0x000000935de00000) (1024K)]
Total: 15

Threads with active compile tasks:
C2 CompilerThread0  1990949 16698       4       org.eclipse.jdt.internal.compiler.parser.Scanner::internalScanIdentifierOrKeyword (5041 bytes)
C2 CompilerThread1  1990949 16693 % !   4       org.eclipse.jdt.internal.core.JarPackageFragmentRoot::computeChildren @ 143 (605 bytes)
C2 CompilerThread2  1990949 16688       4       org.eclipse.jdt.internal.core.JavaProject$ModuleLookup::addTransitive (71 bytes)
Total: 3

VM state: not at safepoint (normal execution)

VM Mutex/Monitor currently owned by a thread: None

Heap address: 0x0000000080000000, size: 2048 MB, Compressed Oops mode: 32-bit

CDS archive(s) mapped at: [0x00000233c7000000-0x00000233c7ba0000-0x00000233c7ba0000), size 12189696, SharedBaseAddress: 0x00000233c7000000, ArchiveRelocationMode: 1.
Compressed class space mapped at: 0x00000233c8000000-0x0000023408000000, reserved size: 1073741824
Narrow klass base: 0x00000233c7000000, Narrow klass shift: 0, Narrow klass range: 0x100000000

GC Precious Log:
 CardTable entry size: 512
 CPUs: 16 total, 16 available
 Memory: 14197M
 Large Page Support: Disabled
 NUMA Support: Disabled
 Compressed Oops: Enabled (32-bit)
 Alignments: Space 512K, Generation 512K, Heap 2M
 Heap Min Capacity: 100M
 Heap Initial Capacity: 100M
 Heap Max Capacity: 2G
 Pre-touch: Disabled
 Parallel Workers: 13

Heap:
 PSYoungGen      total 7680K, used 7655K [0x00000000d5580000, 0x00000000d5e80000, 0x0000000100000000)
  eden space 7168K, 100% used [0x00000000d5580000,0x00000000d5c80000,0x00000000d5c80000)
  from space 512K, 95% used [0x00000000d5d80000,0x00000000d5df9ca8,0x00000000d5e00000)
  to   space 512K, 0% used [0x00000000d5e00000,0x00000000d5e00000,0x00000000d5e80000)
 ParOldGen       total 986624K, used 986493K [0x0000000080000000, 0x00000000bc380000, 0x00000000d5580000)
  object space 986624K, 99% used [0x0000000080000000,0x00000000bc35f758,0x00000000bc380000)
 Metaspace       used 75373K, committed 76992K, reserved 1179648K
  class space    used 7789K, committed 8448K, reserved 1048576K

Card table byte_map: [0x00000233af580000,0x00000233af990000] _byte_map_base: 0x00000233af180000

Marking Bits: (ParMarkBitMap*) 0x00007ffbe95231f0
 Begin Bits: [0x00000233c2080000, 0x00000233c4080000)
 End Bits:   [0x00000233c4080000, 0x00000233c6080000)

Polling page: 0x00000233ad980000

Metaspace:

Usage:
  Non-class:     66.00 MB used.
      Class:      7.61 MB used.
       Both:     73.61 MB used.

Virtual space:
  Non-class space:      128.00 MB reserved,      66.94 MB ( 52%) committed,  2 nodes.
      Class space:        1.00 GB reserved,       8.25 MB ( <1%) committed,  1 nodes.
             Both:        1.12 GB reserved,      75.19 MB (  7%) committed. 

Chunk freelists:
   Non-Class:  12.23 MB
       Class:  7.75 MB
        Both:  19.99 MB

MaxMetaspaceSize: unlimited
CompressedClassSpaceSize: 1.00 GB
Initial GC threshold: 21.00 MB
Current GC threshold: 97.31 MB
CDS: on
 - commit_granule_bytes: 65536.
 - commit_granule_words: 8192.
 - virtual_space_node_default_size: 8388608.
 - enlarge_chunks_in_place: 1.
 - use_allocation_guard: 0.


Internal statistics:

num_allocs_failed_limit: 9.
num_arena_births: 1376.
num_arena_deaths: 14.
num_vsnodes_births: 3.
num_vsnodes_deaths: 0.
num_space_committed: 1203.
num_space_uncommitted: 0.
num_chunks_returned_to_freelist: 23.
num_chunks_taken_from_freelist: 4801.
num_chunk_merges: 7.
num_chunk_splits: 2931.
num_chunks_enlarged: 1643.
num_inconsistent_stats: 0.

CodeHeap 'non-profiled nmethods': size=119168Kb used=14535Kb max_used=14535Kb free=104632Kb
 bounds [0x00000233ba970000, 0x00000233bb7b0000, 0x00000233c1dd0000]
CodeHeap 'profiled nmethods': size=119104Kb used=38346Kb max_used=38346Kb free=80757Kb
 bounds [0x00000233b2dd0000, 0x00000233b5350000, 0x00000233ba220000]
CodeHeap 'non-nmethods': size=7488Kb used=1503Kb max_used=3277Kb free=5984Kb
 bounds [0x00000233ba220000, 0x00000233ba560000, 0x00000233ba970000]
 total_blobs=16679 nmethods=15859 adapters=725
 compilation: enabled
              stopped_count=0, restarted_count=0
 full_count=0

Compilation events (20 events):
Event: 1988.572 Thread 0x000002341ea836c0 nmethod 16660 0x00000233bb780c10 code [0x00000233bb780de0, 0x00000233bb781430]
Event: 1988.573 Thread 0x000002341ea836c0 16686   !   4       org.eclipse.jdt.internal.core.Openable::exists (119 bytes)
Event: 1988.642 Thread 0x000002340a41d460 16694       3       org.eclipse.m2e.core.internal.MavenPluginActivator::getService (38 bytes)
Event: 1988.643 Thread 0x000002340a41d460 nmethod 16694 0x00000233b533ff10 code [0x00000233b5340180, 0x00000233b5340c90]
Event: 1988.653 Thread 0x000002341d537cd0 nmethod 16606% 0x00000233bb781910 code [0x00000233bb781d00, 0x00000233bb784c30]
Event: 1988.656 Thread 0x000002341d537cd0 16688       4       org.eclipse.jdt.internal.core.JavaProject$ModuleLookup::addTransitive (71 bytes)
Event: 1988.687 Thread 0x000002340a41d460 16695       3       org.eclipse.core.runtime.Path::equals (127 bytes)
Event: 1988.687 Thread 0x000002340a41d460 nmethod 16695 0x00000233b5341010 code [0x00000233b5341240, 0x00000233b53419b8]
Event: 1988.715 Thread 0x000002341ea836c0 nmethod 16686 0x00000233bb786010 code [0x00000233bb7865a0, 0x00000233bb788fb8]
Event: 1988.715 Thread 0x000002341ea836c0 16693 % !   4       org.eclipse.jdt.internal.core.JarPackageFragmentRoot::computeChildren @ 143 (605 bytes)
Event: 1988.801 Thread 0x00000233afc9d4a0 nmethod 16600% 0x00000233bb78ab10 code [0x00000233bb78b380, 0x00000233bb7938f8]
Event: 1988.802 Thread 0x00000233afc9d4a0 16648       4       org.eclipse.jdt.internal.compiler.util.ObjectVector::add (61 bytes)
Event: 1988.804 Thread 0x00000233afc9d4a0 nmethod 16648 0x00000233bb797c90 code [0x00000233bb797e40, 0x00000233bb798188]
Event: 1988.804 Thread 0x00000233afc9d4a0 16630   !   4       org.eclipse.jdt.internal.core.JavaProject::hasJavaNature (38 bytes)
Event: 1988.811 Thread 0x00000233afc9d4a0 nmethod 16630 0x00000233bb798310 code [0x00000233bb798540, 0x00000233bb798c78]
Event: 1988.811 Thread 0x00000233afc9d4a0 16641       4       org.eclipse.jdt.internal.core.JavaProject::getEclipsePreferences (178 bytes)
Event: 1988.830 Thread 0x00000233afc9d4a0 nmethod 16641 0x00000233bb799390 code [0x00000233bb799620, 0x00000233bb79a568]
Event: 1988.830 Thread 0x00000233afc9d4a0 16636   !   4       org.eclipse.jdt.internal.core.JavaProject::getOption (43 bytes)
Event: 1988.880 Thread 0x00000233afc9d4a0 nmethod 16636 0x00000233bb79b210 code [0x00000233bb79b600, 0x00000233bb79d778]
Event: 1988.881 Thread 0x00000233afc9d4a0 16642       4       org.eclipse.jdt.internal.core.JavaModelManager::getOption (159 bytes)

GC Heap History (20 events):
Event: 1988.770 GC heap before
{Heap before GC invocations=1526 (full 3):
 PSYoungGen      total 6144K, used 6048K [0x00000000d5580000, 0x00000000d5c00000, 0x0000000100000000)
  eden space 5632K, 100% used [0x00000000d5580000,0x00000000d5b00000,0x00000000d5b00000)
  from space 512K, 81% used [0x00000000d5b80000,0x00000000d5be8000,0x00000000d5c00000)
  to   space 512K, 0% used [0x00000000d5b00000,0x00000000d5b00000,0x00000000d5b80000)
 ParOldGen       total 983040K, used 982823K [0x0000000080000000, 0x00000000bc000000, 0x00000000d5580000)
  object space 983040K, 99% used [0x0000000080000000,0x00000000bbfc9e38,0x00000000bc000000)
 Metaspace       used 75348K, committed 76928K, reserved 1179648K
  class space    used 7788K, committed 8448K, reserved 1048576K
}
Event: 1988.772 GC heap after
{Heap after GC invocations=1526 (full 3):
 PSYoungGen      total 6144K, used 352K [0x00000000d5580000, 0x00000000d5d80000, 0x0000000100000000)
  eden space 5632K, 0% used [0x00000000d5580000,0x00000000d5580000,0x00000000d5b00000)
  from space 512K, 68% used [0x00000000d5b00000,0x00000000d5b58000,0x00000000d5b80000)
  to   space 512K, 0% used [0x00000000d5d00000,0x00000000d5d00000,0x00000000d5d80000)
 ParOldGen       total 983040K, used 982975K [0x0000000080000000, 0x00000000bc000000, 0x00000000d5580000)
  object space 983040K, 99% used [0x0000000080000000,0x00000000bbfefe38,0x00000000bc000000)
 Metaspace       used 75348K, committed 76928K, reserved 1179648K
  class space    used 7788K, committed 8448K, reserved 1048576K
}
Event: 1988.780 GC heap before
{Heap before GC invocations=1527 (full 3):
 PSYoungGen      total 6144K, used 5984K [0x00000000d5580000, 0x00000000d5d80000, 0x0000000100000000)
  eden space 5632K, 100% used [0x00000000d5580000,0x00000000d5b00000,0x00000000d5b00000)
  from space 512K, 68% used [0x00000000d5b00000,0x00000000d5b58000,0x00000000d5b80000)
  to   space 512K, 0% used [0x00000000d5d00000,0x00000000d5d00000,0x00000000d5d80000)
 ParOldGen       total 983040K, used 982975K [0x0000000080000000, 0x00000000bc000000, 0x00000000d5580000)
  object space 983040K, 99% used [0x0000000080000000,0x00000000bbfefe38,0x00000000bc000000)
 Metaspace       used 75348K, committed 76928K, reserved 1179648K
  class space    used 7788K, committed 8448K, reserved 1048576K
}
Event: 1988.782 GC heap after
{Heap after GC invocations=1527 (full 3):
 PSYoungGen      total 7680K, used 352K [0x00000000d5580000, 0x00000000d5d80000, 0x0000000100000000)
  eden space 7168K, 0% used [0x00000000d5580000,0x00000000d5580000,0x00000000d5c80000)
  from space 512K, 68% used [0x00000000d5d00000,0x00000000d5d58000,0x00000000d5d80000)
  to   space 512K, 0% used [0x00000000d5c80000,0x00000000d5c80000,0x00000000d5d00000)
 ParOldGen       total 983552K, used 983127K [0x0000000080000000, 0x00000000bc080000, 0x00000000d5580000)
  object space 983552K, 99% used [0x0000000080000000,0x00000000bc015e38,0x00000000bc080000)
 Metaspace       used 75348K, committed 76928K, reserved 1179648K
  class space    used 7788K, committed 8448K, reserved 1048576K
}
Event: 1988.791 GC heap before
{Heap before GC invocations=1528 (full 3):
 PSYoungGen      total 7680K, used 7520K [0x00000000d5580000, 0x00000000d5d80000, 0x0000000100000000)
  eden space 7168K, 100% used [0x00000000d5580000,0x00000000d5c80000,0x00000000d5c80000)
  from space 512K, 68% used [0x00000000d5d00000,0x00000000d5d58000,0x00000000d5d80000)
  to   space 512K, 0% used [0x00000000d5c80000,0x00000000d5c80000,0x00000000d5d00000)
 ParOldGen       total 983552K, used 983127K [0x0000000080000000, 0x00000000bc080000, 0x00000000d5580000)
  object space 983552K, 99% used [0x0000000080000000,0x00000000bc015e38,0x00000000bc080000)
 Metaspace       used 75348K, committed 76928K, reserved 1179648K
  class space    used 7788K, committed 8448K, reserved 1048576K
}
Event: 1988.793 GC heap after
{Heap after GC invocations=1528 (full 3):
 PSYoungGen      total 7680K, used 416K [0x00000000d5580000, 0x00000000d5f00000, 0x0000000100000000)
  eden space 7168K, 0% used [0x00000000d5580000,0x00000000d5580000,0x00000000d5c80000)
  from space 512K, 81% used [0x00000000d5c80000,0x00000000d5ce8000,0x00000000d5d00000)
  to   space 512K, 0% used [0x00000000d5e80000,0x00000000d5e80000,0x00000000d5f00000)
 ParOldGen       total 983552K, used 983287K [0x0000000080000000, 0x00000000bc080000, 0x00000000d5580000)
  object space 983552K, 99% used [0x0000000080000000,0x00000000bc03de38,0x00000000bc080000)
 Metaspace       used 75348K, committed 76928K, reserved 1179648K
  class space    used 7788K, committed 8448K, reserved 1048576K
}
Event: 1988.818 GC heap before
{Heap before GC invocations=1529 (full 3):
 PSYoungGen      total 7680K, used 7584K [0x00000000d5580000, 0x00000000d5f00000, 0x0000000100000000)
  eden space 7168K, 100% used [0x00000000d5580000,0x00000000d5c80000,0x00000000d5c80000)
  from space 512K, 81% used [0x00000000d5c80000,0x00000000d5ce8000,0x00000000d5d00000)
  to   space 512K, 0% used [0x00000000d5e80000,0x00000000d5e80000,0x00000000d5f00000)
 ParOldGen       total 983552K, used 983287K [0x0000000080000000, 0x00000000bc080000, 0x00000000d5580000)
  object space 983552K, 99% used [0x0000000080000000,0x00000000bc03de38,0x00000000bc080000)
 Metaspace       used 75348K, committed 76928K, reserved 1179648K
  class space    used 7788K, committed 8448K, reserved 1048576K
}
Event: 1988.820 GC heap after
{Heap after GC invocations=1529 (full 3):
 PSYoungGen      total 7680K, used 487K [0x00000000d5580000, 0x00000000d6080000, 0x0000000100000000)
  eden space 7168K, 0% used [0x00000000d5580000,0x00000000d5580000,0x00000000d5c80000)
  from space 512K, 95% used [0x00000000d5e80000,0x00000000d5ef9c68,0x00000000d5f00000)
  to   space 2048K, 0% used [0x00000000d5c80000,0x00000000d5c80000,0x00000000d5e80000)
 ParOldGen       total 984576K, used 984263K [0x0000000080000000, 0x00000000bc180000, 0x00000000d5580000)
  object space 984576K, 99% used [0x0000000080000000,0x00000000bc131f40,0x00000000bc180000)
 Metaspace       used 75348K, committed 76928K, reserved 1179648K
  class space    used 7788K, committed 8448K, reserved 1048576K
}
Event: 1988.827 GC heap before
{Heap before GC invocations=1530 (full 3):
 PSYoungGen      total 7680K, used 7655K [0x00000000d5580000, 0x00000000d6080000, 0x0000000100000000)
  eden space 7168K, 100% used [0x00000000d5580000,0x00000000d5c80000,0x00000000d5c80000)
  from space 512K, 95% used [0x00000000d5e80000,0x00000000d5ef9c68,0x00000000d5f00000)
  to   space 2048K, 0% used [0x00000000d5c80000,0x00000000d5c80000,0x00000000d5e80000)
 ParOldGen       total 984576K, used 984263K [0x0000000080000000, 0x00000000bc180000, 0x00000000d5580000)
  object space 984576K, 99% used [0x0000000080000000,0x00000000bc131f40,0x00000000bc180000)
 Metaspace       used 75348K, committed 76928K, reserved 1179648K
  class space    used 7788K, committed 8448K, reserved 1048576K
}
Event: 1988.830 GC heap after
{Heap after GC invocations=1530 (full 3):
 PSYoungGen      total 8192K, used 672K [0x00000000d5580000, 0x00000000d5f00000, 0x0000000100000000)
  eden space 7168K, 0% used [0x00000000d5580000,0x00000000d5580000,0x00000000d5c80000)
  from space 1024K, 65% used [0x00000000d5c80000,0x00000000d5d28000,0x00000000d5d80000)
  to   space 1024K, 0% used [0x00000000d5e00000,0x00000000d5e00000,0x00000000d5f00000)
 ParOldGen       total 984576K, used 984544K [0x0000000080000000, 0x00000000bc180000, 0x00000000d5580000)
  object space 984576K, 99% used [0x0000000080000000,0x00000000bc1783d0,0x00000000bc180000)
 Metaspace       used 75348K, committed 76928K, reserved 1179648K
  class space    used 7788K, committed 8448K, reserved 1048576K
}
Event: 1988.839 GC heap before
{Heap before GC invocations=1531 (full 3):
 PSYoungGen      total 8192K, used 7840K [0x00000000d5580000, 0x00000000d5f00000, 0x0000000100000000)
  eden space 7168K, 100% used [0x00000000d5580000,0x00000000d5c80000,0x00000000d5c80000)
  from space 1024K, 65% used [0x00000000d5c80000,0x00000000d5d28000,0x00000000d5d80000)
  to   space 1024K, 0% used [0x00000000d5e00000,0x00000000d5e00000,0x00000000d5f00000)
 ParOldGen       total 984576K, used 984544K [0x0000000080000000, 0x00000000bc180000, 0x00000000d5580000)
  object space 984576K, 99% used [0x0000000080000000,0x00000000bc1783d0,0x00000000bc180000)
 Metaspace       used 75348K, committed 76928K, reserved 1179648K
  class space    used 7788K, committed 8448K, reserved 1048576K
}
Event: 1988.841 GC heap after
{Heap after GC invocations=1531 (full 3):
 PSYoungGen      total 8192K, used 544K [0x00000000d5580000, 0x00000000d5f00000, 0x0000000100000000)
  eden space 7168K, 0% used [0x00000000d5580000,0x00000000d5580000,0x00000000d5c80000)
  from space 1024K, 53% used [0x00000000d5e00000,0x00000000d5e88000,0x00000000d5f00000)
  to   space 1024K, 0% used [0x00000000d5c80000,0x00000000d5c80000,0x00000000d5d80000)
 ParOldGen       total 985088K, used 985016K [0x0000000080000000, 0x00000000bc200000, 0x00000000d5580000)
  object space 985088K, 99% used [0x0000000080000000,0x00000000bc1ee3e0,0x00000000bc200000)
 Metaspace       used 75348K, committed 76928K, reserved 1179648K
  class space    used 7788K, committed 8448K, reserved 1048576K
}
Event: 1988.848 GC heap before
{Heap before GC invocations=1532 (full 3):
 PSYoungGen      total 8192K, used 7712K [0x00000000d5580000, 0x00000000d5f00000, 0x0000000100000000)
  eden space 7168K, 100% used [0x00000000d5580000,0x00000000d5c80000,0x00000000d5c80000)
  from space 1024K, 53% used [0x00000000d5e00000,0x00000000d5e88000,0x00000000d5f00000)
  to   space 1024K, 0% used [0x00000000d5c80000,0x00000000d5c80000,0x00000000d5d80000)
 ParOldGen       total 985088K, used 985016K [0x0000000080000000, 0x00000000bc200000, 0x00000000d5580000)
  object space 985088K, 99% used [0x0000000080000000,0x00000000bc1ee3e0,0x00000000bc200000)
 Metaspace       used 75348K, committed 76928K, reserved 1179648K
  class space    used 7788K, committed 8448K, reserved 1048576K
}
Event: 1988.851 GC heap after
{Heap after GC invocations=1532 (full 3):
 PSYoungGen      total 8192K, used 448K [0x00000000d5580000, 0x00000000d5e80000, 0x0000000100000000)
  eden space 7168K, 0% used [0x00000000d5580000,0x00000000d5580000,0x00000000d5c80000)
  from space 1024K, 43% used [0x00000000d5c80000,0x00000000d5cf0000,0x00000000d5d80000)
  to   space 512K, 0% used [0x00000000d5e00000,0x00000000d5e00000,0x00000000d5e80000)
 ParOldGen       total 985600K, used 985464K [0x0000000080000000, 0x00000000bc280000, 0x00000000d5580000)
  object space 985600K, 99% used [0x0000000080000000,0x00000000bc25e3e0,0x00000000bc280000)
 Metaspace       used 75348K, committed 76928K, reserved 1179648K
  class space    used 7788K, committed 8448K, reserved 1048576K
}
Event: 1988.859 GC heap before
{Heap before GC invocations=1533 (full 3):
 PSYoungGen      total 8192K, used 7616K [0x00000000d5580000, 0x00000000d5e80000, 0x0000000100000000)
  eden space 7168K, 100% used [0x00000000d5580000,0x00000000d5c80000,0x00000000d5c80000)
  from space 1024K, 43% used [0x00000000d5c80000,0x00000000d5cf0000,0x00000000d5d80000)
  to   space 512K, 0% used [0x00000000d5e00000,0x00000000d5e00000,0x00000000d5e80000)
 ParOldGen       total 985600K, used 985464K [0x0000000080000000, 0x00000000bc280000, 0x00000000d5580000)
  object space 985600K, 99% used [0x0000000080000000,0x00000000bc25e3e0,0x00000000bc280000)
 Metaspace       used 75348K, committed 76928K, reserved 1179648K
  class space    used 7788K, committed 8448K, reserved 1048576K
}
Event: 1988.861 GC heap after
{Heap after GC invocations=1533 (full 3):
 PSYoungGen      total 7680K, used 416K [0x00000000d5580000, 0x00000000d5e80000, 0x0000000100000000)
  eden space 7168K, 0% used [0x00000000d5580000,0x00000000d5580000,0x00000000d5c80000)
  from space 512K, 81% used [0x00000000d5e00000,0x00000000d5e68000,0x00000000d5e80000)
  to   space 512K, 0% used [0x00000000d5d80000,0x00000000d5d80000,0x00000000d5e00000)
 ParOldGen       total 986112K, used 985669K [0x0000000080000000, 0x00000000bc300000, 0x00000000d5580000)
  object space 986112K, 99% used [0x0000000080000000,0x00000000bc291738,0x00000000bc300000)
 Metaspace       used 75348K, committed 76928K, reserved 1179648K
  class space    used 7788K, committed 8448K, reserved 1048576K
}
Event: 1988.887 GC heap before
{Heap before GC invocations=1534 (full 3):
 PSYoungGen      total 7680K, used 7584K [0x00000000d5580000, 0x00000000d5e80000, 0x0000000100000000)
  eden space 7168K, 100% used [0x00000000d5580000,0x00000000d5c80000,0x00000000d5c80000)
  from space 512K, 81% used [0x00000000d5e00000,0x00000000d5e68000,0x00000000d5e80000)
  to   space 512K, 0% used [0x00000000d5d80000,0x00000000d5d80000,0x00000000d5e00000)
 ParOldGen       total 986112K, used 985669K [0x0000000080000000, 0x00000000bc300000, 0x00000000d5580000)
  object space 986112K, 99% used [0x0000000080000000,0x00000000bc291738,0x00000000bc300000)
 Metaspace       used 75348K, committed 76928K, reserved 1179648K
  class space    used 7788K, committed 8448K, reserved 1048576K
}
Event: 1988.889 GC heap after
{Heap after GC invocations=1534 (full 3):
 PSYoungGen      total 7680K, used 416K [0x00000000d5580000, 0x00000000d5e80000, 0x0000000100000000)
  eden space 7168K, 0% used [0x00000000d5580000,0x00000000d5580000,0x00000000d5c80000)
  from space 512K, 81% used [0x00000000d5d80000,0x00000000d5de8000,0x00000000d5e00000)
  to   space 512K, 0% used [0x00000000d5e00000,0x00000000d5e00000,0x00000000d5e80000)
 ParOldGen       total 986112K, used 985853K [0x0000000080000000, 0x00000000bc300000, 0x00000000d5580000)
  object space 986112K, 99% used [0x0000000080000000,0x00000000bc2bf738,0x00000000bc300000)
 Metaspace       used 75348K, committed 76928K, reserved 1179648K
  class space    used 7788K, committed 8448K, reserved 1048576K
}
Event: 1988.903 GC heap before
{Heap before GC invocations=1535 (full 3):
 PSYoungGen      total 7680K, used 7584K [0x00000000d5580000, 0x00000000d5e80000, 0x0000000100000000)
  eden space 7168K, 100% used [0x00000000d5580000,0x00000000d5c80000,0x00000000d5c80000)
  from space 512K, 81% used [0x00000000d5d80000,0x00000000d5de8000,0x00000000d5e00000)
  to   space 512K, 0% used [0x00000000d5e00000,0x00000000d5e00000,0x00000000d5e80000)
 ParOldGen       total 986112K, used 985853K [0x0000000080000000, 0x00000000bc300000, 0x00000000d5580000)
  object space 986112K, 99% used [0x0000000080000000,0x00000000bc2bf738,0x00000000bc300000)
 Metaspace       used 75348K, committed 76928K, reserved 1179648K
  class space    used 7788K, committed 8448K, reserved 1048576K
}
Event: 1988.905 GC heap after
{Heap after GC invocations=1535 (full 3):
 PSYoungGen      total 7680K, used 436K [0x00000000d5580000, 0x00000000d5e80000, 0x0000000100000000)
  eden space 7168K, 0% used [0x00000000d5580000,0x00000000d5580000,0x00000000d5c80000)
  from space 512K, 85% used [0x00000000d5e00000,0x00000000d5e6d0e0,0x00000000d5e80000)
  to   space 512K, 0% used [0x00000000d5d80000,0x00000000d5d80000,0x00000000d5e00000)
 ParOldGen       total 986112K, used 985941K [0x0000000080000000, 0x00000000bc300000, 0x00000000d5580000)
  object space 986112K, 99% used [0x0000000080000000,0x00000000bc2d5738,0x00000000bc300000)
 Metaspace       used 75348K, committed 76928K, reserved 1179648K
  class space    used 7788K, committed 8448K, reserved 1048576K
}

Dll operation events (12 events):
Event: 0.016 Loaded shared library c:\Users\Canopus\.vscode\extensions\redhat.java-1.43.1-win32-x64\jre\21.0.7-win32-x86_64\bin\java.dll
Event: 0.107 Loaded shared library c:\Users\Canopus\.vscode\extensions\redhat.java-1.43.1-win32-x64\jre\21.0.7-win32-x86_64\bin\zip.dll
Event: 0.138 Loaded shared library C:\Users\Canopus\.vscode\extensions\redhat.java-1.43.1-win32-x64\jre\21.0.7-win32-x86_64\bin\instrument.dll
Event: 0.145 Loaded shared library C:\Users\Canopus\.vscode\extensions\redhat.java-1.43.1-win32-x64\jre\21.0.7-win32-x86_64\bin\net.dll
Event: 0.149 Loaded shared library C:\Users\Canopus\.vscode\extensions\redhat.java-1.43.1-win32-x64\jre\21.0.7-win32-x86_64\bin\nio.dll
Event: 0.154 Loaded shared library C:\Users\Canopus\.vscode\extensions\redhat.java-1.43.1-win32-x64\jre\21.0.7-win32-x86_64\bin\zip.dll
Event: 0.181 Loaded shared library C:\Users\Canopus\.vscode\extensions\redhat.java-1.43.1-win32-x64\jre\21.0.7-win32-x86_64\bin\jimage.dll
Event: 0.340 Loaded shared library c:\Users\Canopus\.vscode\extensions\redhat.java-1.43.1-win32-x64\jre\21.0.7-win32-x86_64\bin\verify.dll
Event: 14.432 Loaded shared library C:\Users\Canopus\AppData\Roaming\Code\User\globalStorage\redhat.java\1.43.1\config_win\org.eclipse.equinox.launcher\org.eclipse.equinox.launcher.win32.win32.x86_64_1.2.1300.v20250331-1702\eclipse_11911.dll
Event: 27.735 Loaded shared library C:\Users\Canopus\AppData\Local\Temp\jna--2079729681\jna16033199566680408754.dll
Event: 30.335 Loaded shared library C:\Users\Canopus\.vscode\extensions\redhat.java-1.43.1-win32-x64\jre\21.0.7-win32-x86_64\bin\sunmscapi.dll
Event: 30.491 Loaded shared library C:\Users\Canopus\.vscode\extensions\redhat.java-1.43.1-win32-x64\jre\21.0.7-win32-x86_64\bin\extnet.dll

Deoptimization events (20 events):
Event: 1988.636 Thread 0x000002341db709e0 Uncommon trap: trap_request=0xffffff45 fr.pc=0x00000233baeb4e7c relative=0x00000000000002bc
Event: 1988.636 Thread 0x000002341db709e0 Uncommon trap: reason=unstable_if action=reinterpret pc=0x00000233baeb4e7c method=org.eclipse.core.runtime.Path.equals(Ljava/lang/Object;)Z @ 120 c2
Event: 1988.636 Thread 0x000002341db709e0 DEOPT PACKING pc=0x00000233baeb4e7c sp=0x000000935e3feb80
Event: 1988.636 Thread 0x000002341db709e0 DEOPT UNPACKING pc=0x00000233ba273aa2 sp=0x000000935e3feb10 mode 2
Event: 1988.764 Thread 0x000002341db6fcc0 DEOPT PACKING pc=0x00000233b4b18cea sp=0x000000935e0fe320
Event: 1988.764 Thread 0x000002341db6fcc0 DEOPT UNPACKING pc=0x00000233ba274242 sp=0x000000935e0fd8d0 mode 0
Event: 1988.772 Thread 0x000002341db6fcc0 Uncommon trap: trap_request=0xffffffbe fr.pc=0x00000233bb44590c relative=0x000000000000844c
Event: 1988.772 Thread 0x000002341db6fcc0 Uncommon trap: reason=profile_predicate action=maybe_recompile pc=0x00000233bb44590c method=org.eclipse.jdt.internal.core.JarPackageFragmentRoot.computeChildren(Lorg/eclipse/jdt/internal/core/OpenableElementInfo;Lorg/eclipse/core/resources/IResource;)Z @ 
Event: 1988.772 Thread 0x000002341db6fcc0 DEOPT PACKING pc=0x00000233bb44590c sp=0x000000935e0fe420
Event: 1988.772 Thread 0x000002341db6fcc0 DEOPT UNPACKING pc=0x00000233ba273aa2 sp=0x000000935e0fe3e8 mode 2
Event: 1988.780 Thread 0x000002341db6fcc0 Uncommon trap: trap_request=0xffffffbe fr.pc=0x00000233bb44590c relative=0x000000000000844c
Event: 1988.780 Thread 0x000002341db6fcc0 Uncommon trap: reason=profile_predicate action=maybe_recompile pc=0x00000233bb44590c method=org.eclipse.jdt.internal.core.JarPackageFragmentRoot.computeChildren(Lorg/eclipse/jdt/internal/core/OpenableElementInfo;Lorg/eclipse/core/resources/IResource;)Z @ 
Event: 1988.780 Thread 0x000002341db6fcc0 DEOPT PACKING pc=0x00000233bb44590c sp=0x000000935e0fe420
Event: 1988.780 Thread 0x000002341db6fcc0 DEOPT UNPACKING pc=0x00000233ba273aa2 sp=0x000000935e0fe3e8 mode 2
Event: 1988.789 Thread 0x000002341db6fcc0 Uncommon trap: trap_request=0xffffffbe fr.pc=0x00000233bb44590c relative=0x000000000000844c
Event: 1988.789 Thread 0x000002341db6fcc0 Uncommon trap: reason=profile_predicate action=maybe_recompile pc=0x00000233bb44590c method=org.eclipse.jdt.internal.core.JarPackageFragmentRoot.computeChildren(Lorg/eclipse/jdt/internal/core/OpenableElementInfo;Lorg/eclipse/core/resources/IResource;)Z @ 
Event: 1988.789 Thread 0x000002341db6fcc0 DEOPT PACKING pc=0x00000233bb44590c sp=0x000000935e0fe420
Event: 1988.789 Thread 0x000002341db6fcc0 DEOPT UNPACKING pc=0x00000233ba273aa2 sp=0x000000935e0fe3e8 mode 2
Event: 1988.846 Thread 0x000002341db6fcc0 DEOPT PACKING pc=0x00000233b4b18cea sp=0x000000935e0fe320
Event: 1988.846 Thread 0x000002341db6fcc0 DEOPT UNPACKING pc=0x00000233ba274242 sp=0x000000935e0fd8d0 mode 0

Classes loaded (20 events):
Event: 1983.114 Loading class sun/security/rsa/MGF1
Event: 1983.115 Loading class sun/security/rsa/MGF1 done
Event: 1983.117 Loading class sun/security/ssl/SSLCipher$T12CC20P1305WriteCipherGenerator$CC20P1305WriteCipher
Event: 1983.117 Loading class sun/security/ssl/SSLCipher$T12CC20P1305WriteCipherGenerator$CC20P1305WriteCipher done
Event: 1983.118 Loading class com/sun/crypto/provider/ChaCha20Cipher$EngineAEADEnc
Event: 1983.118 Loading class com/sun/crypto/provider/ChaCha20Cipher$ChaChaEngine
Event: 1983.118 Loading class com/sun/crypto/provider/ChaCha20Cipher$ChaChaEngine done
Event: 1983.118 Loading class com/sun/crypto/provider/ChaCha20Cipher$EngineAEADEnc done
Event: 1983.118 Loading class com/sun/crypto/provider/Poly1305
Event: 1983.119 Loading class com/sun/crypto/provider/Poly1305 done
Event: 1983.119 Loading class sun/security/util/math/intpoly/IntegerPolynomial1305
Event: 1983.119 Loading class sun/security/util/math/intpoly/IntegerPolynomial1305 done
Event: 1983.137 Loading class sun/security/ssl/SSLCipher$T12CC20P1305ReadCipherGenerator$CC20P1305ReadCipher
Event: 1983.137 Loading class sun/security/ssl/SSLCipher$T12CC20P1305ReadCipherGenerator$CC20P1305ReadCipher done
Event: 1983.137 Loading class com/sun/crypto/provider/ChaCha20Cipher$EngineAEADDec
Event: 1983.137 Loading class com/sun/crypto/provider/ChaCha20Cipher$EngineAEADDec done
Event: 1983.266 Loading class java/nio/HeapByteBufferR
Event: 1983.266 Loading class java/nio/HeapByteBufferR done
Event: 1987.882 Loading class java/util/ArrayDeque$DeqSpliterator
Event: 1987.883 Loading class java/util/ArrayDeque$DeqSpliterator done

Classes unloaded (7 events):
Event: 28.394 Thread 0x00000233afc83750 Unloading class 0x00000233c81a5000 'java/lang/invoke/LambdaForm$MH+0x00000233c81a5000'
Event: 28.394 Thread 0x00000233afc83750 Unloading class 0x00000233c81a4c00 'java/lang/invoke/LambdaForm$MH+0x00000233c81a4c00'
Event: 28.394 Thread 0x00000233afc83750 Unloading class 0x00000233c81a4800 'java/lang/invoke/LambdaForm$MH+0x00000233c81a4800'
Event: 28.394 Thread 0x00000233afc83750 Unloading class 0x00000233c81a4400 'java/lang/invoke/LambdaForm$MH+0x00000233c81a4400'
Event: 28.394 Thread 0x00000233afc83750 Unloading class 0x00000233c81a4000 'java/lang/invoke/LambdaForm$BMH+0x00000233c81a4000'
Event: 28.394 Thread 0x00000233afc83750 Unloading class 0x00000233c81a3c00 'java/lang/invoke/LambdaForm$DMH+0x00000233c81a3c00'
Event: 28.394 Thread 0x00000233afc83750 Unloading class 0x00000233c81a2800 'java/lang/invoke/LambdaForm$DMH+0x00000233c81a2800'

Classes redefined (0 events):
No events

Internal exceptions (20 events):
Event: 1987.885 Thread 0x000002341db6ae00 Exception <a 'sun/nio/fs/WindowsException'{0x00000000d5ffdc38}> (0x00000000d5ffdc38) 
thrown [s\src\hotspot\share\prims\jni.cpp, line 520]
Event: 1987.885 Thread 0x000002341db6ae00 Exception <a 'sun/nio/fs/WindowsException'{0x00000000d5ffe288}> (0x00000000d5ffe288) 
thrown [s\src\hotspot\share\prims\jni.cpp, line 520]
Event: 1987.885 Thread 0x000002341db6e910 Exception <a 'sun/nio/fs/WindowsException'{0x00000000d6012458}> (0x00000000d6012458) 
thrown [s\src\hotspot\share\prims\jni.cpp, line 520]
Event: 1987.908 Thread 0x000002341db6e910 Exception <a 'sun/nio/fs/WindowsException'{0x00000000d6100b80}> (0x00000000d6100b80) 
thrown [s\src\hotspot\share\prims\jni.cpp, line 520]
Event: 1987.908 Thread 0x000002341db6ae00 Exception <a 'sun/nio/fs/WindowsException'{0x00000000d60f2330}> (0x00000000d60f2330) 
thrown [s\src\hotspot\share\prims\jni.cpp, line 520]
Event: 1987.908 Thread 0x000002341db6e910 Exception <a 'sun/nio/fs/WindowsException'{0x00000000d61011b0}> (0x00000000d61011b0) 
thrown [s\src\hotspot\share\prims\jni.cpp, line 520]
Event: 1987.908 Thread 0x000002341db6ae00 Exception <a 'sun/nio/fs/WindowsException'{0x00000000d60f2960}> (0x00000000d60f2960) 
thrown [s\src\hotspot\share\prims\jni.cpp, line 520]
Event: 1987.939 Thread 0x000002341db6ae00 Exception <a 'sun/nio/fs/WindowsException'{0x00000000d55fef90}> (0x00000000d55fef90) 
thrown [s\src\hotspot\share\prims\jni.cpp, line 520]
Event: 1987.939 Thread 0x000002341db6ae00 Exception <a 'sun/nio/fs/WindowsException'{0x00000000d55ff5c0}> (0x00000000d55ff5c0) 
thrown [s\src\hotspot\share\prims\jni.cpp, line 520]
Event: 1987.970 Thread 0x000002341db6e910 Exception <a 'sun/nio/fs/WindowsException'{0x00000000d56b87c8}> (0x00000000d56b87c8) 
thrown [s\src\hotspot\share\prims\jni.cpp, line 520]
Event: 1987.970 Thread 0x000002341db6e910 Exception <a 'sun/nio/fs/WindowsException'{0x00000000d56b8df8}> (0x00000000d56b8df8) 
thrown [s\src\hotspot\share\prims\jni.cpp, line 520]
Event: 1988.105 Thread 0x000002341db6fcc0 Exception <a 'sun/nio/fs/WindowsException'{0x00000000d5cf7f10}> (0x00000000d5cf7f10) 
thrown [s\src\hotspot\share\prims\jni.cpp, line 520]
Event: 1988.105 Thread 0x000002341db6fcc0 Exception <a 'sun/nio/fs/WindowsException'{0x00000000d5cf87c8}> (0x00000000d5cf87c8) 
thrown [s\src\hotspot\share\prims\jni.cpp, line 520]
Event: 1988.107 Thread 0x000002341db6fcc0 Implicit null exception at 0x00000233bb4b3b09 to 0x00000233bb4b3dec
Event: 1988.380 Thread 0x000002341db6fcc0 Implicit null exception at 0x00000233bb523c1c to 0x00000233bb523ca1
Event: 1988.418 Thread 0x000002341db6fcc0 Implicit null exception at 0x00000233bb49c8b3 to 0x00000233bb49cf90
Event: 1988.491 Thread 0x000002340f431610 Exception <a 'sun/nio/fs/WindowsException'{0x00000000d56508e0}> (0x00000000d56508e0) 
thrown [s\src\hotspot\share\prims\jni.cpp, line 520]
Event: 1988.548 Thread 0x000002340f431610 Exception <a 'sun/nio/fs/WindowsException'{0x00000000d5643a60}> (0x00000000d5643a60) 
thrown [s\src\hotspot\share\prims\jni.cpp, line 520]
Event: 1988.548 Thread 0x000002341db6b490 Implicit null exception at 0x00000233bb467d6b to 0x00000233bb4680a8
Event: 1988.614 Thread 0x000002340f431610 Exception <a 'sun/nio/fs/WindowsException'{0x00000000d55805f0}> (0x00000000d55805f0) 
thrown [s\src\hotspot\share\prims\jni.cpp, line 520]

ZGC Phase Switch (0 events):
No events

VM Operations (20 events):
Event: 1988.772 Executing VM operation: ParallelGCFailedAllocation (Allocation Failure) done
Event: 1988.780 Executing VM operation: ParallelGCFailedAllocation (Allocation Failure)
Event: 1988.782 Executing VM operation: ParallelGCFailedAllocation (Allocation Failure) done
Event: 1988.791 Executing VM operation: ParallelGCFailedAllocation (Allocation Failure)
Event: 1988.793 Executing VM operation: ParallelGCFailedAllocation (Allocation Failure) done
Event: 1988.818 Executing VM operation: ParallelGCFailedAllocation (Allocation Failure)
Event: 1988.820 Executing VM operation: ParallelGCFailedAllocation (Allocation Failure) done
Event: 1988.827 Executing VM operation: ParallelGCFailedAllocation (Allocation Failure)
Event: 1988.830 Executing VM operation: ParallelGCFailedAllocation (Allocation Failure) done
Event: 1988.839 Executing VM operation: ParallelGCFailedAllocation (Allocation Failure)
Event: 1988.841 Executing VM operation: ParallelGCFailedAllocation (Allocation Failure) done
Event: 1988.848 Executing VM operation: ParallelGCFailedAllocation (Allocation Failure)
Event: 1988.851 Executing VM operation: ParallelGCFailedAllocation (Allocation Failure) done
Event: 1988.859 Executing VM operation: ParallelGCFailedAllocation (Allocation Failure)
Event: 1988.862 Executing VM operation: ParallelGCFailedAllocation (Allocation Failure) done
Event: 1988.887 Executing VM operation: ParallelGCFailedAllocation (Allocation Failure)
Event: 1988.889 Executing VM operation: ParallelGCFailedAllocation (Allocation Failure) done
Event: 1988.903 Executing VM operation: ParallelGCFailedAllocation (Allocation Failure)
Event: 1988.905 Executing VM operation: ParallelGCFailedAllocation (Allocation Failure) done
Event: 1989.905 Executing VM operation: Cleanup

Memory protections (0 events):
No events

Nmethod flushes (20 events):
Event: 38.979 Thread 0x00000233afc83750 flushing osr nmethod 0x00000233b3767210
Event: 38.979 Thread 0x00000233afc83750 flushing osr nmethod 0x00000233b377f710
Event: 38.979 Thread 0x00000233afc83750 flushing  nmethod 0x00000233b3792610
Event: 38.979 Thread 0x00000233afc83750 flushing osr nmethod 0x00000233b379d210
Event: 38.979 Thread 0x00000233afc83750 flushing  nmethod 0x00000233b37a8a90
Event: 38.979 Thread 0x00000233afc83750 flushing  nmethod 0x00000233b37ad390
Event: 38.979 Thread 0x00000233afc83750 flushing  nmethod 0x00000233b37afc10
Event: 38.979 Thread 0x00000233afc83750 flushing  nmethod 0x00000233b37b3110
Event: 38.979 Thread 0x00000233afc83750 flushing  nmethod 0x00000233b37b7f10
Event: 38.979 Thread 0x00000233afc83750 flushing  nmethod 0x00000233b37c3a10
Event: 38.979 Thread 0x00000233afc83750 flushing  nmethod 0x00000233b37c9290
Event: 38.979 Thread 0x00000233afc83750 flushing  nmethod 0x00000233b37c9e10
Event: 38.979 Thread 0x00000233afc83750 flushing  nmethod 0x00000233b37ca410
Event: 38.979 Thread 0x00000233afc83750 flushing  nmethod 0x00000233b37cb310
Event: 38.979 Thread 0x00000233afc83750 flushing  nmethod 0x00000233b37cbb90
Event: 38.979 Thread 0x00000233afc83750 flushing  nmethod 0x00000233b37cbf10
Event: 38.979 Thread 0x00000233afc83750 flushing  nmethod 0x00000233b37cde90
Event: 38.979 Thread 0x00000233afc83750 flushing  nmethod 0x00000233b37d8610
Event: 38.979 Thread 0x00000233afc83750 flushing  nmethod 0x00000233b383f310
Event: 38.979 Thread 0x00000233afc83750 flushing  nmethod 0x00000233b387ca90

Events (20 events):
Event: 1987.434 Thread 0x000002341d5383a0 Thread exited: 0x000002341d5383a0
Event: 1987.540 Thread 0x00000233afc9d4a0 Thread added: 0x000002341ea836c0
Event: 1987.651 Thread 0x000002340f42fbd0 Thread added: 0x000002341db6ae00
Event: 1987.651 Thread 0x000002340f42fbd0 Thread added: 0x000002341db6e910
Event: 1987.651 Thread 0x000002340f42fbd0 Thread added: 0x000002341db6b490
Event: 1987.651 Thread 0x000002340f42fbd0 Thread added: 0x000002341db70350
Event: 1987.651 Thread 0x000002340f42fbd0 Thread added: 0x000002341db709e0
Event: 1987.680 Thread 0x000002341db709e0 Thread exited: 0x000002341db709e0
Event: 1987.680 Thread 0x000002341db70350 Thread exited: 0x000002341db70350
Event: 1987.680 Thread 0x000002341db6b490 Thread exited: 0x000002341db6b490
Event: 1987.680 Thread 0x000002341db6ae00 Thread exited: 0x000002341db6ae00
Event: 1987.680 Thread 0x000002341db6e910 Thread exited: 0x000002341db6e910
Event: 1987.810 Thread 0x00000233afc9b640 Thread added: 0x000002341d537cd0
Event: 1987.881 Thread 0x000002340f42fbd0 Thread added: 0x000002341db6ae00
Event: 1987.882 Thread 0x000002341db6ae00 Thread added: 0x000002341db6e910
Event: 1987.883 Thread 0x000002341db6e910 Thread added: 0x000002341db6b490
Event: 1987.884 Thread 0x000002341db6ae00 Thread added: 0x000002341db70350
Event: 1988.628 Thread 0x0000023412da2c00 Thread added: 0x000002341db709e0
Event: 1988.630 Thread 0x0000023412da2c00 Thread added: 0x000002341db71700
Event: 1988.634 Thread 0x0000023412da2c00 Thread added: 0x000002341db71070


Dynamic libraries:
0x00007ff635d00000 - 0x00007ff635d0e000 	c:\Users\Canopus\.vscode\extensions\redhat.java-1.43.1-win32-x64\jre\21.0.7-win32-x86_64\bin\java.exe
0x00007ffc9a120000 - 0x00007ffc9a388000 	C:\WINDOWS\SYSTEM32\ntdll.dll
0x00007ffc98c60000 - 0x00007ffc98d29000 	C:\WINDOWS\System32\KERNEL32.DLL
0x00007ffc97980000 - 0x00007ffc97d6d000 	C:\WINDOWS\System32\KERNELBASE.dll
0x00007ffc97770000 - 0x00007ffc978bb000 	C:\WINDOWS\System32\ucrtbase.dll
0x00007ffc62080000 - 0x00007ffc6209e000 	c:\Users\Canopus\.vscode\extensions\redhat.java-1.43.1-win32-x64\jre\21.0.7-win32-x86_64\bin\VCRUNTIME140.dll
0x00007ffc62060000 - 0x00007ffc62078000 	c:\Users\Canopus\.vscode\extensions\redhat.java-1.43.1-win32-x64\jre\21.0.7-win32-x86_64\bin\jli.dll
0x00007ffc99c90000 - 0x00007ffc99e5c000 	C:\WINDOWS\System32\USER32.dll
0x00007ffc7fa00000 - 0x00007ffc7fc9a000 	C:\WINDOWS\WinSxS\amd64_microsoft.windows.common-controls_6595b64144ccf1df_6.0.26100.4484_none_3e0e6d4ce32ef3b3\COMCTL32.dll
0x00007ffc97570000 - 0x00007ffc97597000 	C:\WINDOWS\System32\win32u.dll
0x00007ffc98360000 - 0x00007ffc98409000 	C:\WINDOWS\System32\msvcrt.dll
0x00007ffc98470000 - 0x00007ffc9849b000 	C:\WINDOWS\System32\GDI32.dll
0x00007ffc97630000 - 0x00007ffc97767000 	C:\WINDOWS\System32\gdi32full.dll
0x00007ffc97e10000 - 0x00007ffc97eb3000 	C:\WINDOWS\System32\msvcp_win.dll
0x00007ffc98070000 - 0x00007ffc9809f000 	C:\WINDOWS\System32\IMM32.DLL
0x00007ffc69460000 - 0x00007ffc6946c000 	c:\Users\Canopus\.vscode\extensions\redhat.java-1.43.1-win32-x64\jre\21.0.7-win32-x86_64\bin\vcruntime140_1.dll
0x00007ffc59070000 - 0x00007ffc590fd000 	c:\Users\Canopus\.vscode\extensions\redhat.java-1.43.1-win32-x64\jre\21.0.7-win32-x86_64\bin\msvcp140.dll
0x00007ffbe8870000 - 0x00007ffbe9600000 	c:\Users\Canopus\.vscode\extensions\redhat.java-1.43.1-win32-x64\jre\21.0.7-win32-x86_64\bin\server\jvm.dll
0x00007ffc98290000 - 0x00007ffc98344000 	C:\WINDOWS\System32\ADVAPI32.dll
0x00007ffc9a030000 - 0x00007ffc9a0d6000 	C:\WINDOWS\System32\sechost.dll
0x00007ffc99e60000 - 0x00007ffc99f78000 	C:\WINDOWS\System32\RPCRT4.dll
0x00007ffc99a10000 - 0x00007ffc99a84000 	C:\WINDOWS\System32\WS2_32.dll
0x00007ffc970c0000 - 0x00007ffc9711e000 	C:\WINDOWS\SYSTEM32\POWRPROF.dll
0x00007ffc8f4e0000 - 0x00007ffc8f515000 	C:\WINDOWS\SYSTEM32\WINMM.dll
0x00007ffc90cd0000 - 0x00007ffc90cdb000 	C:\WINDOWS\SYSTEM32\VERSION.dll
0x00007ffc970a0000 - 0x00007ffc970b4000 	C:\WINDOWS\SYSTEM32\UMPDC.dll
0x00007ffc95f30000 - 0x00007ffc95f4b000 	C:\WINDOWS\SYSTEM32\kernel.appcore.dll
0x00007ffc69140000 - 0x00007ffc6914a000 	c:\Users\Canopus\.vscode\extensions\redhat.java-1.43.1-win32-x64\jre\21.0.7-win32-x86_64\bin\jimage.dll
0x00007ffc87fd0000 - 0x00007ffc88211000 	C:\WINDOWS\SYSTEM32\DBGHELP.DLL
0x00007ffc99680000 - 0x00007ffc99a06000 	C:\WINDOWS\System32\combase.dll
0x00007ffc994b0000 - 0x00007ffc99590000 	C:\WINDOWS\System32\OLEAUT32.dll
0x00007ffc87f80000 - 0x00007ffc87fc3000 	C:\WINDOWS\SYSTEM32\dbgcore.DLL
0x00007ffc97d70000 - 0x00007ffc97e09000 	C:\WINDOWS\System32\bcryptPrimitives.dll
0x00007ffc680f0000 - 0x00007ffc680ff000 	c:\Users\Canopus\.vscode\extensions\redhat.java-1.43.1-win32-x64\jre\21.0.7-win32-x86_64\bin\instrument.dll
0x00007ffc62040000 - 0x00007ffc6205f000 	c:\Users\Canopus\.vscode\extensions\redhat.java-1.43.1-win32-x64\jre\21.0.7-win32-x86_64\bin\java.dll
0x00007ffc98d60000 - 0x00007ffc994aa000 	C:\WINDOWS\System32\SHELL32.dll
0x00007ffc97270000 - 0x00007ffc973e4000 	C:\WINDOWS\System32\wintypes.dll
0x00007ffc94e90000 - 0x00007ffc956eb000 	C:\WINDOWS\SYSTEM32\windows.storage.dll
0x00007ffc98b60000 - 0x00007ffc98c55000 	C:\WINDOWS\System32\SHCORE.dll
0x00007ffc99c10000 - 0x00007ffc99c7a000 	C:\WINDOWS\System32\shlwapi.dll
0x00007ffc97180000 - 0x00007ffc971af000 	C:\WINDOWS\SYSTEM32\profapi.dll
0x00007ffc62020000 - 0x00007ffc62038000 	c:\Users\Canopus\.vscode\extensions\redhat.java-1.43.1-win32-x64\jre\21.0.7-win32-x86_64\bin\zip.dll
0x00007ffc680b0000 - 0x00007ffc680c0000 	C:\Users\Canopus\.vscode\extensions\redhat.java-1.43.1-win32-x64\jre\21.0.7-win32-x86_64\bin\net.dll
0x00007ffc8ffd0000 - 0x00007ffc900ee000 	C:\WINDOWS\SYSTEM32\WINHTTP.dll
0x00007ffc96540000 - 0x00007ffc965aa000 	C:\WINDOWS\system32\mswsock.dll
0x00007ffc5c4d0000 - 0x00007ffc5c4e6000 	C:\Users\Canopus\.vscode\extensions\redhat.java-1.43.1-win32-x64\jre\21.0.7-win32-x86_64\bin\nio.dll
0x00007ffc66c10000 - 0x00007ffc66c20000 	c:\Users\Canopus\.vscode\extensions\redhat.java-1.43.1-win32-x64\jre\21.0.7-win32-x86_64\bin\verify.dll
0x00007ffc59020000 - 0x00007ffc59065000 	C:\Users\Canopus\AppData\Roaming\Code\User\globalStorage\redhat.java\1.43.1\config_win\org.eclipse.equinox.launcher\org.eclipse.equinox.launcher.win32.win32.x86_64_1.2.1300.v20250331-1702\eclipse_11911.dll
0x00007ffc97ec0000 - 0x00007ffc9805e000 	C:\WINDOWS\System32\ole32.dll
0x00007ffc96920000 - 0x00007ffc9693b000 	C:\WINDOWS\SYSTEM32\CRYPTSP.dll
0x00007ffc95f50000 - 0x00007ffc95f8b000 	C:\WINDOWS\system32\rsaenh.dll
0x00007ffc965e0000 - 0x00007ffc9660b000 	C:\WINDOWS\SYSTEM32\USERENV.dll
0x00007ffc97150000 - 0x00007ffc97176000 	C:\WINDOWS\SYSTEM32\bcrypt.dll
0x00007ffc96780000 - 0x00007ffc9678c000 	C:\WINDOWS\SYSTEM32\CRYPTBASE.dll
0x00007ffc959e0000 - 0x00007ffc95a13000 	C:\WINDOWS\SYSTEM32\IPHLPAPI.DLL
0x00007ffc98350000 - 0x00007ffc9835a000 	C:\WINDOWS\System32\NSI.dll
0x00007ffc58f40000 - 0x00007ffc58f89000 	C:\Users\Canopus\AppData\Local\Temp\jna--2079729681\jna16033199566680408754.dll
0x00007ffc99c80000 - 0x00007ffc99c88000 	C:\WINDOWS\System32\PSAPI.DLL
0x00007ffc90430000 - 0x00007ffc9044f000 	C:\WINDOWS\SYSTEM32\dhcpcsvc6.DLL
0x00007ffc90400000 - 0x00007ffc90425000 	C:\WINDOWS\SYSTEM32\dhcpcsvc.DLL
0x00007ffc92cb0000 - 0x00007ffc92cbe000 	C:\Users\Canopus\.vscode\extensions\redhat.java-1.43.1-win32-x64\jre\21.0.7-win32-x86_64\bin\sunmscapi.dll
0x00007ffc973f0000 - 0x00007ffc97567000 	C:\WINDOWS\System32\CRYPT32.dll
0x00007ffc96a70000 - 0x00007ffc96aa0000 	C:\WINDOWS\SYSTEM32\ncrypt.dll
0x00007ffc96a20000 - 0x00007ffc96a5f000 	C:\WINDOWS\SYSTEM32\NTASN1.dll
0x00007ffc95a70000 - 0x00007ffc95b96000 	C:\WINDOWS\SYSTEM32\DNSAPI.dll
0x00007ffc8a9c0000 - 0x00007ffc8a9cb000 	C:\Windows\System32\rasadhlp.dll
0x00007ffc8d080000 - 0x00007ffc8d106000 	C:\WINDOWS\System32\fwpuclnt.dll
0x00007ffc8faf0000 - 0x00007ffc8faf9000 	C:\Users\Canopus\.vscode\extensions\redhat.java-1.43.1-win32-x64\jre\21.0.7-win32-x86_64\bin\extnet.dll
0x00007ffc96100000 - 0x00007ffc96136000 	C:\WINDOWS\SYSTEM32\ntmarta.dll

dbghelp: loaded successfully - version: 4.0.5 - missing functions: none
symbol engine: initialized successfully - sym options: 0x614 - pdb path: .;c:\Users\Canopus\.vscode\extensions\redhat.java-1.43.1-win32-x64\jre\21.0.7-win32-x86_64\bin;C:\WINDOWS\SYSTEM32;C:\WINDOWS\WinSxS\amd64_microsoft.windows.common-controls_6595b64144ccf1df_6.0.26100.4484_none_3e0e6d4ce32ef3b3;c:\Users\Canopus\.vscode\extensions\redhat.java-1.43.1-win32-x64\jre\21.0.7-win32-x86_64\bin\server;C:\Users\Canopus\AppData\Roaming\Code\User\globalStorage\redhat.java\1.43.1\config_win\org.eclipse.equinox.launcher\org.eclipse.equinox.launcher.win32.win32.x86_64_1.2.1300.v20250331-1702;C:\Users\Canopus\AppData\Local\Temp\jna--2079729681

VM Arguments:
jvm_args: --add-modules=ALL-SYSTEM --add-opens=java.base/java.util=ALL-UNNAMED --add-opens=java.base/java.lang=ALL-UNNAMED --add-opens=java.base/sun.nio.fs=ALL-UNNAMED -Declipse.application=org.eclipse.jdt.ls.core.id1 -Dosgi.bundles.defaultStartLevel=4 -Declipse.product=org.eclipse.jdt.ls.core.product -Djava.import.generatesMetadataFilesAtProjectRoot=false -DDetectVMInstallationsJob.disabled=true -Dfile.encoding=utf8 -XX:+UseParallelGC -XX:GCTimeRatio=4 -XX:AdaptiveSizePolicyWeight=90 -Dsun.zip.disableMemoryMapping=true -Xmx2G -Xms100m -Xlog:disable -javaagent:c:\Users\Canopus\.vscode\extensions\redhat.java-1.43.1-win32-x64\lombok\lombok-1.18.39-4050.jar -XX:+HeapDumpOnOutOfMemoryError -XX:HeapDumpPath=c:\Users\Canopus\AppData\Roaming\Code\User\workspaceStorage\04432dc5d6c8664d531cee8cb84fceb7\redhat.java -Daether.dependencyCollector.impl=bf 
java_command: c:\Users\Canopus\.vscode\extensions\redhat.java-1.43.1-win32-x64\server\plugins\org.eclipse.equinox.launcher_1.7.0.v20250519-0528.jar -configuration c:\Users\Canopus\AppData\Roaming\Code\User\globalStorage\redhat.java\1.43.1\config_win -data c:\Users\Canopus\AppData\Roaming\Code\User\workspaceStorage\04432dc5d6c8664d531cee8cb84fceb7\redhat.java\jdt_ws --pipe=\\.\pipe\lsp-cd7483f267db4dad022f19af1875f35d-sock
java_class_path (initial): c:\Users\Canopus\.vscode\extensions\redhat.java-1.43.1-win32-x64\server\plugins\org.eclipse.equinox.launcher_1.7.0.v20250519-0528.jar
Launcher Type: SUN_STANDARD

[Global flags]
    uintx AdaptiveSizePolicyWeight                 = 90                                        {product} {command line}
     intx CICompilerCount                          = 12                                        {product} {ergonomic}
    uintx GCTimeRatio                              = 4                                         {product} {command line}
     bool HeapDumpOnOutOfMemoryError               = true                                   {manageable} {command line}
    ccstr HeapDumpPath                             = c:\Users\Canopus\AppData\Roaming\Code\User\workspaceStorage\04432dc5d6c8664d531cee8cb84fceb7\redhat.java         {manageable} {command line}
   size_t InitialHeapSize                          = 104857600                                 {product} {command line}
   size_t MaxHeapSize                              = 2147483648                                {product} {command line}
   size_t MaxNewSize                               = 715653120                                 {product} {ergonomic}
   size_t MinHeapDeltaBytes                        = 524288                                    {product} {ergonomic}
   size_t MinHeapSize                              = 104857600                                 {product} {command line}
   size_t NewSize                                  = 34603008                                  {product} {ergonomic}
    uintx NonNMethodCodeHeapSize                   = 7602480                                {pd product} {ergonomic}
    uintx NonProfiledCodeHeapSize                  = 122027880                              {pd product} {ergonomic}
   size_t OldSize                                  = 70254592                                  {product} {ergonomic}
    uintx ProfiledCodeHeapSize                     = 122027880                              {pd product} {ergonomic}
    uintx ReservedCodeCacheSize                    = 251658240                              {pd product} {ergonomic}
     bool SegmentedCodeCache                       = true                                      {product} {ergonomic}
   size_t SoftMaxHeapSize                          = 2147483648                             {manageable} {ergonomic}
     bool UseCompressedOops                        = true                           {product lp64_product} {ergonomic}
     bool UseLargePagesIndividualAllocation        = false                                  {pd product} {ergonomic}
     bool UseParallelGC                            = true                                      {product} {command line}

Logging:
Log output configuration:
 #0: stdout all=off uptime,level,tags foldmultilines=false
 #1: stderr all=off uptime,level,tags foldmultilines=false

Environment Variables:
JAVA_HOME=C:\Program Files\Java\jdk-20
CLASSPATH=D:\LINGO64_21\Lingo21.jar
PATH=C:\Program Files\Common Files\Oracle\Java\javapath;D:\VMware Workstation Player\bin\;C:\Program Files (x86)\Common Files\Oracle\Java\javapath;C:\WINDOWS\system32;C:\WINDOWS;C:\WINDOWS\System32\Wbem;C:\WINDOWS\System32\WindowsPowerShell\v1.0\;C:\WINDOWS\System32\OpenSSH\;D:\Git\cmd;D:\Node.js®\;C:\Program Files\Java\jdk-20\bin;C:\Program Files\Calibre2\;C:\Program Files (x86)\Microsoft SQL Server\160\Tools\Binn\;C:\Program Files\Microsoft SQL Server\160\Tools\Binn\;C:\Program Files\Microsoft SQL Server\Client SDK\ODBC\170\Tools\Binn\;C:\Program Files\Microsoft SQL Server\160\DTS\Binn\;C:\Program Files\Azure Data Studio\bin;C:\Program Files (x86)\Microsoft SQL Server\160\DTS\Binn\;C:\xampp\php;D:\LINGO64_21\;C:\Program Files\Docker\Docker\resources\bin;C:\Users\Canopus\AppData\Local\Programs\Python\Python312\Scripts\;C:\Users\Canopus\AppData\Local\Programs\Python\Python312\;C:\Users\Canopus\AppData\Local\Microsoft\WindowsApps;D:\Visual Studio Code\bin;C:\Users\Canopus\AppData\Roaming\npm;C:\Program Files\Azure Data Studio\bin;C:\Users\Canopus\AppData\Roaming\Programs\Zero Install;C:\Users\Canopus\AppData\Local\Programs\cursor\resources\app\bin;C:\Users\Canopus\AppData\Local\GitHubDesktop\bin;C:\Users\Canopus\AppData\Local\Microsoft\WindowsApps;
USERNAME=Canopus
OS=Windows_NT
PROCESSOR_IDENTIFIER=AMD64 Family 23 Model 104 Stepping 1, AuthenticAMD
TMP=C:\Users\Canopus\AppData\Local\Temp
TEMP=C:\Users\Canopus\AppData\Local\Temp




Periodic native trim disabled

---------------  S Y S T E M  ---------------

OS:
 Windows 11 , 64 bit Build 26100 (10.0.26100.4484)
OS uptime: 1 days 0:42 hours
Hyper-V role detected

CPU: total 16 (initial active 16) (16 cores per cpu, 2 threads per core) family 23 model 104 stepping 1 microcode 0x8608102, cx8, cmov, fxsr, ht, mmx, 3dnowpref, sse, sse2, sse3, ssse3, sse4a, sse4.1, sse4.2, popcnt, lzcnt, tsc, tscinvbit, avx, avx2, aes, clmul, bmi1, bmi2, adx, sha, fma, vzeroupper, clflush, clflushopt, hv, rdtscp, rdpid, f16c
Processor Information for the first 16 processors :
  Max Mhz: 1801, Current Mhz: 1801, Mhz Limit: 1801

Memory: 4k page, system-wide physical 14197M (760M free)
TotalPageFile size 24197M (AvailPageFile size 13M)
current process WorkingSet (physical memory assigned to process): 574M, peak: 1338M
current process commit charge ("private bytes"): 1381M, peak: 1383M

vm_info: OpenJDK 64-Bit Server VM (21.0.7+6-LTS) for windows-amd64 JRE (21.0.7+6-LTS), built on 2025-04-15T00:00:00Z by "admin" with MS VC++ 17.7 (VS2022)

END.
