#
# There is insufficient memory for the Java Runtime Environment to continue.
# Native memory allocation (malloc) failed to allocate 1382576 bytes. Error detail: Chunk::new
# Possible reasons:
#   The system is out of physical RAM or swap space
#   This process is running with CompressedOops enabled, and the Java Heap may be blocking the growth of the native heap
# Possible solutions:
#   Reduce memory load on the system
#   Increase physical memory or swap space
#   Check if swap backing store is full
#   Decrease Java heap size (-Xmx/-Xms)
#   Decrease number of Java threads
#   Decrease Java thread stack sizes (-Xss)
#   Set larger code cache with -XX:ReservedCodeCacheSize=
#   JVM is running with Unscaled Compressed Oops mode in which the Java heap is
#     placed in the first 4GB address space. The Java Heap base address is the
#     maximum limit for the native heap growth. Please use -XX:HeapBaseMinAddress
#     to set the Java Heap base and to place the Java Heap above 4GB virtual address.
# This output file may be truncated or incomplete.
#
#  Out of Memory Error (arena.cpp:168), pid=5184, tid=6768
#
# JRE version: OpenJDK Runtime Environment Temurin-21.0.7+6 (21.0.7+6) (build 21.0.7+6-LTS)
# Java VM: OpenJDK 64-Bit Server VM Temurin-21.0.7+6 (21.0.7+6-LTS, mixed mode, sharing, tiered, compressed oops, compressed class ptrs, parallel gc, windows-amd64)
# No core dump will be written. Minidumps are not enabled by default on client versions of Windows
#

---------------  S U M M A R Y ------------

Command Line: --add-modules=ALL-SYSTEM --add-opens=java.base/java.util=ALL-UNNAMED --add-opens=java.base/java.lang=ALL-UNNAMED --add-opens=java.base/sun.nio.fs=ALL-UNNAMED -Declipse.application=org.eclipse.jdt.ls.core.id1 -Dosgi.bundles.defaultStartLevel=4 -Declipse.product=org.eclipse.jdt.ls.core.product -Djava.import.generatesMetadataFilesAtProjectRoot=false -DDetectVMInstallationsJob.disabled=true -Dfile.encoding=utf8 -XX:+UseParallelGC -XX:GCTimeRatio=4 -XX:AdaptiveSizePolicyWeight=90 -Dsun.zip.disableMemoryMapping=true -Xmx2G -Xms100m -Xlog:disable -javaagent:c:\Users\Canopus\.vscode\extensions\redhat.java-1.43.1-win32-x64\lombok\lombok-1.18.39-4050.jar -XX:+HeapDumpOnOutOfMemoryError -XX:HeapDumpPath=c:\Users\Canopus\AppData\Roaming\Code\User\workspaceStorage\04432dc5d6c8664d531cee8cb84fceb7\redhat.java -Daether.dependencyCollector.impl=bf c:\Users\Canopus\.vscode\extensions\redhat.java-1.43.1-win32-x64\server\plugins\org.eclipse.equinox.launcher_1.7.0.v20250519-0528.jar -configuration c:\Users\Canopus\AppData\Roaming\Code\User\globalStorage\redhat.java\1.43.1\config_win -data c:\Users\Canopus\AppData\Roaming\Code\User\workspaceStorage\04432dc5d6c8664d531cee8cb84fceb7\redhat.java\jdt_ws --pipe=\\.\pipe\lsp-893c8fc76094afe303b9d57604d365a2-sock

Host: AMD Ryzen 7 5700U with Radeon Graphics         , 16 cores, 13G,  Windows 11 , 64 bit Build 26100 (10.0.26100.4484)
Time: Fri Jul 25 18:37:10 2025 Hora estándar del Este (México) elapsed time: 651.357300 seconds (0d 0h 10m 51s)

---------------  T H R E A D  ---------------

Current thread (0x0000018ff68f9fa0):  JavaThread "C2 CompilerThread0" daemon [_thread_in_native, id=6768, stack(0x0000004f92000000,0x0000004f92100000) (1024K)]


Current CompileTask:
C2:651357 15519       4       org.codehaus.plexus.configuration.xml.XmlPlexusConfiguration::<init> (96 bytes)

Stack: [0x0000004f92000000,0x0000004f92100000]
Native frames: (J=compiled Java code, j=interpreted, Vv=VM code, C=native code)
V  [jvm.dll+0x6ce119]
V  [jvm.dll+0x8a84a1]
V  [jvm.dll+0x8aa9ce]
V  [jvm.dll+0x8ab0b3]
V  [jvm.dll+0x27f8a6]
V  [jvm.dll+0xc507d]
V  [jvm.dll+0xc55b3]
V  [jvm.dll+0x3b68f2]
V  [jvm.dll+0x382aa5]
V  [jvm.dll+0x381f0a]
V  [jvm.dll+0x247af0]
V  [jvm.dll+0x2470cf]
V  [jvm.dll+0x1c760e]
V  [jvm.dll+0x25695a]
V  [jvm.dll+0x254efa]
V  [jvm.dll+0x3f03f6]
V  [jvm.dll+0x851f6b]
V  [jvm.dll+0x6cc7dd]
C  [ucrtbase.dll+0x37b0]
C  [KERNEL32.DLL+0x2e8d7]
C  [ntdll.dll+0x3c34c]


---------------  P R O C E S S  ---------------

Threads class SMR info:
_java_thread_list=0x0000018fd7beab70, length=56, elements={
0x0000018ff6840b10, 0x0000018ff67ed7e0, 0x0000018ff68e2f50, 0x0000018ff68e78d0,
0x0000018ff68e8520, 0x0000018ff68ea770, 0x0000018ff68f0e40, 0x0000018ff68f9fa0,
0x0000018fff5eaf00, 0x0000018ff68f0120, 0x0000018ff68f14d0, 0x0000018ff68f07b0,
0x0000018ff68eed70, 0x0000018ff68ef400, 0x0000018ff68f1b60, 0x0000018ff68efa90,
0x0000018fd62dc330, 0x0000018fd62db610, 0x0000018fd62dd050, 0x0000018fd62da8f0,
0x0000018fd62df120, 0x0000018fd62df7b0, 0x0000018fd62e0b60, 0x0000018fd62e04d0,
0x0000018fd62e11f0, 0x0000018fd62e1880, 0x0000018fd80bf0d0, 0x0000018fd80c0480,
0x0000018fd80bdd20, 0x0000018fd80bd000, 0x0000018fd80be3b0, 0x0000018fd80bf760,
0x0000018fd80bfdf0, 0x0000018fd80c0b10, 0x0000018fd80bd690, 0x0000018fd80c11a0,
0x0000018fd80c1830, 0x0000018fd80c1ec0, 0x0000018fd80bea40, 0x0000018fd80c2550,
0x0000018fd80c3900, 0x0000018fd80c4620, 0x0000018fdaad1740, 0x0000018fdaad1dd0,
0x0000018fdaad2460, 0x0000018fdaacefe0, 0x0000018fdaad3810, 0x0000018fdaad3ea0,
0x0000018fd8762480, 0x0000018fd87610d0, 0x0000018fe51d6e90, 0x0000018fe51d4730,
0x0000018fe51d4dc0, 0x0000018fe2bd9980, 0x0000018fe2bd92b0, 0x0000018fe51d6800
}

Java Threads: ( => current thread )
  0x0000018ff6840b10 JavaThread "main"                              [_thread_blocked, id=26000, stack(0x0000004f91600000,0x0000004f91700000) (1024K)]
  0x0000018ff67ed7e0 JavaThread "Reference Handler"          daemon [_thread_blocked, id=29316, stack(0x0000004f91a00000,0x0000004f91b00000) (1024K)]
  0x0000018ff68e2f50 JavaThread "Finalizer"                  daemon [_thread_blocked, id=27784, stack(0x0000004f91b00000,0x0000004f91c00000) (1024K)]
  0x0000018ff68e78d0 JavaThread "Signal Dispatcher"          daemon [_thread_blocked, id=26616, stack(0x0000004f91c00000,0x0000004f91d00000) (1024K)]
  0x0000018ff68e8520 JavaThread "Attach Listener"            daemon [_thread_blocked, id=28392, stack(0x0000004f91d00000,0x0000004f91e00000) (1024K)]
  0x0000018ff68ea770 JavaThread "Service Thread"             daemon [_thread_blocked, id=23304, stack(0x0000004f91e00000,0x0000004f91f00000) (1024K)]
  0x0000018ff68f0e40 JavaThread "Monitor Deflation Thread"   daemon [_thread_blocked, id=7528, stack(0x0000004f91f00000,0x0000004f92000000) (1024K)]
=>0x0000018ff68f9fa0 JavaThread "C2 CompilerThread0"         daemon [_thread_in_native, id=6768, stack(0x0000004f92000000,0x0000004f92100000) (1024K)]
  0x0000018fff5eaf00 JavaThread "C1 CompilerThread0"         daemon [_thread_blocked, id=17428, stack(0x0000004f92100000,0x0000004f92200000) (1024K)]
  0x0000018ff68f0120 JavaThread "Common-Cleaner"             daemon [_thread_blocked, id=29620, stack(0x0000004f92200000,0x0000004f92300000) (1024K)]
  0x0000018ff68f14d0 JavaThread "Notification Thread"        daemon [_thread_blocked, id=26436, stack(0x0000004f92700000,0x0000004f92800000) (1024K)]
  0x0000018ff68f07b0 JavaThread "Active Thread: Equinox Container: dfa80cb0-77ee-48e5-a67f-36de8bc9e705"        [_thread_blocked, id=20492, stack(0x0000004f93000000,0x0000004f93100000) (1024K)]
  0x0000018ff68eed70 JavaThread "Refresh Thread: Equinox Container: dfa80cb0-77ee-48e5-a67f-36de8bc9e705" daemon [_thread_blocked, id=26572, stack(0x0000004f93200000,0x0000004f93300000) (1024K)]
  0x0000018ff68ef400 JavaThread "Framework Event Dispatcher: Equinox Container: dfa80cb0-77ee-48e5-a67f-36de8bc9e705" daemon [_thread_blocked, id=25604, stack(0x0000004f93300000,0x0000004f93400000) (1024K)]
  0x0000018ff68f1b60 JavaThread "Start Level: Equinox Container: dfa80cb0-77ee-48e5-a67f-36de8bc9e705" daemon [_thread_blocked, id=7348, stack(0x0000004f93400000,0x0000004f93500000) (1024K)]
  0x0000018ff68efa90 JavaThread "Bundle File Closer"         daemon [_thread_blocked, id=25184, stack(0x0000004f93700000,0x0000004f93800000) (1024K)]
  0x0000018fd62dc330 JavaThread "SCR Component Actor"        daemon [_thread_blocked, id=18468, stack(0x0000004f92800000,0x0000004f92900000) (1024K)]
  0x0000018fd62db610 JavaThread "Worker-JM"                         [_thread_blocked, id=28504, stack(0x0000004f93a00000,0x0000004f93b00000) (1024K)]
  0x0000018fd62dd050 JavaThread "JNA Cleaner"                daemon [_thread_blocked, id=28244, stack(0x0000004f93c00000,0x0000004f93d00000) (1024K)]
  0x0000018fd62da8f0 JavaThread "Worker-2"                          [_thread_blocked, id=24848, stack(0x0000004f93f00000,0x0000004f94000000) (1024K)]
  0x0000018fd62df120 JavaThread "Java indexing"              daemon [_thread_blocked, id=14244, stack(0x0000004f94100000,0x0000004f94200000) (1024K)]
  0x0000018fd62df7b0 JavaThread "Worker-4"                          [_thread_blocked, id=18676, stack(0x0000004f94900000,0x0000004f94a00000) (1024K)]
  0x0000018fd62e0b60 JavaThread "Thread-2"                   daemon [_thread_in_native, id=21976, stack(0x0000004f94b00000,0x0000004f94c00000) (1024K)]
  0x0000018fd62e04d0 JavaThread "Thread-3"                   daemon [_thread_in_native, id=28204, stack(0x0000004f94c00000,0x0000004f94d00000) (1024K)]
  0x0000018fd62e11f0 JavaThread "Thread-4"                   daemon [_thread_in_native, id=16952, stack(0x0000004f94d00000,0x0000004f94e00000) (1024K)]
  0x0000018fd62e1880 JavaThread "Thread-5"                   daemon [_thread_in_native, id=6976, stack(0x0000004f94e00000,0x0000004f94f00000) (1024K)]
  0x0000018fd80bf0d0 JavaThread "Thread-6"                   daemon [_thread_in_native, id=9916, stack(0x0000004f94f00000,0x0000004f95000000) (1024K)]
  0x0000018fd80c0480 JavaThread "Thread-7"                   daemon [_thread_in_native, id=1100, stack(0x0000004f95000000,0x0000004f95100000) (1024K)]
  0x0000018fd80bdd20 JavaThread "Thread-8"                   daemon [_thread_in_native, id=12756, stack(0x0000004f95100000,0x0000004f95200000) (1024K)]
  0x0000018fd80bd000 JavaThread "Thread-9"                   daemon [_thread_in_native, id=25616, stack(0x0000004f95200000,0x0000004f95300000) (1024K)]
  0x0000018fd80be3b0 JavaThread "Thread-10"                  daemon [_thread_in_native, id=23908, stack(0x0000004f95300000,0x0000004f95400000) (1024K)]
  0x0000018fd80bf760 JavaThread "Thread-11"                  daemon [_thread_in_native, id=26072, stack(0x0000004f95400000,0x0000004f95500000) (1024K)]
  0x0000018fd80bfdf0 JavaThread "Thread-12"                  daemon [_thread_in_native, id=23104, stack(0x0000004f95500000,0x0000004f95600000) (1024K)]
  0x0000018fd80c0b10 JavaThread "Thread-13"                  daemon [_thread_in_native, id=23640, stack(0x0000004f95600000,0x0000004f95700000) (1024K)]
  0x0000018fd80bd690 JavaThread "Thread-14"                  daemon [_thread_in_native, id=3168, stack(0x0000004f95700000,0x0000004f95800000) (1024K)]
  0x0000018fd80c11a0 JavaThread "Thread-15"                  daemon [_thread_in_native, id=9704, stack(0x0000004f95800000,0x0000004f95900000) (1024K)]
  0x0000018fd80c1830 JavaThread "Thread-16"                  daemon [_thread_in_native, id=27088, stack(0x0000004f95900000,0x0000004f95a00000) (1024K)]
  0x0000018fd80c1ec0 JavaThread "Thread-17"                  daemon [_thread_in_native, id=18528, stack(0x0000004f95a00000,0x0000004f95b00000) (1024K)]
  0x0000018fd80bea40 JavaThread "Thread-18"                  daemon [_thread_in_native, id=21876, stack(0x0000004f95b00000,0x0000004f95c00000) (1024K)]
  0x0000018fd80c2550 JavaThread "pool-2-thread-1"                   [_thread_blocked, id=14424, stack(0x0000004f95c00000,0x0000004f95d00000) (1024K)]
  0x0000018fd80c3900 JavaThread "WorkspaceEventsHandler"            [_thread_blocked, id=6660, stack(0x0000004f96000000,0x0000004f96100000) (1024K)]
  0x0000018fd80c4620 JavaThread "pool-1-thread-1"                   [_thread_blocked, id=14128, stack(0x0000004f96100000,0x0000004f96200000) (1024K)]
  0x0000018fdaad1740 JavaThread "LocalFile Deleter"          daemon [_thread_blocked, id=13568, stack(0x0000004f96500000,0x0000004f96600000) (1024K)]
  0x0000018fdaad1dd0 JavaThread "LocalFile Deleter"          daemon [_thread_blocked, id=24632, stack(0x0000004f96600000,0x0000004f96700000) (1024K)]
  0x0000018fdaad2460 JavaThread "LocalFile Deleter"          daemon [_thread_blocked, id=27028, stack(0x0000004f96700000,0x0000004f96800000) (1024K)]
  0x0000018fdaacefe0 JavaThread "LocalFile Deleter"          daemon [_thread_blocked, id=23832, stack(0x0000004f96800000,0x0000004f96900000) (1024K)]
  0x0000018fdaad3810 JavaThread "LocalFile Deleter"          daemon [_thread_blocked, id=16556, stack(0x0000004f96900000,0x0000004f96a00000) (1024K)]
  0x0000018fdaad3ea0 JavaThread "LocalFile Deleter"          daemon [_thread_blocked, id=4104, stack(0x0000004f96f00000,0x0000004f97000000) (1024K)]
  0x0000018fd8762480 JavaThread "ForkJoinPool.commonPool-worker-2" daemon [_thread_blocked, id=16548, stack(0x0000004f92600000,0x0000004f92700000) (1024K)]
  0x0000018fd87610d0 JavaThread "ForkJoinPool.commonPool-worker-5" daemon [_thread_blocked, id=22476, stack(0x0000004f94800000,0x0000004f94900000) (1024K)]
  0x0000018fe51d6e90 JavaThread "ForkJoinPool.commonPool-worker-10" daemon [_thread_blocked, id=20208, stack(0x0000004f99100000,0x0000004f99200000) (1024K)]
  0x0000018fe51d4730 JavaThread "ForkJoinPool.commonPool-worker-11" daemon [_thread_blocked, id=24728, stack(0x0000004f99200000,0x0000004f99300000) (1024K)]
  0x0000018fe51d4dc0 JavaThread "ForkJoinPool.commonPool-worker-14" daemon [_thread_blocked, id=26668, stack(0x0000004f99500000,0x0000004f99600000) (1024K)]
  0x0000018fe2bd9980 JavaThread "C2 CompilerThread1"         daemon [_thread_blocked, id=26240, stack(0x0000004f91500000,0x0000004f91600000) (1024K)]
  0x0000018fe2bd92b0 JavaThread "C2 CompilerThread2"         daemon [_thread_blocked, id=11700, stack(0x0000004f92300000,0x0000004f92400000) (1024K)]
  0x0000018fe51d6800 JavaThread "Worker-9"                          [_thread_blocked, id=5780, stack(0x0000004f92400000,0x0000004f92500000) (1024K)]
Total: 56

Other Threads:
  0x0000018ff67d49b0 VMThread "VM Thread"                           [id=24812, stack(0x0000004f91900000,0x0000004f91a00000) (1024K)]
  0x0000018ff66cba00 WatcherThread "VM Periodic Task Thread"        [id=19788, stack(0x0000004f91800000,0x0000004f91900000) (1024K)]
  0x0000018ff685f260 WorkerThread "GC Thread#0"                     [id=1788, stack(0x0000004f91700000,0x0000004f91800000) (1024K)]
  0x0000018fd578d430 WorkerThread "GC Thread#1"                     [id=8012, stack(0x0000004f92a00000,0x0000004f92b00000) (1024K)]
  0x0000018fd578dff0 WorkerThread "GC Thread#2"                     [id=14880, stack(0x0000004f92b00000,0x0000004f92c00000) (1024K)]
  0x0000018fd58f6e70 WorkerThread "GC Thread#3"                     [id=26452, stack(0x0000004f92c00000,0x0000004f92d00000) (1024K)]
  0x0000018fd595aa10 WorkerThread "GC Thread#4"                     [id=28100, stack(0x0000004f92d00000,0x0000004f92e00000) (1024K)]
  0x0000018fd595adb0 WorkerThread "GC Thread#5"                     [id=1688, stack(0x0000004f92e00000,0x0000004f92f00000) (1024K)]
  0x0000018fd595b360 WorkerThread "GC Thread#6"                     [id=22100, stack(0x0000004f92f00000,0x0000004f93000000) (1024K)]
  0x0000018fd5a9a5f0 WorkerThread "GC Thread#7"                     [id=17784, stack(0x0000004f93100000,0x0000004f93200000) (1024K)]
  0x0000018fd5c420c0 WorkerThread "GC Thread#8"                     [id=3084, stack(0x0000004f92900000,0x0000004f92a00000) (1024K)]
  0x0000018fd5b7b900 WorkerThread "GC Thread#9"                     [id=9764, stack(0x0000004f93500000,0x0000004f93600000) (1024K)]
  0x0000018fd5b7a6e0 WorkerThread "GC Thread#10"                    [id=26608, stack(0x0000004f93600000,0x0000004f93700000) (1024K)]
  0x0000018fd5b7ae20 WorkerThread "GC Thread#11"                    [id=13760, stack(0x0000004f93900000,0x0000004f93a00000) (1024K)]
  0x0000018fd5b7b1c0 WorkerThread "GC Thread#12"                    [id=25852, stack(0x0000004f93b00000,0x0000004f93c00000) (1024K)]
Total: 15

Threads with active compile tasks:
C2 CompilerThread0  652393 15519       4       org.codehaus.plexus.configuration.xml.XmlPlexusConfiguration::<init> (96 bytes)
Total: 1

VM state: not at safepoint (normal execution)

VM Mutex/Monitor currently owned by a thread: None

Heap address: 0x0000000080000000, size: 2048 MB, Compressed Oops mode: 32-bit

CDS archive(s) mapped at: [0x0000018f8f000000-0x0000018f8fba0000-0x0000018f8fba0000), size 12189696, SharedBaseAddress: 0x0000018f8f000000, ArchiveRelocationMode: 1.
Compressed class space mapped at: 0x0000018f90000000-0x0000018fd0000000, reserved size: 1073741824
Narrow klass base: 0x0000018f8f000000, Narrow klass shift: 0, Narrow klass range: 0x100000000

GC Precious Log:
 CardTable entry size: 512
 CPUs: 16 total, 16 available
 Memory: 14197M
 Large Page Support: Disabled
 NUMA Support: Disabled
 Compressed Oops: Enabled (32-bit)
 Alignments: Space 512K, Generation 512K, Heap 2M
 Heap Min Capacity: 100M
 Heap Initial Capacity: 100M
 Heap Max Capacity: 2G
 Pre-touch: Disabled
 Parallel Workers: 13

Heap:
 PSYoungGen      total 8192K, used 3391K [0x00000000d5580000, 0x00000000d5f00000, 0x0000000100000000)
  eden space 7680K, 37% used [0x00000000d5580000,0x00000000d584fde0,0x00000000d5d00000)
  from space 512K, 100% used [0x00000000d5d80000,0x00000000d5e00000,0x00000000d5e00000)
  to   space 1024K, 0% used [0x00000000d5e00000,0x00000000d5e00000,0x00000000d5f00000)
 ParOldGen       total 895488K, used 894454K [0x0000000080000000, 0x00000000b6a80000, 0x00000000d5580000)
  object space 895488K, 99% used [0x0000000080000000,0x00000000b697da18,0x00000000b6a80000)
 Metaspace       used 67715K, committed 69248K, reserved 1114112K
  class space    used 6863K, committed 7616K, reserved 1048576K

Card table byte_map: [0x0000018ff61e0000,0x0000018ff65f0000] _byte_map_base: 0x0000018ff5de0000

Marking Bits: (ParMarkBitMap*) 0x00007ffbe95231f0
 Begin Bits: [0x0000018ff9ce0000, 0x0000018ffbce0000)
 End Bits:   [0x0000018ffbce0000, 0x0000018ffdce0000)

Polling page: 0x0000018ff4670000

Metaspace:

Usage:
  Non-class:     59.43 MB used.
      Class:      6.70 MB used.
       Both:     66.13 MB used.

Virtual space:
  Non-class space:       64.00 MB reserved,      60.19 MB ( 94%) committed,  1 nodes.
      Class space:        1.00 GB reserved,       7.44 MB ( <1%) committed,  1 nodes.
             Both:        1.06 GB reserved,      67.62 MB (  6%) committed. 

Chunk freelists:
   Non-Class:  3.31 MB
       Class:  8.38 MB
        Both:  11.69 MB

MaxMetaspaceSize: unlimited
CompressedClassSpaceSize: 1.00 GB
Initial GC threshold: 21.00 MB
Current GC threshold: 97.31 MB
CDS: on
 - commit_granule_bytes: 65536.
 - commit_granule_words: 8192.
 - virtual_space_node_default_size: 8388608.
 - enlarge_chunks_in_place: 1.
 - use_allocation_guard: 0.


Internal statistics:

num_allocs_failed_limit: 9.
num_arena_births: 1278.
num_arena_deaths: 14.
num_vsnodes_births: 2.
num_vsnodes_deaths: 0.
num_space_committed: 1082.
num_space_uncommitted: 0.
num_chunks_returned_to_freelist: 23.
num_chunks_taken_from_freelist: 4639.
num_chunk_merges: 10.
num_chunk_splits: 2766.
num_chunks_enlarged: 1407.
num_inconsistent_stats: 0.

CodeHeap 'non-profiled nmethods': size=119168Kb used=13084Kb max_used=13084Kb free=106084Kb
 bounds [0x0000018f87ba0000, 0x0000018f88870000, 0x0000018f8f000000]
CodeHeap 'profiled nmethods': size=119104Kb used=36160Kb max_used=36160Kb free=82944Kb
 bounds [0x0000018f80000000, 0x0000018f82350000, 0x0000018f87450000]
CodeHeap 'non-nmethods': size=7488Kb used=1449Kb max_used=3249Kb free=6038Kb
 bounds [0x0000018f87450000, 0x0000018f87780000, 0x0000018f87ba0000]
 total_blobs=15455 nmethods=14691 adapters=669
 compilation: enabled
              stopped_count=0, restarted_count=0
 full_count=0

Compilation events (20 events):
Event: 650.379 Thread 0x0000018fff5eaf00 15565       3       java.util.Arrays::sort (24 bytes)
Event: 650.379 Thread 0x0000018fff5eaf00 nmethod 15565 0x0000018f8234c290 code [0x0000018f8234c440, 0x0000018f8234c598]
Event: 650.395 Thread 0x0000018fff5eaf00 15566       1       org.eclipse.lsp4j.jsonrpc.json.JsonRpcMethod::getParameterTypes (5 bytes)
Event: 650.395 Thread 0x0000018fff5eaf00 nmethod 15566 0x0000018f8885e090 code [0x0000018f8885e220, 0x0000018f8885e2e8]
Event: 650.396 Thread 0x0000018fff5eaf00 15567       3       org.eclipse.core.internal.resources.Workspace::isTreeLocked (14 bytes)
Event: 650.396 Thread 0x0000018fff5eaf00 nmethod 15567 0x0000018f8234c690 code [0x0000018f8234c840, 0x0000018f8234c9d0]
Event: 650.396 Thread 0x0000018fff5eaf00 15568       3       java.util.Collections$2::characteristics (33 bytes)
Event: 650.396 Thread 0x0000018fff5eaf00 nmethod 15568 0x0000018f8234ca90 code [0x0000018f8234cc20, 0x0000018f8234cd90]
Event: 650.396 Thread 0x0000018fff5eaf00 15569       3       java.util.stream.FindOps$FindSink::accept (18 bytes)
Event: 650.396 Thread 0x0000018fff5eaf00 nmethod 15569 0x0000018f8234ce10 code [0x0000018f8234cfa0, 0x0000018f8234d100]
Event: 650.396 Thread 0x0000018fff5eaf00 15570       3       org.eclipse.core.internal.resources.WorkManager::rebalanceNestedOperations (9 bytes)
Event: 650.396 Thread 0x0000018fff5eaf00 nmethod 15570 0x0000018f8234d190 code [0x0000018f8234d320, 0x0000018f8234d430]
Event: 650.397 Thread 0x0000018fff5eaf00 15571   !   3       com.google.gson.Gson::toJson (178 bytes)
Event: 650.398 Thread 0x0000018fff5eaf00 nmethod 15571 0x0000018f8234d510 code [0x0000018f8234d860, 0x0000018f8234eb20]
Event: 650.398 Thread 0x0000018fff5eaf00 15573       3       org.eclipse.jface.text.AbstractLineTracker$1::nextDelimiterInfo (10 bytes)
Event: 650.399 Thread 0x0000018fff5eaf00 nmethod 15573 0x0000018f8234f510 code [0x0000018f8234f6c0, 0x0000018f8234f818]
Event: 650.399 Thread 0x0000018fff5eaf00 15574       3       org.eclipse.jface.text.Line::<init> (24 bytes)
Event: 650.399 Thread 0x0000018fff5eaf00 nmethod 15574 0x0000018f8234f910 code [0x0000018f8234fac0, 0x0000018f8234fc50]
Event: 650.399 Thread 0x0000018fff5eaf00 15572       3       org.eclipse.core.internal.content.FileSpec::getBasicType (5 bytes)
Event: 650.399 Thread 0x0000018fff5eaf00 nmethod 15572 0x0000018f8234fd10 code [0x0000018f8234fea0, 0x0000018f8234ff90]

GC Heap History (20 events):
Event: 166.879 GC heap before
{Heap before GC invocations=1331 (full 3):
 PSYoungGen      total 8192K, used 8154K [0x00000000d5580000, 0x00000000d5f00000, 0x0000000100000000)
  eden space 7680K, 99% used [0x00000000d5580000,0x00000000d5cf6800,0x00000000d5d00000)
  from space 512K, 100% used [0x00000000d5d00000,0x00000000d5d80000,0x00000000d5d80000)
  to   space 1024K, 0% used [0x00000000d5e00000,0x00000000d5e00000,0x00000000d5f00000)
 ParOldGen       total 854528K, used 854092K [0x0000000080000000, 0x00000000b4280000, 0x00000000d5580000)
  object space 854528K, 99% used [0x0000000080000000,0x00000000b4213268,0x00000000b4280000)
 Metaspace       used 66921K, committed 68480K, reserved 1114112K
  class space    used 6769K, committed 7552K, reserved 1048576K
}
Event: 166.882 GC heap after
{Heap after GC invocations=1331 (full 3):
 PSYoungGen      total 8192K, used 352K [0x00000000d5580000, 0x00000000d5e80000, 0x0000000100000000)
  eden space 7680K, 0% used [0x00000000d5580000,0x00000000d5580000,0x00000000d5d00000)
  from space 512K, 68% used [0x00000000d5e00000,0x00000000d5e58000,0x00000000d5e80000)
  to   space 512K, 0% used [0x00000000d5d00000,0x00000000d5d00000,0x00000000d5d80000)
 ParOldGen       total 860672K, used 859796K [0x0000000080000000, 0x00000000b4880000, 0x00000000d5580000)
  object space 860672K, 99% used [0x0000000080000000,0x00000000b47a5008,0x00000000b4880000)
 Metaspace       used 66921K, committed 68480K, reserved 1114112K
  class space    used 6769K, committed 7552K, reserved 1048576K
}
Event: 166.894 GC heap before
{Heap before GC invocations=1332 (full 3):
 PSYoungGen      total 8192K, used 6698K [0x00000000d5580000, 0x00000000d5e80000, 0x0000000100000000)
  eden space 7680K, 82% used [0x00000000d5580000,0x00000000d5bb2ad8,0x00000000d5d00000)
  from space 512K, 68% used [0x00000000d5e00000,0x00000000d5e58000,0x00000000d5e80000)
  to   space 512K, 0% used [0x00000000d5d00000,0x00000000d5d00000,0x00000000d5d80000)
 ParOldGen       total 860672K, used 859796K [0x0000000080000000, 0x00000000b4880000, 0x00000000d5580000)
  object space 860672K, 99% used [0x0000000080000000,0x00000000b47a5008,0x00000000b4880000)
 Metaspace       used 66924K, committed 68480K, reserved 1114112K
  class space    used 6769K, committed 7552K, reserved 1048576K
}
Event: 166.895 GC heap after
{Heap after GC invocations=1332 (full 3):
 PSYoungGen      total 8192K, used 448K [0x00000000d5580000, 0x00000000d5e80000, 0x0000000100000000)
  eden space 7680K, 0% used [0x00000000d5580000,0x00000000d5580000,0x00000000d5d00000)
  from space 512K, 87% used [0x00000000d5d00000,0x00000000d5d70000,0x00000000d5d80000)
  to   space 512K, 0% used [0x00000000d5e00000,0x00000000d5e00000,0x00000000d5e80000)
 ParOldGen       total 860672K, used 859876K [0x0000000080000000, 0x00000000b4880000, 0x00000000d5580000)
  object space 860672K, 99% used [0x0000000080000000,0x00000000b47b9008,0x00000000b4880000)
 Metaspace       used 66924K, committed 68480K, reserved 1114112K
  class space    used 6769K, committed 7552K, reserved 1048576K
}
Event: 166.905 GC heap before
{Heap before GC invocations=1333 (full 3):
 PSYoungGen      total 8192K, used 7730K [0x00000000d5580000, 0x00000000d5e80000, 0x0000000100000000)
  eden space 7680K, 94% used [0x00000000d5580000,0x00000000d5c9ca48,0x00000000d5d00000)
  from space 512K, 87% used [0x00000000d5d00000,0x00000000d5d70000,0x00000000d5d80000)
  to   space 512K, 0% used [0x00000000d5e00000,0x00000000d5e00000,0x00000000d5e80000)
 ParOldGen       total 860672K, used 859876K [0x0000000080000000, 0x00000000b4880000, 0x00000000d5580000)
  object space 860672K, 99% used [0x0000000080000000,0x00000000b47b9008,0x00000000b4880000)
 Metaspace       used 66925K, committed 68480K, reserved 1114112K
  class space    used 6769K, committed 7552K, reserved 1048576K
}
Event: 166.906 GC heap after
{Heap after GC invocations=1333 (full 3):
 PSYoungGen      total 8192K, used 416K [0x00000000d5580000, 0x00000000d5e80000, 0x0000000100000000)
  eden space 7680K, 0% used [0x00000000d5580000,0x00000000d5580000,0x00000000d5d00000)
  from space 512K, 81% used [0x00000000d5e00000,0x00000000d5e68000,0x00000000d5e80000)
  to   space 512K, 0% used [0x00000000d5d00000,0x00000000d5d00000,0x00000000d5d80000)
 ParOldGen       total 860672K, used 860244K [0x0000000080000000, 0x00000000b4880000, 0x00000000d5580000)
  object space 860672K, 99% used [0x0000000080000000,0x00000000b4815008,0x00000000b4880000)
 Metaspace       used 66925K, committed 68480K, reserved 1114112K
  class space    used 6769K, committed 7552K, reserved 1048576K
}
Event: 166.920 GC heap before
{Heap before GC invocations=1334 (full 3):
 PSYoungGen      total 8192K, used 8096K [0x00000000d5580000, 0x00000000d5e80000, 0x0000000100000000)
  eden space 7680K, 100% used [0x00000000d5580000,0x00000000d5d00000,0x00000000d5d00000)
  from space 512K, 81% used [0x00000000d5e00000,0x00000000d5e68000,0x00000000d5e80000)
  to   space 512K, 0% used [0x00000000d5d00000,0x00000000d5d00000,0x00000000d5d80000)
 ParOldGen       total 860672K, used 860244K [0x0000000080000000, 0x00000000b4880000, 0x00000000d5580000)
  object space 860672K, 99% used [0x0000000080000000,0x00000000b4815008,0x00000000b4880000)
 Metaspace       used 66929K, committed 68480K, reserved 1114112K
  class space    used 6770K, committed 7552K, reserved 1048576K
}
Event: 166.922 GC heap after
{Heap after GC invocations=1334 (full 3):
 PSYoungGen      total 8192K, used 480K [0x00000000d5580000, 0x00000000d5e80000, 0x0000000100000000)
  eden space 7680K, 0% used [0x00000000d5580000,0x00000000d5580000,0x00000000d5d00000)
  from space 512K, 93% used [0x00000000d5d00000,0x00000000d5d78000,0x00000000d5d80000)
  to   space 512K, 0% used [0x00000000d5e00000,0x00000000d5e00000,0x00000000d5e80000)
 ParOldGen       total 860672K, used 860308K [0x0000000080000000, 0x00000000b4880000, 0x00000000d5580000)
  object space 860672K, 99% used [0x0000000080000000,0x00000000b4825008,0x00000000b4880000)
 Metaspace       used 66929K, committed 68480K, reserved 1114112K
  class space    used 6770K, committed 7552K, reserved 1048576K
}
Event: 166.938 GC heap before
{Heap before GC invocations=1335 (full 3):
 PSYoungGen      total 8192K, used 8160K [0x00000000d5580000, 0x00000000d5e80000, 0x0000000100000000)
  eden space 7680K, 100% used [0x00000000d5580000,0x00000000d5d00000,0x00000000d5d00000)
  from space 512K, 93% used [0x00000000d5d00000,0x00000000d5d78000,0x00000000d5d80000)
  to   space 512K, 0% used [0x00000000d5e00000,0x00000000d5e00000,0x00000000d5e80000)
 ParOldGen       total 860672K, used 860308K [0x0000000080000000, 0x00000000b4880000, 0x00000000d5580000)
  object space 860672K, 99% used [0x0000000080000000,0x00000000b4825008,0x00000000b4880000)
 Metaspace       used 66962K, committed 68544K, reserved 1114112K
  class space    used 6777K, committed 7552K, reserved 1048576K
}
Event: 166.940 GC heap after
{Heap after GC invocations=1335 (full 3):
 PSYoungGen      total 8192K, used 512K [0x00000000d5580000, 0x00000000d5f00000, 0x0000000100000000)
  eden space 7680K, 0% used [0x00000000d5580000,0x00000000d5580000,0x00000000d5d00000)
  from space 512K, 100% used [0x00000000d5e00000,0x00000000d5e80000,0x00000000d5e80000)
  to   space 1024K, 0% used [0x00000000d5d00000,0x00000000d5d00000,0x00000000d5e00000)
 ParOldGen       total 860672K, used 860404K [0x0000000080000000, 0x00000000b4880000, 0x00000000d5580000)
  object space 860672K, 99% used [0x0000000080000000,0x00000000b483d008,0x00000000b4880000)
 Metaspace       used 66962K, committed 68544K, reserved 1114112K
  class space    used 6777K, committed 7552K, reserved 1048576K
}
Event: 167.007 GC heap before
{Heap before GC invocations=1336 (full 3):
 PSYoungGen      total 8192K, used 8192K [0x00000000d5580000, 0x00000000d5f00000, 0x0000000100000000)
  eden space 7680K, 100% used [0x00000000d5580000,0x00000000d5d00000,0x00000000d5d00000)
  from space 512K, 100% used [0x00000000d5e00000,0x00000000d5e80000,0x00000000d5e80000)
  to   space 1024K, 0% used [0x00000000d5d00000,0x00000000d5d00000,0x00000000d5e00000)
 ParOldGen       total 860672K, used 860404K [0x0000000080000000, 0x00000000b4880000, 0x00000000d5580000)
  object space 860672K, 99% used [0x0000000080000000,0x00000000b483d008,0x00000000b4880000)
 Metaspace       used 66966K, committed 68608K, reserved 1114112K
  class space    used 6777K, committed 7552K, reserved 1048576K
}
Event: 167.009 GC heap after
{Heap after GC invocations=1336 (full 3):
 PSYoungGen      total 8704K, used 731K [0x00000000d5580000, 0x00000000d5f00000, 0x0000000100000000)
  eden space 7680K, 0% used [0x00000000d5580000,0x00000000d5580000,0x00000000d5d00000)
  from space 1024K, 71% used [0x00000000d5d00000,0x00000000d5db6d00,0x00000000d5e00000)
  to   space 1024K, 0% used [0x00000000d5e00000,0x00000000d5e00000,0x00000000d5f00000)
 ParOldGen       total 861184K, used 860868K [0x0000000080000000, 0x00000000b4900000, 0x00000000d5580000)
  object space 861184K, 99% used [0x0000000080000000,0x00000000b48b1008,0x00000000b4900000)
 Metaspace       used 66966K, committed 68608K, reserved 1114112K
  class space    used 6777K, committed 7552K, reserved 1048576K
}
Event: 167.028 GC heap before
{Heap before GC invocations=1337 (full 3):
 PSYoungGen      total 8704K, used 8407K [0x00000000d5580000, 0x00000000d5f00000, 0x0000000100000000)
  eden space 7680K, 99% used [0x00000000d5580000,0x00000000d5cff230,0x00000000d5d00000)
  from space 1024K, 71% used [0x00000000d5d00000,0x00000000d5db6d00,0x00000000d5e00000)
  to   space 1024K, 0% used [0x00000000d5e00000,0x00000000d5e00000,0x00000000d5f00000)
 ParOldGen       total 861184K, used 860868K [0x0000000080000000, 0x00000000b4900000, 0x00000000d5580000)
  object space 861184K, 99% used [0x0000000080000000,0x00000000b48b1008,0x00000000b4900000)
 Metaspace       used 66967K, committed 68608K, reserved 1114112K
  class space    used 6777K, committed 7552K, reserved 1048576K
}
Event: 167.031 GC heap after
{Heap after GC invocations=1337 (full 3):
 PSYoungGen      total 8704K, used 660K [0x00000000d5580000, 0x00000000d5f00000, 0x0000000100000000)
  eden space 7680K, 0% used [0x00000000d5580000,0x00000000d5580000,0x00000000d5d00000)
  from space 1024K, 64% used [0x00000000d5e00000,0x00000000d5ea50e0,0x00000000d5f00000)
  to   space 1024K, 0% used [0x00000000d5d00000,0x00000000d5d00000,0x00000000d5e00000)
 ParOldGen       total 863232K, used 862974K [0x0000000080000000, 0x00000000b4b00000, 0x00000000d5580000)
  object space 863232K, 99% used [0x0000000080000000,0x00000000b4abf9e8,0x00000000b4b00000)
 Metaspace       used 66967K, committed 68608K, reserved 1114112K
  class space    used 6777K, committed 7552K, reserved 1048576K
}
Event: 167.045 GC heap before
{Heap before GC invocations=1338 (full 3):
 PSYoungGen      total 8704K, used 8340K [0x00000000d5580000, 0x00000000d5f00000, 0x0000000100000000)
  eden space 7680K, 100% used [0x00000000d5580000,0x00000000d5d00000,0x00000000d5d00000)
  from space 1024K, 64% used [0x00000000d5e00000,0x00000000d5ea50e0,0x00000000d5f00000)
  to   space 1024K, 0% used [0x00000000d5d00000,0x00000000d5d00000,0x00000000d5e00000)
 ParOldGen       total 863232K, used 862974K [0x0000000080000000, 0x00000000b4b00000, 0x00000000d5580000)
  object space 863232K, 99% used [0x0000000080000000,0x00000000b4abf9e8,0x00000000b4b00000)
 Metaspace       used 66967K, committed 68608K, reserved 1114112K
  class space    used 6777K, committed 7552K, reserved 1048576K
}
Event: 167.047 GC heap after
{Heap after GC invocations=1338 (full 3):
 PSYoungGen      total 8704K, used 480K [0x00000000d5580000, 0x00000000d5f00000, 0x0000000100000000)
  eden space 7680K, 0% used [0x00000000d5580000,0x00000000d5580000,0x00000000d5d00000)
  from space 1024K, 46% used [0x00000000d5d00000,0x00000000d5d78000,0x00000000d5e00000)
  to   space 1024K, 0% used [0x00000000d5e00000,0x00000000d5e00000,0x00000000d5f00000)
 ParOldGen       total 863232K, used 863102K [0x0000000080000000, 0x00000000b4b00000, 0x00000000d5580000)
  object space 863232K, 99% used [0x0000000080000000,0x00000000b4adf9e8,0x00000000b4b00000)
 Metaspace       used 66967K, committed 68608K, reserved 1114112K
  class space    used 6777K, committed 7552K, reserved 1048576K
}
Event: 303.775 GC heap before
{Heap before GC invocations=1339 (full 3):
 PSYoungGen      total 8704K, used 8160K [0x00000000d5580000, 0x00000000d5f00000, 0x0000000100000000)
  eden space 7680K, 100% used [0x00000000d5580000,0x00000000d5d00000,0x00000000d5d00000)
  from space 1024K, 46% used [0x00000000d5d00000,0x00000000d5d78000,0x00000000d5e00000)
  to   space 1024K, 0% used [0x00000000d5e00000,0x00000000d5e00000,0x00000000d5f00000)
 ParOldGen       total 863232K, used 863102K [0x0000000080000000, 0x00000000b4b00000, 0x00000000d5580000)
  object space 863232K, 99% used [0x0000000080000000,0x00000000b4adf9e8,0x00000000b4b00000)
 Metaspace       used 67046K, committed 68672K, reserved 1114112K
  class space    used 6788K, committed 7552K, reserved 1048576K
}
Event: 303.776 GC heap after
{Heap after GC invocations=1339 (full 3):
 PSYoungGen      total 8192K, used 448K [0x00000000d5580000, 0x00000000d5e80000, 0x0000000100000000)
  eden space 7680K, 0% used [0x00000000d5580000,0x00000000d5580000,0x00000000d5d00000)
  from space 512K, 87% used [0x00000000d5e00000,0x00000000d5e70000,0x00000000d5e80000)
  to   space 512K, 0% used [0x00000000d5d80000,0x00000000d5d80000,0x00000000d5e00000)
 ParOldGen       total 863744K, used 863446K [0x0000000080000000, 0x00000000b4b80000, 0x00000000d5580000)
  object space 863744K, 99% used [0x0000000080000000,0x00000000b4b359e8,0x00000000b4b80000)
 Metaspace       used 67046K, committed 68672K, reserved 1114112K
  class space    used 6788K, committed 7552K, reserved 1048576K
}
Event: 650.197 GC heap before
{Heap before GC invocations=1340 (full 3):
 PSYoungGen      total 8192K, used 8127K [0x00000000d5580000, 0x00000000d5e80000, 0x0000000100000000)
  eden space 7680K, 99% used [0x00000000d5580000,0x00000000d5cfffe0,0x00000000d5d00000)
  from space 512K, 87% used [0x00000000d5e00000,0x00000000d5e70000,0x00000000d5e80000)
  to   space 512K, 0% used [0x00000000d5d80000,0x00000000d5d80000,0x00000000d5e00000)
 ParOldGen       total 863744K, used 863446K [0x0000000080000000, 0x00000000b4b80000, 0x00000000d5580000)
  object space 863744K, 99% used [0x0000000080000000,0x00000000b4b359e8,0x00000000b4b80000)
 Metaspace       used 67673K, committed 69248K, reserved 1114112K
  class space    used 6861K, committed 7616K, reserved 1048576K
}
Event: 650.199 GC heap after
{Heap after GC invocations=1340 (full 3):
 PSYoungGen      total 8192K, used 512K [0x00000000d5580000, 0x00000000d5f00000, 0x0000000100000000)
  eden space 7680K, 0% used [0x00000000d5580000,0x00000000d5580000,0x00000000d5d00000)
  from space 512K, 100% used [0x00000000d5d80000,0x00000000d5e00000,0x00000000d5e00000)
  to   space 1024K, 0% used [0x00000000d5e00000,0x00000000d5e00000,0x00000000d5f00000)
 ParOldGen       total 863744K, used 863734K [0x0000000080000000, 0x00000000b4b80000, 0x00000000d5580000)
  object space 863744K, 99% used [0x0000000080000000,0x00000000b4b7d9e8,0x00000000b4b80000)
 Metaspace       used 67673K, committed 69248K, reserved 1114112K
  class space    used 6861K, committed 7616K, reserved 1048576K
}

Dll operation events (10 events):
Event: 0.014 Loaded shared library c:\Users\Canopus\.vscode\extensions\redhat.java-1.43.1-win32-x64\jre\21.0.7-win32-x86_64\bin\java.dll
Event: 0.089 Loaded shared library c:\Users\Canopus\.vscode\extensions\redhat.java-1.43.1-win32-x64\jre\21.0.7-win32-x86_64\bin\zip.dll
Event: 0.111 Loaded shared library C:\Users\Canopus\.vscode\extensions\redhat.java-1.43.1-win32-x64\jre\21.0.7-win32-x86_64\bin\instrument.dll
Event: 0.117 Loaded shared library C:\Users\Canopus\.vscode\extensions\redhat.java-1.43.1-win32-x64\jre\21.0.7-win32-x86_64\bin\net.dll
Event: 0.120 Loaded shared library C:\Users\Canopus\.vscode\extensions\redhat.java-1.43.1-win32-x64\jre\21.0.7-win32-x86_64\bin\nio.dll
Event: 0.124 Loaded shared library C:\Users\Canopus\.vscode\extensions\redhat.java-1.43.1-win32-x64\jre\21.0.7-win32-x86_64\bin\zip.dll
Event: 0.140 Loaded shared library C:\Users\Canopus\.vscode\extensions\redhat.java-1.43.1-win32-x64\jre\21.0.7-win32-x86_64\bin\jimage.dll
Event: 0.221 Loaded shared library c:\Users\Canopus\.vscode\extensions\redhat.java-1.43.1-win32-x64\jre\21.0.7-win32-x86_64\bin\verify.dll
Event: 1.464 Loaded shared library C:\Users\Canopus\AppData\Roaming\Code\User\globalStorage\redhat.java\1.43.1\config_win\org.eclipse.equinox.launcher\org.eclipse.equinox.launcher.win32.win32.x86_64_1.2.1300.v20250331-1702\eclipse_11911.dll
Event: 2.980 Loaded shared library C:\Users\Canopus\AppData\Local\Temp\jna--2079729681\jna4717298345437895820.dll

Deoptimization events (20 events):
Event: 648.992 Thread 0x0000018fd80c3900 Uncommon trap: trap_request=0xffffffc6 fr.pc=0x0000018f87d36e88 relative=0x00000000000001e8
Event: 648.992 Thread 0x0000018fd80c3900 Uncommon trap: reason=bimorphic_or_optimized_type_check action=maybe_recompile pc=0x0000018f87d36e88 method=java.util.Collections.eq(Ljava/lang/Object;Ljava/lang/Object;)Z @ 18 c2
Event: 648.992 Thread 0x0000018fd80c3900 DEOPT PACKING pc=0x0000018f87d36e88 sp=0x0000004f960fe440
Event: 648.992 Thread 0x0000018fd80c3900 DEOPT UNPACKING pc=0x0000018f874a3aa2 sp=0x0000004f960fe380 mode 2
Event: 649.161 Thread 0x0000018fd62da8f0 Uncommon trap: trap_request=0xffffffc6 fr.pc=0x0000018f882cd1ac relative=0x000000000000008c
Event: 650.159 Thread 0x0000018fd62da8f0 Uncommon trap: reason=bimorphic_or_optimized_type_check action=maybe_recompile pc=0x0000018f882cd1ac method=java.util.Collections$UnmodifiableMap$UnmodifiableEntrySet$1.hasNext()Z @ 4 c2
Event: 650.175 Thread 0x0000018fd62da8f0 DEOPT PACKING pc=0x0000018f882cd1ac sp=0x0000004f93ffe8c0
Event: 650.175 Thread 0x0000018fd62da8f0 DEOPT UNPACKING pc=0x0000018f874a3aa2 sp=0x0000004f93ffe848 mode 2
Event: 650.231 Thread 0x0000018fd62da8f0 Uncommon trap: trap_request=0xffffff45 fr.pc=0x0000018f87c47ba4 relative=0x0000000000000184
Event: 650.231 Thread 0x0000018fd62da8f0 Uncommon trap: reason=unstable_if action=reinterpret pc=0x0000018f87c47ba4 method=java.lang.StringCoding.implEncodeAsciiArray([CI[BII)I @ 23 c2
Event: 650.231 Thread 0x0000018fd62da8f0 DEOPT PACKING pc=0x0000018f87c47ba4 sp=0x0000004f93ffd5f0
Event: 650.231 Thread 0x0000018fd62da8f0 DEOPT UNPACKING pc=0x0000018f874a3aa2 sp=0x0000004f93ffd560 mode 2
Event: 650.397 Thread 0x0000018fd62da8f0 Uncommon trap: trap_request=0xffffffc6 fr.pc=0x0000018f87d36e88 relative=0x00000000000001e8
Event: 650.397 Thread 0x0000018fd62da8f0 Uncommon trap: reason=bimorphic_or_optimized_type_check action=maybe_recompile pc=0x0000018f87d36e88 method=java.util.Collections.eq(Ljava/lang/Object;Ljava/lang/Object;)Z @ 18 c2
Event: 650.397 Thread 0x0000018fd62da8f0 DEOPT PACKING pc=0x0000018f87d36e88 sp=0x0000004f93ffe5a0
Event: 650.397 Thread 0x0000018fd62da8f0 DEOPT UNPACKING pc=0x0000018f874a3aa2 sp=0x0000004f93ffe4e0 mode 2
Event: 650.398 Thread 0x0000018fd62da8f0 Uncommon trap: trap_request=0xffffffc6 fr.pc=0x0000018f87d36e88 relative=0x00000000000001e8
Event: 650.398 Thread 0x0000018fd62da8f0 Uncommon trap: reason=bimorphic_or_optimized_type_check action=maybe_recompile pc=0x0000018f87d36e88 method=java.util.Collections.eq(Ljava/lang/Object;Ljava/lang/Object;)Z @ 18 c2
Event: 650.398 Thread 0x0000018fd62da8f0 DEOPT PACKING pc=0x0000018f87d36e88 sp=0x0000004f93ffe700
Event: 650.398 Thread 0x0000018fd62da8f0 DEOPT UNPACKING pc=0x0000018f874a3aa2 sp=0x0000004f93ffe640 mode 2

Classes loaded (20 events):
Event: 303.777 Loading class java/util/function/LongFunction
Event: 303.777 Loading class java/util/function/LongFunction done
Event: 303.777 Loading class java/util/stream/Nodes$ConcNode
Event: 303.778 Loading class java/util/stream/Nodes$AbstractConcNode
Event: 303.778 Loading class java/util/stream/Nodes$AbstractConcNode done
Event: 303.778 Loading class java/util/stream/Nodes$ConcNode done
Event: 648.954 Loading class java/io/SequenceInputStream
Event: 648.954 Loading class java/io/SequenceInputStream done
Event: 648.975 Loading class org/xml/sax/SAXNotRecognizedException
Event: 648.975 Loading class org/xml/sax/SAXNotRecognizedException done
Event: 648.975 Loading class org/xml/sax/SAXNotSupportedException
Event: 648.975 Loading class org/xml/sax/SAXNotSupportedException done
Event: 648.976 Loading class com/sun/org/apache/xerces/internal/util/URI
Event: 648.976 Loading class com/sun/org/apache/xerces/internal/util/URI done
Event: 648.977 Loading class com/sun/org/apache/xerces/internal/xni/XNIException
Event: 648.977 Loading class com/sun/org/apache/xerces/internal/xni/XNIException done
Event: 648.980 Loading class com/sun/org/apache/xerces/internal/xni/parser/XMLParseException
Event: 648.980 Loading class com/sun/org/apache/xerces/internal/xni/parser/XMLParseException done
Event: 650.231 Loading class java/nio/BufferMismatch
Event: 650.231 Loading class java/nio/BufferMismatch done

Classes unloaded (7 events):
Event: 3.446 Thread 0x0000018ff67d49b0 Unloading class 0x0000018f901a4800 'java/lang/invoke/LambdaForm$MH+0x0000018f901a4800'
Event: 3.446 Thread 0x0000018ff67d49b0 Unloading class 0x0000018f901a4400 'java/lang/invoke/LambdaForm$MH+0x0000018f901a4400'
Event: 3.446 Thread 0x0000018ff67d49b0 Unloading class 0x0000018f901a4000 'java/lang/invoke/LambdaForm$MH+0x0000018f901a4000'
Event: 3.446 Thread 0x0000018ff67d49b0 Unloading class 0x0000018f901a3c00 'java/lang/invoke/LambdaForm$MH+0x0000018f901a3c00'
Event: 3.446 Thread 0x0000018ff67d49b0 Unloading class 0x0000018f901a3800 'java/lang/invoke/LambdaForm$BMH+0x0000018f901a3800'
Event: 3.446 Thread 0x0000018ff67d49b0 Unloading class 0x0000018f901a3400 'java/lang/invoke/LambdaForm$DMH+0x0000018f901a3400'
Event: 3.446 Thread 0x0000018ff67d49b0 Unloading class 0x0000018f901a2000 'java/lang/invoke/LambdaForm$DMH+0x0000018f901a2000'

Classes redefined (0 events):
No events

Internal exceptions (20 events):
Event: 166.863 Thread 0x0000018fdaa9fd80 Exception <a 'sun/nio/fs/WindowsException'{0x00000000d5744660}> (0x00000000d5744660) 
thrown [s\src\hotspot\share\prims\jni.cpp, line 520]
Event: 166.887 Thread 0x0000018fe51d7520 Exception <a 'sun/nio/fs/WindowsException'{0x00000000d55c4620}> (0x00000000d55c4620) 
thrown [s\src\hotspot\share\prims\jni.cpp, line 520]
Event: 166.887 Thread 0x0000018fe51d7520 Exception <a 'sun/nio/fs/WindowsException'{0x00000000d59616f8}> (0x00000000d59616f8) 
thrown [s\src\hotspot\share\prims\jni.cpp, line 520]
Event: 166.909 Thread 0x0000018fdaa9fd80 Exception <a 'sun/nio/fs/WindowsException'{0x00000000d5814ad8}> (0x00000000d5814ad8) 
thrown [s\src\hotspot\share\prims\jni.cpp, line 520]
Event: 166.909 Thread 0x0000018fdaa9fd80 Exception <a 'sun/nio/fs/WindowsException'{0x00000000d58153b8}> (0x00000000d58153b8) 
thrown [s\src\hotspot\share\prims\jni.cpp, line 520]
Event: 166.912 Thread 0x0000018fe51d7520 Exception <a 'sun/nio/fs/WindowsException'{0x00000000d5a6c2f0}> (0x00000000d5a6c2f0) 
thrown [s\src\hotspot\share\prims\jni.cpp, line 520]
Event: 166.912 Thread 0x0000018fe51d7520 Exception <a 'sun/nio/fs/WindowsException'{0x00000000d5a6cbd0}> (0x00000000d5a6cbd0) 
thrown [s\src\hotspot\share\prims\jni.cpp, line 520]
Event: 166.927 Thread 0x0000018fdaa9fd80 Exception <a 'sun/nio/fs/WindowsException'{0x00000000d597a700}> (0x00000000d597a700) 
thrown [s\src\hotspot\share\prims\jni.cpp, line 520]
Event: 166.927 Thread 0x0000018fdaa9fd80 Exception <a 'sun/nio/fs/WindowsException'{0x00000000d597afe0}> (0x00000000d597afe0) 
thrown [s\src\hotspot\share\prims\jni.cpp, line 520]
Event: 166.946 Thread 0x0000018fdaa9fd80 Exception <a 'sun/nio/fs/WindowsException'{0x00000000d59b7d00}> (0x00000000d59b7d00) 
thrown [s\src\hotspot\share\prims\jni.cpp, line 520]
Event: 166.946 Thread 0x0000018fe51d7520 Exception <a 'sun/nio/fs/WindowsException'{0x00000000d59bfcb0}> (0x00000000d59bfcb0) 
thrown [s\src\hotspot\share\prims\jni.cpp, line 520]
Event: 166.946 Thread 0x0000018fdaa9fd80 Exception <a 'sun/nio/fs/WindowsException'{0x00000000d59b85e0}> (0x00000000d59b85e0) 
thrown [s\src\hotspot\share\prims\jni.cpp, line 520]
Event: 166.946 Thread 0x0000018fe51d7520 Exception <a 'sun/nio/fs/WindowsException'{0x00000000d59c0590}> (0x00000000d59c0590) 
thrown [s\src\hotspot\share\prims\jni.cpp, line 520]
Event: 166.963 Thread 0x0000018fe51d7520 Implicit null exception at 0x0000018f8872b9e7 to 0x0000018f8872ca9c
Event: 167.069 Thread 0x0000018fe51d7520 Exception <a 'sun/nio/fs/WindowsException'{0x00000000d5c21308}> (0x00000000d5c21308) 
thrown [s\src\hotspot\share\prims\jni.cpp, line 520]
Event: 167.069 Thread 0x0000018fe51d7520 Exception <a 'sun/nio/fs/WindowsException'{0x00000000d5c21be8}> (0x00000000d5c21be8) 
thrown [s\src\hotspot\share\prims\jni.cpp, line 520]
Event: 303.792 Thread 0x0000018fd62df7b0 Exception <a 'java/lang/NoSuchMethodError'{0x00000000d566bb40}: static [J.<clinit>()V> (0x00000000d566bb40) 
thrown [s\src\hotspot\share\prims\jni.cpp, line 1111]
Event: 648.995 Thread 0x0000018fd80c3900 Exception <a 'java/io/FileNotFoundException'{0x00000000d5a15590}> (0x00000000d5a15590) 
thrown [s\src\hotspot\share\prims\jni.cpp, line 520]
Event: 648.995 Thread 0x0000018fd80c3900 Exception <a 'java/io/FileNotFoundException'{0x00000000d5a16838}> (0x00000000d5a16838) 
thrown [s\src\hotspot\share\prims\jni.cpp, line 520]
Event: 650.184 Thread 0x0000018fd62da8f0 Exception <a 'java/lang/NoSuchMethodError'{0x00000000d5c0bd78}: 'int java.lang.invoke.DirectMethodHandle$Holder.invokeStatic(java.lang.Object, java.lang.Object, java.lang.Object, java.lang.Object, java.lang.Object, java.lang.Object)'> (0x00000000d5c0bd78) 
thrown [s\src\hotspot\share\interpreter\linkResolver.cpp, line 773]

ZGC Phase Switch (0 events):
No events

VM Operations (20 events):
Event: 541.155 Executing VM operation: RendezvousGCThreads
Event: 541.155 Executing VM operation: RendezvousGCThreads done
Event: 585.559 Executing VM operation: Cleanup
Event: 585.559 Executing VM operation: Cleanup done
Event: 601.325 Executing VM operation: HandshakeAllThreads (HandshakeForDeflation)
Event: 601.325 Executing VM operation: HandshakeAllThreads (HandshakeForDeflation) done
Event: 601.325 Executing VM operation: RendezvousGCThreads
Event: 601.325 Executing VM operation: RendezvousGCThreads done
Event: 602.324 Executing VM operation: Cleanup
Event: 602.325 Executing VM operation: Cleanup done
Event: 648.980 Executing VM operation: HandshakeAllThreads (Deoptimize)
Event: 648.980 Executing VM operation: HandshakeAllThreads (Deoptimize) done
Event: 648.980 Executing VM operation: Cleanup
Event: 648.980 Executing VM operation: Cleanup done
Event: 649.986 Executing VM operation: Cleanup
Event: 650.175 Executing VM operation: Cleanup done
Event: 650.197 Executing VM operation: ParallelGCFailedAllocation (Allocation Failure)
Event: 650.199 Executing VM operation: ParallelGCFailedAllocation (Allocation Failure) done
Event: 651.208 Executing VM operation: Cleanup
Event: 651.333 Executing VM operation: Cleanup done

Memory protections (0 events):
No events

Nmethod flushes (20 events):
Event: 11.585 Thread 0x0000018ff67d49b0 flushing  nmethod 0x0000018f80a77d90
Event: 11.585 Thread 0x0000018ff67d49b0 flushing  nmethod 0x0000018f80a79090
Event: 11.585 Thread 0x0000018ff67d49b0 flushing  nmethod 0x0000018f80a81a90
Event: 11.585 Thread 0x0000018ff67d49b0 flushing  nmethod 0x0000018f80a9b190
Event: 11.585 Thread 0x0000018ff67d49b0 flushing  nmethod 0x0000018f80aa2c10
Event: 11.585 Thread 0x0000018ff67d49b0 flushing  nmethod 0x0000018f80aa3690
Event: 11.585 Thread 0x0000018ff67d49b0 flushing  nmethod 0x0000018f80aa4610
Event: 11.585 Thread 0x0000018ff67d49b0 flushing  nmethod 0x0000018f80aa4e90
Event: 11.585 Thread 0x0000018ff67d49b0 flushing  nmethod 0x0000018f80aa5210
Event: 11.585 Thread 0x0000018ff67d49b0 flushing  nmethod 0x0000018f80ab5190
Event: 11.585 Thread 0x0000018ff67d49b0 flushing  nmethod 0x0000018f80ac6d10
Event: 11.585 Thread 0x0000018ff67d49b0 flushing  nmethod 0x0000018f80accf90
Event: 11.585 Thread 0x0000018ff67d49b0 flushing  nmethod 0x0000018f80ae4790
Event: 11.585 Thread 0x0000018ff67d49b0 flushing  nmethod 0x0000018f80ae6490
Event: 11.585 Thread 0x0000018ff67d49b0 flushing  nmethod 0x0000018f80ae7b90
Event: 11.585 Thread 0x0000018ff67d49b0 flushing  nmethod 0x0000018f80b10b10
Event: 11.585 Thread 0x0000018ff67d49b0 flushing  nmethod 0x0000018f80b11110
Event: 11.585 Thread 0x0000018ff67d49b0 flushing  nmethod 0x0000018f80b19710
Event: 11.585 Thread 0x0000018ff67d49b0 flushing  nmethod 0x0000018f80b4a090
Event: 11.585 Thread 0x0000018ff67d49b0 flushing  nmethod 0x0000018f80b8d990

Events (20 events):
Event: 310.151 Thread 0x0000018fd875e2e0 Thread exited: 0x0000018fd875e2e0
Event: 310.183 Thread 0x0000018fda4fcc60 Thread exited: 0x0000018fda4fcc60
Event: 310.198 Thread 0x0000018fdaad2af0 Thread exited: 0x0000018fdaad2af0
Event: 310.340 Thread 0x0000018fd875e970 Thread exited: 0x0000018fd875e970
Event: 313.231 Thread 0x0000018fd7d4f770 Thread exited: 0x0000018fd7d4f770
Event: 313.231 Thread 0x0000018fd7d4f0a0 Thread exited: 0x0000018fd7d4f0a0
Event: 347.092 Thread 0x0000018fe51d40a0 Thread exited: 0x0000018fe51d40a0
Event: 370.211 Thread 0x0000018fdaad4530 Thread exited: 0x0000018fdaad4530
Event: 407.107 Thread 0x0000018fe51d5450 Thread exited: 0x0000018fe51d5450
Event: 430.220 Thread 0x0000018fdaad58e0 Thread exited: 0x0000018fdaad58e0
Event: 467.117 Thread 0x0000018fe51d88d0 Thread exited: 0x0000018fe51d88d0
Event: 490.222 Thread 0x0000018fdaad4bc0 Thread exited: 0x0000018fdaad4bc0
Event: 527.126 Thread 0x0000018fe51d8240 Thread exited: 0x0000018fe51d8240
Event: 550.224 Thread 0x0000018fdaad0390 Thread exited: 0x0000018fdaad0390
Event: 587.133 Thread 0x0000018fe51d7bb0 Thread exited: 0x0000018fe51d7bb0
Event: 610.236 Thread 0x0000018fdaad5f70 Thread exited: 0x0000018fdaad5f70
Event: 647.145 Thread 0x0000018fd8761df0 Thread exited: 0x0000018fd8761df0
Event: 649.128 Thread 0x0000018fff5eaf00 Thread added: 0x0000018fe2bd9980
Event: 649.129 Thread 0x0000018fff5eaf00 Thread added: 0x0000018fe2bd92b0
Event: 651.332 Thread 0x0000018fd62df7b0 Thread added: 0x0000018fe51d6800


Dynamic libraries:
0x00007ff635d00000 - 0x00007ff635d0e000 	c:\Users\Canopus\.vscode\extensions\redhat.java-1.43.1-win32-x64\jre\21.0.7-win32-x86_64\bin\java.exe
0x00007ffc9a120000 - 0x00007ffc9a388000 	C:\WINDOWS\SYSTEM32\ntdll.dll
0x00007ffc98c60000 - 0x00007ffc98d29000 	C:\WINDOWS\System32\KERNEL32.DLL
0x00007ffc97980000 - 0x00007ffc97d6d000 	C:\WINDOWS\System32\KERNELBASE.dll
0x00007ffc97770000 - 0x00007ffc978bb000 	C:\WINDOWS\System32\ucrtbase.dll
0x00007ffc62060000 - 0x00007ffc62078000 	c:\Users\Canopus\.vscode\extensions\redhat.java-1.43.1-win32-x64\jre\21.0.7-win32-x86_64\bin\jli.dll
0x00007ffc62080000 - 0x00007ffc6209e000 	c:\Users\Canopus\.vscode\extensions\redhat.java-1.43.1-win32-x64\jre\21.0.7-win32-x86_64\bin\VCRUNTIME140.dll
0x00007ffc99c90000 - 0x00007ffc99e5c000 	C:\WINDOWS\System32\USER32.dll
0x00007ffc97570000 - 0x00007ffc97597000 	C:\WINDOWS\System32\win32u.dll
0x00007ffc7fa00000 - 0x00007ffc7fc9a000 	C:\WINDOWS\WinSxS\amd64_microsoft.windows.common-controls_6595b64144ccf1df_6.0.26100.4484_none_3e0e6d4ce32ef3b3\COMCTL32.dll
0x00007ffc98470000 - 0x00007ffc9849b000 	C:\WINDOWS\System32\GDI32.dll
0x00007ffc98360000 - 0x00007ffc98409000 	C:\WINDOWS\System32\msvcrt.dll
0x00007ffc97630000 - 0x00007ffc97767000 	C:\WINDOWS\System32\gdi32full.dll
0x00007ffc97e10000 - 0x00007ffc97eb3000 	C:\WINDOWS\System32\msvcp_win.dll
0x00007ffc98070000 - 0x00007ffc9809f000 	C:\WINDOWS\System32\IMM32.DLL
0x00007ffc69460000 - 0x00007ffc6946c000 	c:\Users\Canopus\.vscode\extensions\redhat.java-1.43.1-win32-x64\jre\21.0.7-win32-x86_64\bin\vcruntime140_1.dll
0x00007ffc59070000 - 0x00007ffc590fd000 	c:\Users\Canopus\.vscode\extensions\redhat.java-1.43.1-win32-x64\jre\21.0.7-win32-x86_64\bin\msvcp140.dll
0x00007ffbe8870000 - 0x00007ffbe9600000 	c:\Users\Canopus\.vscode\extensions\redhat.java-1.43.1-win32-x64\jre\21.0.7-win32-x86_64\bin\server\jvm.dll
0x00007ffc98290000 - 0x00007ffc98344000 	C:\WINDOWS\System32\ADVAPI32.dll
0x00007ffc9a030000 - 0x00007ffc9a0d6000 	C:\WINDOWS\System32\sechost.dll
0x00007ffc99e60000 - 0x00007ffc99f78000 	C:\WINDOWS\System32\RPCRT4.dll
0x00007ffc99a10000 - 0x00007ffc99a84000 	C:\WINDOWS\System32\WS2_32.dll
0x00007ffc8f4e0000 - 0x00007ffc8f515000 	C:\WINDOWS\SYSTEM32\WINMM.dll
0x00007ffc970c0000 - 0x00007ffc9711e000 	C:\WINDOWS\SYSTEM32\POWRPROF.dll
0x00007ffc90cd0000 - 0x00007ffc90cdb000 	C:\WINDOWS\SYSTEM32\VERSION.dll
0x00007ffc970a0000 - 0x00007ffc970b4000 	C:\WINDOWS\SYSTEM32\UMPDC.dll
0x00007ffc95f30000 - 0x00007ffc95f4b000 	C:\WINDOWS\SYSTEM32\kernel.appcore.dll
0x00007ffc69140000 - 0x00007ffc6914a000 	c:\Users\Canopus\.vscode\extensions\redhat.java-1.43.1-win32-x64\jre\21.0.7-win32-x86_64\bin\jimage.dll
0x00007ffc87fd0000 - 0x00007ffc88211000 	C:\WINDOWS\SYSTEM32\DBGHELP.DLL
0x00007ffc99680000 - 0x00007ffc99a06000 	C:\WINDOWS\System32\combase.dll
0x00007ffc994b0000 - 0x00007ffc99590000 	C:\WINDOWS\System32\OLEAUT32.dll
0x00007ffc87f80000 - 0x00007ffc87fc3000 	C:\WINDOWS\SYSTEM32\dbgcore.DLL
0x00007ffc97d70000 - 0x00007ffc97e09000 	C:\WINDOWS\System32\bcryptPrimitives.dll
0x00007ffc865e0000 - 0x00007ffc865ef000 	c:\Users\Canopus\.vscode\extensions\redhat.java-1.43.1-win32-x64\jre\21.0.7-win32-x86_64\bin\instrument.dll
0x00007ffc62040000 - 0x00007ffc6205f000 	c:\Users\Canopus\.vscode\extensions\redhat.java-1.43.1-win32-x64\jre\21.0.7-win32-x86_64\bin\java.dll
0x00007ffc98d60000 - 0x00007ffc994aa000 	C:\WINDOWS\System32\SHELL32.dll
0x00007ffc97270000 - 0x00007ffc973e4000 	C:\WINDOWS\System32\wintypes.dll
0x00007ffc94e90000 - 0x00007ffc956eb000 	C:\WINDOWS\SYSTEM32\windows.storage.dll
0x00007ffc98b60000 - 0x00007ffc98c55000 	C:\WINDOWS\System32\SHCORE.dll
0x00007ffc99c10000 - 0x00007ffc99c7a000 	C:\WINDOWS\System32\shlwapi.dll
0x00007ffc97180000 - 0x00007ffc971af000 	C:\WINDOWS\SYSTEM32\profapi.dll
0x00007ffc62020000 - 0x00007ffc62038000 	c:\Users\Canopus\.vscode\extensions\redhat.java-1.43.1-win32-x64\jre\21.0.7-win32-x86_64\bin\zip.dll
0x00007ffc680b0000 - 0x00007ffc680c0000 	C:\Users\Canopus\.vscode\extensions\redhat.java-1.43.1-win32-x64\jre\21.0.7-win32-x86_64\bin\net.dll
0x00007ffc8ffd0000 - 0x00007ffc900ee000 	C:\WINDOWS\SYSTEM32\WINHTTP.dll
0x00007ffc96540000 - 0x00007ffc965aa000 	C:\WINDOWS\system32\mswsock.dll
0x00007ffc5c4d0000 - 0x00007ffc5c4e6000 	C:\Users\Canopus\.vscode\extensions\redhat.java-1.43.1-win32-x64\jre\21.0.7-win32-x86_64\bin\nio.dll
0x00007ffc84870000 - 0x00007ffc84880000 	c:\Users\Canopus\.vscode\extensions\redhat.java-1.43.1-win32-x64\jre\21.0.7-win32-x86_64\bin\verify.dll
0x00007ffc78450000 - 0x00007ffc78495000 	C:\Users\Canopus\AppData\Roaming\Code\User\globalStorage\redhat.java\1.43.1\config_win\org.eclipse.equinox.launcher\org.eclipse.equinox.launcher.win32.win32.x86_64_1.2.1300.v20250331-1702\eclipse_11911.dll
0x00007ffc97ec0000 - 0x00007ffc9805e000 	C:\WINDOWS\System32\ole32.dll
0x00007ffc96920000 - 0x00007ffc9693b000 	C:\WINDOWS\SYSTEM32\CRYPTSP.dll
0x00007ffc95f50000 - 0x00007ffc95f8b000 	C:\WINDOWS\system32\rsaenh.dll
0x00007ffc965e0000 - 0x00007ffc9660b000 	C:\WINDOWS\SYSTEM32\USERENV.dll
0x00007ffc97150000 - 0x00007ffc97176000 	C:\WINDOWS\SYSTEM32\bcrypt.dll
0x00007ffc96780000 - 0x00007ffc9678c000 	C:\WINDOWS\SYSTEM32\CRYPTBASE.dll
0x00007ffc959e0000 - 0x00007ffc95a13000 	C:\WINDOWS\SYSTEM32\IPHLPAPI.DLL
0x00007ffc98350000 - 0x00007ffc9835a000 	C:\WINDOWS\System32\NSI.dll
0x00007ffc6f870000 - 0x00007ffc6f8b9000 	C:\Users\Canopus\AppData\Local\Temp\jna--2079729681\jna4717298345437895820.dll
0x00007ffc99c80000 - 0x00007ffc99c88000 	C:\WINDOWS\System32\PSAPI.DLL
0x00007ffc90430000 - 0x00007ffc9044f000 	C:\WINDOWS\SYSTEM32\dhcpcsvc6.DLL
0x00007ffc90400000 - 0x00007ffc90425000 	C:\WINDOWS\SYSTEM32\dhcpcsvc.DLL
0x00007ffc96100000 - 0x00007ffc96136000 	C:\WINDOWS\SYSTEM32\ntmarta.dll

dbghelp: loaded successfully - version: 4.0.5 - missing functions: none
symbol engine: initialized successfully - sym options: 0x614 - pdb path: .;c:\Users\Canopus\.vscode\extensions\redhat.java-1.43.1-win32-x64\jre\21.0.7-win32-x86_64\bin;C:\WINDOWS\SYSTEM32;C:\WINDOWS\WinSxS\amd64_microsoft.windows.common-controls_6595b64144ccf1df_6.0.26100.4484_none_3e0e6d4ce32ef3b3;c:\Users\Canopus\.vscode\extensions\redhat.java-1.43.1-win32-x64\jre\21.0.7-win32-x86_64\bin\server;C:\Users\Canopus\AppData\Roaming\Code\User\globalStorage\redhat.java\1.43.1\config_win\org.eclipse.equinox.launcher\org.eclipse.equinox.launcher.win32.win32.x86_64_1.2.1300.v20250331-1702;C:\Users\Canopus\AppData\Local\Temp\jna--2079729681

VM Arguments:
jvm_args: --add-modules=ALL-SYSTEM --add-opens=java.base/java.util=ALL-UNNAMED --add-opens=java.base/java.lang=ALL-UNNAMED --add-opens=java.base/sun.nio.fs=ALL-UNNAMED -Declipse.application=org.eclipse.jdt.ls.core.id1 -Dosgi.bundles.defaultStartLevel=4 -Declipse.product=org.eclipse.jdt.ls.core.product -Djava.import.generatesMetadataFilesAtProjectRoot=false -DDetectVMInstallationsJob.disabled=true -Dfile.encoding=utf8 -XX:+UseParallelGC -XX:GCTimeRatio=4 -XX:AdaptiveSizePolicyWeight=90 -Dsun.zip.disableMemoryMapping=true -Xmx2G -Xms100m -Xlog:disable -javaagent:c:\Users\Canopus\.vscode\extensions\redhat.java-1.43.1-win32-x64\lombok\lombok-1.18.39-4050.jar -XX:+HeapDumpOnOutOfMemoryError -XX:HeapDumpPath=c:\Users\Canopus\AppData\Roaming\Code\User\workspaceStorage\04432dc5d6c8664d531cee8cb84fceb7\redhat.java -Daether.dependencyCollector.impl=bf 
java_command: c:\Users\Canopus\.vscode\extensions\redhat.java-1.43.1-win32-x64\server\plugins\org.eclipse.equinox.launcher_1.7.0.v20250519-0528.jar -configuration c:\Users\Canopus\AppData\Roaming\Code\User\globalStorage\redhat.java\1.43.1\config_win -data c:\Users\Canopus\AppData\Roaming\Code\User\workspaceStorage\04432dc5d6c8664d531cee8cb84fceb7\redhat.java\jdt_ws --pipe=\\.\pipe\lsp-893c8fc76094afe303b9d57604d365a2-sock
java_class_path (initial): c:\Users\Canopus\.vscode\extensions\redhat.java-1.43.1-win32-x64\server\plugins\org.eclipse.equinox.launcher_1.7.0.v20250519-0528.jar
Launcher Type: SUN_STANDARD

[Global flags]
    uintx AdaptiveSizePolicyWeight                 = 90                                        {product} {command line}
     intx CICompilerCount                          = 12                                        {product} {ergonomic}
    uintx GCTimeRatio                              = 4                                         {product} {command line}
     bool HeapDumpOnOutOfMemoryError               = true                                   {manageable} {command line}
    ccstr HeapDumpPath                             = c:\Users\Canopus\AppData\Roaming\Code\User\workspaceStorage\04432dc5d6c8664d531cee8cb84fceb7\redhat.java         {manageable} {command line}
   size_t InitialHeapSize                          = 104857600                                 {product} {command line}
   size_t MaxHeapSize                              = 2147483648                                {product} {command line}
   size_t MaxNewSize                               = 715653120                                 {product} {ergonomic}
   size_t MinHeapDeltaBytes                        = 524288                                    {product} {ergonomic}
   size_t MinHeapSize                              = 104857600                                 {product} {command line}
   size_t NewSize                                  = 34603008                                  {product} {ergonomic}
    uintx NonNMethodCodeHeapSize                   = 7602480                                {pd product} {ergonomic}
    uintx NonProfiledCodeHeapSize                  = 122027880                              {pd product} {ergonomic}
   size_t OldSize                                  = 70254592                                  {product} {ergonomic}
    uintx ProfiledCodeHeapSize                     = 122027880                              {pd product} {ergonomic}
    uintx ReservedCodeCacheSize                    = 251658240                              {pd product} {ergonomic}
     bool SegmentedCodeCache                       = true                                      {product} {ergonomic}
   size_t SoftMaxHeapSize                          = 2147483648                             {manageable} {ergonomic}
     bool UseCompressedOops                        = true                           {product lp64_product} {ergonomic}
     bool UseLargePagesIndividualAllocation        = false                                  {pd product} {ergonomic}
     bool UseParallelGC                            = true                                      {product} {command line}

Logging:
Log output configuration:
 #0: stdout all=off uptime,level,tags foldmultilines=false
 #1: stderr all=off uptime,level,tags foldmultilines=false

Environment Variables:
JAVA_HOME=C:\Program Files\Java\jdk-20
CLASSPATH=D:\LINGO64_21\Lingo21.jar
PATH=C:\Program Files\Common Files\Oracle\Java\javapath;D:\VMware Workstation Player\bin\;C:\Program Files (x86)\Common Files\Oracle\Java\javapath;C:\WINDOWS\system32;C:\WINDOWS;C:\WINDOWS\System32\Wbem;C:\WINDOWS\System32\WindowsPowerShell\v1.0\;C:\WINDOWS\System32\OpenSSH\;D:\Git\cmd;D:\Node.js®\;C:\Program Files\Java\jdk-20\bin;C:\Program Files\Calibre2\;C:\Program Files (x86)\Microsoft SQL Server\160\Tools\Binn\;C:\Program Files\Microsoft SQL Server\160\Tools\Binn\;C:\Program Files\Microsoft SQL Server\Client SDK\ODBC\170\Tools\Binn\;C:\Program Files\Microsoft SQL Server\160\DTS\Binn\;C:\Program Files\Azure Data Studio\bin;C:\Program Files (x86)\Microsoft SQL Server\160\DTS\Binn\;C:\xampp\php;D:\LINGO64_21\;C:\Program Files\Docker\Docker\resources\bin;C:\Users\Canopus\AppData\Local\Programs\Python\Python312\Scripts\;C:\Users\Canopus\AppData\Local\Programs\Python\Python312\;C:\Users\Canopus\AppData\Local\Microsoft\WindowsApps;D:\Visual Studio Code\bin;C:\Users\Canopus\AppData\Roaming\npm;C:\Program Files\Azure Data Studio\bin;C:\Users\Canopus\AppData\Roaming\Programs\Zero Install;C:\Users\Canopus\AppData\Local\Programs\cursor\resources\app\bin;C:\Users\Canopus\AppData\Local\GitHubDesktop\bin;C:\Users\Canopus\AppData\Local\Microsoft\WindowsApps;
USERNAME=Canopus
OS=Windows_NT
PROCESSOR_IDENTIFIER=AMD64 Family 23 Model 104 Stepping 1, AuthenticAMD
TMP=C:\Users\Canopus\AppData\Local\Temp
TEMP=C:\Users\Canopus\AppData\Local\Temp




Periodic native trim disabled

---------------  S Y S T E M  ---------------

OS:
 Windows 11 , 64 bit Build 26100 (10.0.26100.4484)
OS uptime: 1 days 0:53 hours
Hyper-V role detected

CPU: total 16 (initial active 16) (16 cores per cpu, 2 threads per core) family 23 model 104 stepping 1 microcode 0x8608102, cx8, cmov, fxsr, ht, mmx, 3dnowpref, sse, sse2, sse3, ssse3, sse4a, sse4.1, sse4.2, popcnt, lzcnt, tsc, tscinvbit, avx, avx2, aes, clmul, bmi1, bmi2, adx, sha, fma, vzeroupper, clflush, clflushopt, hv, rdtscp, rdpid, f16c
Processor Information for the first 16 processors :
  Max Mhz: 1801, Current Mhz: 1801, Mhz Limit: 1801

Memory: 4k page, system-wide physical 14197M (1484M free)
TotalPageFile size 24197M (AvailPageFile size 5M)
current process WorkingSet (physical memory assigned to process): 816M, peak: 1274M
current process commit charge ("private bytes"): 1229M, peak: 1248M

vm_info: OpenJDK 64-Bit Server VM (21.0.7+6-LTS) for windows-amd64 JRE (21.0.7+6-LTS), built on 2025-04-15T00:00:00Z by "admin" with MS VC++ 17.7 (VS2022)

END.
