#
# There is insufficient memory for the Java Runtime Environment to continue.
# Native memory allocation (malloc) failed to allocate 2049536 bytes. Error detail: Chunk::new
# Possible reasons:
#   The system is out of physical RAM or swap space
#   This process is running with CompressedOops enabled, and the Java Heap may be blocking the growth of the native heap
# Possible solutions:
#   Reduce memory load on the system
#   Increase physical memory or swap space
#   Check if swap backing store is full
#   Decrease Java heap size (-Xmx/-Xms)
#   Decrease number of Java threads
#   Decrease Java thread stack sizes (-Xss)
#   Set larger code cache with -XX:ReservedCodeCacheSize=
#   JVM is running with Unscaled Compressed Oops mode in which the Java heap is
#     placed in the first 4GB address space. The Java Heap base address is the
#     maximum limit for the native heap growth. Please use -XX:HeapBaseMinAddress
#     to set the Java Heap base and to place the Java Heap above 4GB virtual address.
# This output file may be truncated or incomplete.
#
#  Out of Memory Error (arena.cpp:168), pid=28040, tid=24844
#
# JRE version: OpenJDK Runtime Environment Temurin-21.0.7+6 (21.0.7+6) (build 21.0.7+6-LTS)
# Java VM: OpenJDK 64-Bit Server VM Temurin-21.0.7+6 (21.0.7+6-LTS, mixed mode, sharing, tiered, compressed oops, compressed class ptrs, parallel gc, windows-amd64)
# No core dump will be written. Minidumps are not enabled by default on client versions of Windows
#

---------------  S U M M A R Y ------------

Command Line: --add-modules=ALL-SYSTEM --add-opens=java.base/java.util=ALL-UNNAMED --add-opens=java.base/java.lang=ALL-UNNAMED --add-opens=java.base/sun.nio.fs=ALL-UNNAMED -Declipse.application=org.eclipse.jdt.ls.core.id1 -Dosgi.bundles.defaultStartLevel=4 -Declipse.product=org.eclipse.jdt.ls.core.product -Djava.import.generatesMetadataFilesAtProjectRoot=false -DDetectVMInstallationsJob.disabled=true -Dfile.encoding=utf8 -XX:+UseParallelGC -XX:GCTimeRatio=4 -XX:AdaptiveSizePolicyWeight=90 -Dsun.zip.disableMemoryMapping=true -Xmx2G -Xms100m -Xlog:disable -javaagent:c:\Users\Canopus\.vscode\extensions\redhat.java-1.43.1-win32-x64\lombok\lombok-1.18.39-4050.jar -XX:+HeapDumpOnOutOfMemoryError -XX:HeapDumpPath=c:\Users\Canopus\AppData\Roaming\Code\User\workspaceStorage\04432dc5d6c8664d531cee8cb84fceb7\redhat.java -Daether.dependencyCollector.impl=bf c:\Users\Canopus\.vscode\extensions\redhat.java-1.43.1-win32-x64\server\plugins\org.eclipse.equinox.launcher_1.7.0.v20250519-0528.jar -configuration c:\Users\Canopus\AppData\Roaming\Code\User\globalStorage\redhat.java\1.43.1\config_win -data c:\Users\Canopus\AppData\Roaming\Code\User\workspaceStorage\04432dc5d6c8664d531cee8cb84fceb7\redhat.java\jdt_ws --pipe=\\.\pipe\lsp-5cd960bdccd0bfd93ff236c9820825aa-sock

Host: AMD Ryzen 7 5700U with Radeon Graphics         , 16 cores, 13G,  Windows 11 , 64 bit Build 26100 (10.0.26100.4484)
Time: Thu Jul 24 14:09:15 2025 Hora estándar del Este (México) elapsed time: 42.533638 seconds (0d 0h 0m 42s)

---------------  T H R E A D  ---------------

Current thread (0x0000026215dacc10):  JavaThread "C2 CompilerThread0" daemon [_thread_in_native, id=24844, stack(0x000000c4e3500000,0x000000c4e3600000) (1024K)]


Current CompileTask:
C2:42533 7787       4       org.eclipse.jdt.internal.compiler.util.JrtFileSystem$2::visitFile (10 bytes)

Stack: [0x000000c4e3500000,0x000000c4e3600000]
Native frames: (J=compiled Java code, j=interpreted, Vv=VM code, C=native code)
V  [jvm.dll+0x6ce119]
V  [jvm.dll+0x8a84a1]
V  [jvm.dll+0x8aa9ce]
V  [jvm.dll+0x8ab0b3]
V  [jvm.dll+0x27f8a6]
V  [jvm.dll+0xc507d]
V  [jvm.dll+0xc55b3]
V  [jvm.dll+0x3b692c]
V  [jvm.dll+0x1e0029]
V  [jvm.dll+0x247c42]
V  [jvm.dll+0x2470cf]
V  [jvm.dll+0x1c760e]
V  [jvm.dll+0x25695a]
V  [jvm.dll+0x254efa]
V  [jvm.dll+0x3f03f6]
V  [jvm.dll+0x851f6b]
V  [jvm.dll+0x6cc7dd]
C  [ucrtbase.dll+0x37b0]
C  [KERNEL32.DLL+0x2e8d7]
C  [ntdll.dll+0x3c34c]


---------------  P R O C E S S  ---------------

Threads class SMR info:
_java_thread_list=0x00000262775a9c70, length=52, elements={
0x0000026215cf2e30, 0x000002622c4de2d0, 0x0000026215d95570, 0x0000026215d97e20,
0x0000026215d98870, 0x0000026215d9a8c0, 0x0000026215d9e910, 0x0000026215dacc10,
0x000002626ea1a690, 0x000002626eb0f920, 0x000002627031ae80, 0x00000262752b2540,
0x000002626eb150b0, 0x000002626eac9720, 0x0000026270427a90, 0x0000026275568c10,
0x000002627568e010, 0x0000026275569270, 0x0000026270354900, 0x00000262705bb100,
0x00000262705bdef0, 0x00000262705bbe20, 0x00000262705bc4b0, 0x000002627581ecb0,
0x000002627728a0f0, 0x00000262705bd1d0, 0x00000262705bcb40, 0x00000262705bd860,
0x0000026276c334e0, 0x0000026276c33b70, 0x0000026276c34200, 0x0000026276c34f20,
0x0000026276c34890, 0x0000026276c32130, 0x0000026276c355b0, 0x0000026276c327c0,
0x0000026276c32e50, 0x0000026278625050, 0x0000026278624330, 0x0000026278625d70,
0x00000262786256e0, 0x0000026278626400, 0x00000262786277b0, 0x0000026278626a90,
0x0000026278627120, 0x0000026278627e40, 0x00000262786249c0, 0x0000026278629880,
0x0000026278629f10, 0x000002627862a5a0, 0x000002627862ac30, 0x000002627862b2c0
}

Java Threads: ( => current thread )
  0x0000026215cf2e30 JavaThread "main"                              [_thread_blocked, id=16536, stack(0x000000c4e2b00000,0x000000c4e2c00000) (1024K)]
  0x000002622c4de2d0 JavaThread "Reference Handler"          daemon [_thread_blocked, id=24476, stack(0x000000c4e2f00000,0x000000c4e3000000) (1024K)]
  0x0000026215d95570 JavaThread "Finalizer"                  daemon [_thread_blocked, id=21752, stack(0x000000c4e3000000,0x000000c4e3100000) (1024K)]
  0x0000026215d97e20 JavaThread "Signal Dispatcher"          daemon [_thread_blocked, id=6724, stack(0x000000c4e3100000,0x000000c4e3200000) (1024K)]
  0x0000026215d98870 JavaThread "Attach Listener"            daemon [_thread_blocked, id=3036, stack(0x000000c4e3200000,0x000000c4e3300000) (1024K)]
  0x0000026215d9a8c0 JavaThread "Service Thread"             daemon [_thread_blocked, id=22984, stack(0x000000c4e3300000,0x000000c4e3400000) (1024K)]
  0x0000026215d9e910 JavaThread "Monitor Deflation Thread"   daemon [_thread_blocked, id=13196, stack(0x000000c4e3400000,0x000000c4e3500000) (1024K)]
=>0x0000026215dacc10 JavaThread "C2 CompilerThread0"         daemon [_thread_in_native, id=24844, stack(0x000000c4e3500000,0x000000c4e3600000) (1024K)]
  0x000002626ea1a690 JavaThread "C1 CompilerThread0"         daemon [_thread_blocked, id=21480, stack(0x000000c4e3600000,0x000000c4e3700000) (1024K)]
  0x000002626eb0f920 JavaThread "Common-Cleaner"             daemon [_thread_blocked, id=5352, stack(0x000000c4e3700000,0x000000c4e3800000) (1024K)]
  0x000002627031ae80 JavaThread "Notification Thread"        daemon [_thread_blocked, id=25124, stack(0x000000c4e3a00000,0x000000c4e3b00000) (1024K)]
  0x00000262752b2540 JavaThread "Active Thread: Equinox Container: aab95395-e601-4230-95af-5d6213c45a95"        [_thread_blocked, id=9372, stack(0x000000c4e3d00000,0x000000c4e3e00000) (1024K)]
  0x000002626eb150b0 JavaThread "Refresh Thread: Equinox Container: aab95395-e601-4230-95af-5d6213c45a95" daemon [_thread_blocked, id=7548, stack(0x000000c4e3800000,0x000000c4e3900000) (1024K)]
  0x000002626eac9720 JavaThread "Framework Event Dispatcher: Equinox Container: aab95395-e601-4230-95af-5d6213c45a95" daemon [_thread_blocked, id=9872, stack(0x000000c4e3900000,0x000000c4e3a00000) (1024K)]
  0x0000026270427a90 JavaThread "Start Level: Equinox Container: aab95395-e601-4230-95af-5d6213c45a95" daemon [_thread_blocked, id=27860, stack(0x000000c4e3b00000,0x000000c4e3c00000) (1024K)]
  0x0000026275568c10 JavaThread "Bundle File Closer"         daemon [_thread_blocked, id=6168, stack(0x000000c4e4800000,0x000000c4e4900000) (1024K)]
  0x000002627568e010 JavaThread "SCR Component Actor"        daemon [_thread_blocked, id=21620, stack(0x000000c4e4400000,0x000000c4e4500000) (1024K)]
  0x0000026275569270 JavaThread "C1 CompilerThread1"         daemon [_thread_blocked, id=21108, stack(0x000000c4e4900000,0x000000c4e4a00000) (1024K)]
  0x0000026270354900 JavaThread "C1 CompilerThread2"         daemon [_thread_blocked, id=10032, stack(0x000000c4e4c00000,0x000000c4e4d00000) (1024K)]
  0x00000262705bb100 JavaThread "Worker-JM"                         [_thread_blocked, id=20552, stack(0x000000c4e5000000,0x000000c4e5100000) (1024K)]
  0x00000262705bdef0 JavaThread "JNA Cleaner"                daemon [_thread_blocked, id=27300, stack(0x000000c4e5200000,0x000000c4e5300000) (1024K)]
  0x00000262705bbe20 JavaThread "Worker-0"                          [_thread_blocked, id=28624, stack(0x000000c4e5300000,0x000000c4e5400000) (1024K)]
  0x00000262705bc4b0 JavaThread "Worker-1"                          [_thread_blocked, id=26232, stack(0x000000c4e5400000,0x000000c4e5500000) (1024K)]
  0x000002627581ecb0 JavaThread "C2 CompilerThread1"         daemon [_thread_blocked, id=27844, stack(0x000000c4e4e00000,0x000000c4e4f00000) (1024K)]
  0x000002627728a0f0 JavaThread "C2 CompilerThread2"         daemon [_thread_blocked, id=24640, stack(0x000000c4e4f00000,0x000000c4e5000000) (1024K)]
  0x00000262705bd1d0 JavaThread "Java indexing"              daemon [_thread_blocked, id=12188, stack(0x000000c4e5500000,0x000000c4e5600000) (1024K)]
  0x00000262705bcb40 JavaThread "Worker-2"                          [_thread_blocked, id=21924, stack(0x000000c4e5900000,0x000000c4e5a00000) (1024K)]
  0x00000262705bd860 JavaThread "Worker-3: Java indexing... "        [_thread_blocked, id=24768, stack(0x000000c4e5a00000,0x000000c4e5b00000) (1024K)]
  0x0000026276c334e0 JavaThread "Worker-4: Building"                [_thread_blocked, id=9504, stack(0x000000c4e5b00000,0x000000c4e5c00000) (1024K)]
  0x0000026276c33b70 JavaThread "Worker-5"                          [_thread_blocked, id=17456, stack(0x000000c4e5c00000,0x000000c4e5d00000) (1024K)]
  0x0000026276c34200 JavaThread "Thread-2"                   daemon [_thread_in_native, id=27292, stack(0x000000c4e5d00000,0x000000c4e5e00000) (1024K)]
  0x0000026276c34f20 JavaThread "Thread-3"                   daemon [_thread_in_native, id=28584, stack(0x000000c4e5e00000,0x000000c4e5f00000) (1024K)]
  0x0000026276c34890 JavaThread "Thread-4"                   daemon [_thread_in_native, id=19344, stack(0x000000c4e5f00000,0x000000c4e6000000) (1024K)]
  0x0000026276c32130 JavaThread "Thread-5"                   daemon [_thread_in_native, id=25308, stack(0x000000c4e6000000,0x000000c4e6100000) (1024K)]
  0x0000026276c355b0 JavaThread "Thread-6"                   daemon [_thread_in_native, id=464, stack(0x000000c4e6100000,0x000000c4e6200000) (1024K)]
  0x0000026276c327c0 JavaThread "Thread-7"                   daemon [_thread_in_native, id=21812, stack(0x000000c4e6200000,0x000000c4e6300000) (1024K)]
  0x0000026276c32e50 JavaThread "Thread-8"                   daemon [_thread_in_native, id=1736, stack(0x000000c4e6300000,0x000000c4e6400000) (1024K)]
  0x0000026278625050 JavaThread "Thread-9"                   daemon [_thread_in_native, id=20560, stack(0x000000c4e6400000,0x000000c4e6500000) (1024K)]
  0x0000026278624330 JavaThread "Thread-10"                  daemon [_thread_in_native, id=23000, stack(0x000000c4e6500000,0x000000c4e6600000) (1024K)]
  0x0000026278625d70 JavaThread "Thread-11"                  daemon [_thread_in_native, id=27752, stack(0x000000c4e6600000,0x000000c4e6700000) (1024K)]
  0x00000262786256e0 JavaThread "Thread-12"                  daemon [_thread_in_native, id=7244, stack(0x000000c4e6700000,0x000000c4e6800000) (1024K)]
  0x0000026278626400 JavaThread "Thread-13"                  daemon [_thread_in_native, id=23572, stack(0x000000c4e6800000,0x000000c4e6900000) (1024K)]
  0x00000262786277b0 JavaThread "Thread-14"                  daemon [_thread_in_native, id=26396, stack(0x000000c4e6900000,0x000000c4e6a00000) (1024K)]
  0x0000026278626a90 JavaThread "Thread-15"                  daemon [_thread_in_native, id=10896, stack(0x000000c4e6a00000,0x000000c4e6b00000) (1024K)]
  0x0000026278627120 JavaThread "Thread-16"                  daemon [_thread_in_native, id=22596, stack(0x000000c4e6b00000,0x000000c4e6c00000) (1024K)]
  0x0000026278627e40 JavaThread "Thread-17"                  daemon [_thread_in_native, id=18364, stack(0x000000c4e6c00000,0x000000c4e6d00000) (1024K)]
  0x00000262786249c0 JavaThread "Thread-18"                  daemon [_thread_in_native, id=25268, stack(0x000000c4e6d00000,0x000000c4e6e00000) (1024K)]
  0x0000026278629880 JavaThread "pool-2-thread-1"                   [_thread_blocked, id=24408, stack(0x000000c4e6e00000,0x000000c4e6f00000) (1024K)]
  0x0000026278629f10 JavaThread "WorkspaceEventsHandler"            [_thread_blocked, id=22064, stack(0x000000c4e7000000,0x000000c4e7100000) (1024K)]
  0x000002627862a5a0 JavaThread "pool-1-thread-1"                   [_thread_blocked, id=22292, stack(0x000000c4e7100000,0x000000c4e7200000) (1024K)]
  0x000002627862ac30 JavaThread "Worker-6"                          [_thread_blocked, id=2400, stack(0x000000c4e7200000,0x000000c4e7300000) (1024K)]
  0x000002627862b2c0 JavaThread "Keep-Alive-Timer"           daemon [_thread_blocked, id=4896, stack(0x000000c4e7300000,0x000000c4e7400000) (1024K)]
Total: 52

Other Threads:
  0x000002622c4c4170 VMThread "VM Thread"                           [id=26768, stack(0x000000c4e2e00000,0x000000c4e2f00000) (1024K)]
  0x000002622c3bba00 WatcherThread "VM Periodic Task Thread"        [id=19656, stack(0x000000c4e2d00000,0x000000c4e2e00000) (1024K)]
  0x0000026215d10f20 WorkerThread "GC Thread#0"                     [id=3356, stack(0x000000c4e2c00000,0x000000c4e2d00000) (1024K)]
  0x0000026270944a80 WorkerThread "GC Thread#1"                     [id=24464, stack(0x000000c4e3e00000,0x000000c4e3f00000) (1024K)]
  0x00000262709103d0 WorkerThread "GC Thread#2"                     [id=28500, stack(0x000000c4e3f00000,0x000000c4e4000000) (1024K)]
  0x0000026270910770 WorkerThread "GC Thread#3"                     [id=21188, stack(0x000000c4e4000000,0x000000c4e4100000) (1024K)]
  0x0000026270910b10 WorkerThread "GC Thread#4"                     [id=20740, stack(0x000000c4e4100000,0x000000c4e4200000) (1024K)]
  0x0000026270910eb0 WorkerThread "GC Thread#5"                     [id=13276, stack(0x000000c4e4200000,0x000000c4e4300000) (1024K)]
  0x0000026270acf800 WorkerThread "GC Thread#6"                     [id=25084, stack(0x000000c4e4300000,0x000000c4e4400000) (1024K)]
  0x0000026270669840 WorkerThread "GC Thread#7"                     [id=24692, stack(0x000000c4e3c00000,0x000000c4e3d00000) (1024K)]
  0x0000026270539830 WorkerThread "GC Thread#8"                     [id=9616, stack(0x000000c4e4500000,0x000000c4e4600000) (1024K)]
  0x000002626ea74760 WorkerThread "GC Thread#9"                     [id=14548, stack(0x000000c4e4600000,0x000000c4e4700000) (1024K)]
  0x000002626ea73c80 WorkerThread "GC Thread#10"                    [id=27204, stack(0x000000c4e4700000,0x000000c4e4800000) (1024K)]
  0x000002626ea74b00 WorkerThread "GC Thread#11"                    [id=25352, stack(0x000000c4e4b00000,0x000000c4e4c00000) (1024K)]
  0x000002626ea743c0 WorkerThread "GC Thread#12"                    [id=22868, stack(0x000000c4e5100000,0x000000c4e5200000) (1024K)]
Total: 15

Threads with active compile tasks:
C2 CompilerThread0  42585 7787       4       org.eclipse.jdt.internal.compiler.util.JrtFileSystem$2::visitFile (10 bytes)
C2 CompilerThread1  42585 8916   !   4       org.eclipse.jdt.internal.core.search.indexing.BinaryIndexer::indexDocument (1168 bytes)
C2 CompilerThread2  42585 7788       4       org.eclipse.jdt.internal.compiler.util.JrtFileSystem$2::visitFile (72 bytes)
Total: 3

VM state: at safepoint (normal execution)

VM Mutex/Monitor currently owned by a thread:  ([mutex/lock_event])
[0x00007ff96d38e308] Threads_lock - owner thread: 0x000002622c4c4170
[0x00007ff96d38e408] Heap_lock - owner thread: 0x00000262705bd1d0
[0x00007ff96d38e888] PSOldGenExpand_lock - owner thread: 0x000002626ea74b00

Heap address: 0x0000000080000000, size: 2048 MB, Compressed Oops mode: 32-bit

CDS archive(s) mapped at: [0x000002622d000000-0x000002622dba0000-0x000002622dba0000), size 12189696, SharedBaseAddress: 0x000002622d000000, ArchiveRelocationMode: 1.
Compressed class space mapped at: 0x000002622e000000-0x000002626e000000, reserved size: 1073741824
Narrow klass base: 0x000002622d000000, Narrow klass shift: 0, Narrow klass range: 0x100000000

GC Precious Log:
 CardTable entry size: 512
 CPUs: 16 total, 16 available
 Memory: 14197M
 Large Page Support: Disabled
 NUMA Support: Disabled
 Compressed Oops: Enabled (32-bit)
 Alignments: Space 512K, Generation 512K, Heap 2M
 Heap Min Capacity: 100M
 Heap Initial Capacity: 100M
 Heap Max Capacity: 2G
 Pre-touch: Disabled
 Parallel Workers: 13

Heap:
 PSYoungGen      total 25088K, used 24859K [0x00000000d5580000, 0x00000000d7500000, 0x0000000100000000)
  eden space 18944K, 100% used [0x00000000d5580000,0x00000000d6800000,0x00000000d6800000)
  from space 6144K, 96% used [0x00000000d6980000,0x00000000d6f46d50,0x00000000d6f80000)
  to   space 5632K, 20% used [0x00000000d6f80000,0x00000000d709ce30,0x00000000d7500000)
 ParOldGen       total 108032K, used 108026K [0x0000000080000000, 0x0000000086980000, 0x00000000d5580000)
  object space 108032K, 99% used [0x0000000080000000,0x000000008697e980,0x0000000086980000)
 Metaspace       used 53812K, committed 55104K, reserved 1114112K
  class space    used 5719K, committed 6336K, reserved 1048576K

Card table byte_map: [0x00000262155a0000,0x00000262159b0000] _byte_map_base: 0x00000262151a0000

Marking Bits: (ParMarkBitMap*) 0x00007ff96d3931f0
 Begin Bits: [0x0000026227ee0000, 0x0000026229ee0000)
 End Bits:   [0x0000026229ee0000, 0x000002622bee0000)

Polling page: 0x00000262137c0000

Metaspace:

Usage:
  Non-class:     46.97 MB used.
      Class:      5.59 MB used.
       Both:     52.55 MB used.

Virtual space:
  Non-class space:       64.00 MB reserved,      47.62 MB ( 74%) committed,  1 nodes.
      Class space:        1.00 GB reserved,       6.19 MB ( <1%) committed,  1 nodes.
             Both:        1.06 GB reserved,      53.81 MB (  5%) committed. 

Chunk freelists:
   Non-Class:  64.00 KB
       Class:  9.78 MB
        Both:  9.85 MB

MaxMetaspaceSize: unlimited
CompressedClassSpaceSize: 1.00 GB
Initial GC threshold: 21.00 MB
Current GC threshold: 58.38 MB
CDS: on
 - commit_granule_bytes: 65536.
 - commit_granule_words: 8192.
 - virtual_space_node_default_size: 8388608.
 - enlarge_chunks_in_place: 1.
 - use_allocation_guard: 0.


Internal statistics:

num_allocs_failed_limit: 6.
num_arena_births: 1022.
num_arena_deaths: 14.
num_vsnodes_births: 2.
num_vsnodes_deaths: 0.
num_space_committed: 861.
num_space_uncommitted: 0.
num_chunks_returned_to_freelist: 20.
num_chunks_taken_from_freelist: 3421.
num_chunk_merges: 5.
num_chunk_splits: 2004.
num_chunks_enlarged: 1015.
num_inconsistent_stats: 0.

CodeHeap 'non-profiled nmethods': size=119168Kb used=3925Kb max_used=3925Kb free=115242Kb
 bounds [0x0000026220a80000, 0x0000026220e60000, 0x0000026227ee0000]
CodeHeap 'profiled nmethods': size=119104Kb used=17037Kb max_used=17037Kb free=102066Kb
 bounds [0x0000026218ee0000, 0x0000026219f90000, 0x0000026220330000]
CodeHeap 'non-nmethods': size=7488Kb used=2554Kb max_used=3193Kb free=4933Kb
 bounds [0x0000026220330000, 0x0000026220660000, 0x0000026220a80000]
 total_blobs=8929 nmethods=8194 adapters=639
 compilation: enabled
              stopped_count=0, restarted_count=0
 full_count=0

Compilation events (20 events):
Event: 41.147 Thread 0x0000026270354900 nmethod 8913 0x0000026219f80690 code [0x0000026219f80880, 0x0000026219f80c30]
Event: 41.147 Thread 0x0000026270354900 8914       2       org.eclipse.jdt.core.Signature::checkName (102 bytes)
Event: 41.148 Thread 0x0000026275569270 nmethod 8912 0x0000026219f80e10 code [0x0000026219f810c0, 0x0000026219f81dc0]
Event: 41.148 Thread 0x0000026270354900 nmethod 8914 0x0000026219f82390 code [0x0000026219f82560, 0x0000026219f82848]
Event: 41.150 Thread 0x000002627581ecb0 nmethod 8907 0x0000026220e46190 code [0x0000026220e463c0, 0x0000026220e473e0]
Event: 41.150 Thread 0x000002627581ecb0 8906       4       org.eclipse.core.runtime.Path::computeLength (100 bytes)
Event: 41.159 Thread 0x000002627581ecb0 nmethod 8906 0x0000026220e47d10 code [0x0000026220e47ea0, 0x0000026220e48118]
Event: 41.159 Thread 0x000002627581ecb0 8905       4       org.eclipse.jdt.internal.core.search.indexing.AbstractIndexer::addMethodReference (13 bytes)
Event: 41.176 Thread 0x000002627581ecb0 nmethod 8905 0x0000026220e48310 code [0x0000026220e48540, 0x0000026220e48f08]
Event: 41.176 Thread 0x000002627581ecb0 8909       4       org.eclipse.jdt.internal.core.search.indexing.BinaryIndexer::extractArgCount (8 bytes)
Event: 41.191 Thread 0x000002627581ecb0 nmethod 8909 0x0000026220e49710 code [0x0000026220e498e0, 0x0000026220e49f98]
Event: 41.191 Thread 0x000002627581ecb0 8872       4       sun.nio.fs.WindowsPath::elementAsString (62 bytes)
Event: 41.215 Thread 0x000002627728a0f0 nmethod 8897 0x0000026220e4a310 code [0x0000026220e4a920, 0x0000026220e50048]
Event: 41.216 Thread 0x000002627728a0f0 7788       4       org.eclipse.jdt.internal.compiler.util.JrtFileSystem$2::visitFile (72 bytes)
Event: 41.224 Thread 0x000002627581ecb0 nmethod 8872 0x0000026220e53610 code [0x0000026220e53900, 0x0000026220e54ba8]
Event: 41.224 Thread 0x000002627581ecb0 8916   !   4       org.eclipse.jdt.internal.core.search.indexing.BinaryIndexer::indexDocument (1168 bytes)
Event: 41.392 Thread 0x000002626ea1a690 8920       2       org.eclipse.jdt.ls.core.internal.JobHelpers$InitializeJobMatcher::matches (7 bytes)
Event: 41.392 Thread 0x000002626ea1a690 nmethod 8920 0x0000026219f82a10 code [0x0000026219f82bc0, 0x0000026219f82d08]
Event: 41.459 Thread 0x000002626ea1a690 8921       2       org.eclipse.jdt.internal.compiler.classfmt.AnnotationInfo::scanElementValue (256 bytes)
Event: 41.460 Thread 0x000002626ea1a690 nmethod 8921 0x0000026219f82d90 code [0x0000026219f82f80, 0x0000026219f83480]

GC Heap History (20 events):
Event: 40.009 GC heap after
{Heap after GC invocations=34 (full 2):
 PSYoungGen      total 22016K, used 2554K [0x00000000d5580000, 0x00000000d7e00000, 0x0000000100000000)
  eden space 19456K, 0% used [0x00000000d5580000,0x00000000d5580000,0x00000000d6880000)
  from space 2560K, 99% used [0x00000000d7200000,0x00000000d747ea40,0x00000000d7480000)
  to   space 9728K, 0% used [0x00000000d6880000,0x00000000d6880000,0x00000000d7200000)
 ParOldGen       total 69120K, used 68934K [0x0000000080000000, 0x0000000084380000, 0x00000000d5580000)
  object space 69120K, 99% used [0x0000000080000000,0x00000000843518d0,0x0000000084380000)
 Metaspace       used 53783K, committed 55104K, reserved 1114112K
  class space    used 5715K, committed 6336K, reserved 1048576K
}
Event: 40.196 GC heap before
{Heap before GC invocations=35 (full 2):
 PSYoungGen      total 22016K, used 22010K [0x00000000d5580000, 0x00000000d7e00000, 0x0000000100000000)
  eden space 19456K, 100% used [0x00000000d5580000,0x00000000d6880000,0x00000000d6880000)
  from space 2560K, 99% used [0x00000000d7200000,0x00000000d747ea40,0x00000000d7480000)
  to   space 9728K, 0% used [0x00000000d6880000,0x00000000d6880000,0x00000000d7200000)
 ParOldGen       total 69120K, used 68934K [0x0000000080000000, 0x0000000084380000, 0x00000000d5580000)
  object space 69120K, 99% used [0x0000000080000000,0x00000000843518d0,0x0000000084380000)
 Metaspace       used 53790K, committed 55104K, reserved 1114112K
  class space    used 5715K, committed 6336K, reserved 1048576K
}
Event: 40.202 GC heap after
{Heap after GC invocations=35 (full 2):
 PSYoungGen      total 24576K, used 5112K [0x00000000d5580000, 0x00000000d7580000, 0x0000000100000000)
  eden space 19456K, 0% used [0x00000000d5580000,0x00000000d5580000,0x00000000d6880000)
  from space 5120K, 99% used [0x00000000d6880000,0x00000000d6d7e0f0,0x00000000d6d80000)
  to   space 6656K, 0% used [0x00000000d6f00000,0x00000000d6f00000,0x00000000d7580000)
 ParOldGen       total 71680K, used 71448K [0x0000000080000000, 0x0000000084600000, 0x00000000d5580000)
  object space 71680K, 99% used [0x0000000080000000,0x00000000845c6330,0x0000000084600000)
 Metaspace       used 53790K, committed 55104K, reserved 1114112K
  class space    used 5715K, committed 6336K, reserved 1048576K
}
Event: 40.374 GC heap before
{Heap before GC invocations=36 (full 2):
 PSYoungGen      total 24576K, used 24568K [0x00000000d5580000, 0x00000000d7580000, 0x0000000100000000)
  eden space 19456K, 100% used [0x00000000d5580000,0x00000000d6880000,0x00000000d6880000)
  from space 5120K, 99% used [0x00000000d6880000,0x00000000d6d7e0f0,0x00000000d6d80000)
  to   space 6656K, 0% used [0x00000000d6f00000,0x00000000d6f00000,0x00000000d7580000)
 ParOldGen       total 71680K, used 71448K [0x0000000080000000, 0x0000000084600000, 0x00000000d5580000)
  object space 71680K, 99% used [0x0000000080000000,0x00000000845c6330,0x0000000084600000)
 Metaspace       used 53810K, committed 55104K, reserved 1114112K
  class space    used 5719K, committed 6336K, reserved 1048576K
}
Event: 40.380 GC heap after
{Heap after GC invocations=36 (full 2):
 PSYoungGen      total 24576K, used 4752K [0x00000000d5580000, 0x00000000d7400000, 0x0000000100000000)
  eden space 19456K, 0% used [0x00000000d5580000,0x00000000d5580000,0x00000000d6880000)
  from space 5120K, 92% used [0x00000000d6f00000,0x00000000d73a4090,0x00000000d7400000)
  to   space 5120K, 0% used [0x00000000d6880000,0x00000000d6880000,0x00000000d6d80000)
 ParOldGen       total 76288K, used 76223K [0x0000000080000000, 0x0000000084a80000, 0x00000000d5580000)
  object space 76288K, 99% used [0x0000000080000000,0x0000000084a6ffe0,0x0000000084a80000)
 Metaspace       used 53810K, committed 55104K, reserved 1114112K
  class space    used 5719K, committed 6336K, reserved 1048576K
}
Event: 40.572 GC heap before
{Heap before GC invocations=37 (full 2):
 PSYoungGen      total 24576K, used 24208K [0x00000000d5580000, 0x00000000d7400000, 0x0000000100000000)
  eden space 19456K, 100% used [0x00000000d5580000,0x00000000d6880000,0x00000000d6880000)
  from space 5120K, 92% used [0x00000000d6f00000,0x00000000d73a4090,0x00000000d7400000)
  to   space 5120K, 0% used [0x00000000d6880000,0x00000000d6880000,0x00000000d6d80000)
 ParOldGen       total 76288K, used 76223K [0x0000000080000000, 0x0000000084a80000, 0x00000000d5580000)
  object space 76288K, 99% used [0x0000000080000000,0x0000000084a6ffe0,0x0000000084a80000)
 Metaspace       used 53811K, committed 55104K, reserved 1114112K
  class space    used 5719K, committed 6336K, reserved 1048576K
}
Event: 40.578 GC heap after
{Heap after GC invocations=37 (full 2):
 PSYoungGen      total 24576K, used 4676K [0x00000000d5580000, 0x00000000d7280000, 0x0000000100000000)
  eden space 19456K, 0% used [0x00000000d5580000,0x00000000d5580000,0x00000000d6880000)
  from space 5120K, 91% used [0x00000000d6880000,0x00000000d6d11218,0x00000000d6d80000)
  to   space 5120K, 0% used [0x00000000d6d80000,0x00000000d6d80000,0x00000000d7280000)
 ParOldGen       total 80896K, used 80542K [0x0000000080000000, 0x0000000084f00000, 0x00000000d5580000)
  object space 80896K, 99% used [0x0000000080000000,0x0000000084ea7a80,0x0000000084f00000)
 Metaspace       used 53811K, committed 55104K, reserved 1114112K
  class space    used 5719K, committed 6336K, reserved 1048576K
}
Event: 40.736 GC heap before
{Heap before GC invocations=38 (full 2):
 PSYoungGen      total 24576K, used 24132K [0x00000000d5580000, 0x00000000d7280000, 0x0000000100000000)
  eden space 19456K, 100% used [0x00000000d5580000,0x00000000d6880000,0x00000000d6880000)
  from space 5120K, 91% used [0x00000000d6880000,0x00000000d6d11218,0x00000000d6d80000)
  to   space 5120K, 0% used [0x00000000d6d80000,0x00000000d6d80000,0x00000000d7280000)
 ParOldGen       total 80896K, used 80542K [0x0000000080000000, 0x0000000084f00000, 0x00000000d5580000)
  object space 80896K, 99% used [0x0000000080000000,0x0000000084ea7a80,0x0000000084f00000)
 Metaspace       used 53811K, committed 55104K, reserved 1114112K
  class space    used 5719K, committed 6336K, reserved 1048576K
}
Event: 40.741 GC heap after
{Heap after GC invocations=38 (full 2):
 PSYoungGen      total 24064K, used 5106K [0x00000000d5580000, 0x00000000d7380000, 0x0000000100000000)
  eden space 18944K, 0% used [0x00000000d5580000,0x00000000d5580000,0x00000000d6800000)
  from space 5120K, 99% used [0x00000000d6d80000,0x00000000d727ca38,0x00000000d7280000)
  to   space 5632K, 0% used [0x00000000d6800000,0x00000000d6800000,0x00000000d6d80000)
 ParOldGen       total 84992K, used 84920K [0x0000000080000000, 0x0000000085300000, 0x00000000d5580000)
  object space 84992K, 99% used [0x0000000080000000,0x00000000852ee0b0,0x0000000085300000)
 Metaspace       used 53811K, committed 55104K, reserved 1114112K
  class space    used 5719K, committed 6336K, reserved 1048576K
}
Event: 40.909 GC heap before
{Heap before GC invocations=39 (full 2):
 PSYoungGen      total 24064K, used 24050K [0x00000000d5580000, 0x00000000d7380000, 0x0000000100000000)
  eden space 18944K, 100% used [0x00000000d5580000,0x00000000d6800000,0x00000000d6800000)
  from space 5120K, 99% used [0x00000000d6d80000,0x00000000d727ca38,0x00000000d7280000)
  to   space 5632K, 0% used [0x00000000d6800000,0x00000000d6800000,0x00000000d6d80000)
 ParOldGen       total 84992K, used 84920K [0x0000000080000000, 0x0000000085300000, 0x00000000d5580000)
  object space 84992K, 99% used [0x0000000080000000,0x00000000852ee0b0,0x0000000085300000)
 Metaspace       used 53811K, committed 55104K, reserved 1114112K
  class space    used 5719K, committed 6336K, reserved 1048576K
}
Event: 40.914 GC heap after
{Heap after GC invocations=39 (full 2):
 PSYoungGen      total 23552K, used 4433K [0x00000000d5580000, 0x00000000d7200000, 0x0000000100000000)
  eden space 18944K, 0% used [0x00000000d5580000,0x00000000d5580000,0x00000000d6800000)
  from space 4608K, 96% used [0x00000000d6800000,0x00000000d6c544b0,0x00000000d6c80000)
  to   space 5120K, 0% used [0x00000000d6d00000,0x00000000d6d00000,0x00000000d7200000)
 ParOldGen       total 90112K, used 89718K [0x0000000080000000, 0x0000000085800000, 0x00000000d5580000)
  object space 90112K, 99% used [0x0000000080000000,0x000000008579da40,0x0000000085800000)
 Metaspace       used 53811K, committed 55104K, reserved 1114112K
  class space    used 5719K, committed 6336K, reserved 1048576K
}
Event: 41.029 GC heap before
{Heap before GC invocations=40 (full 2):
 PSYoungGen      total 23552K, used 23377K [0x00000000d5580000, 0x00000000d7200000, 0x0000000100000000)
  eden space 18944K, 100% used [0x00000000d5580000,0x00000000d6800000,0x00000000d6800000)
  from space 4608K, 96% used [0x00000000d6800000,0x00000000d6c544b0,0x00000000d6c80000)
  to   space 5120K, 0% used [0x00000000d6d00000,0x00000000d6d00000,0x00000000d7200000)
 ParOldGen       total 90112K, used 89718K [0x0000000080000000, 0x0000000085800000, 0x00000000d5580000)
  object space 90112K, 99% used [0x0000000080000000,0x000000008579da40,0x0000000085800000)
 Metaspace       used 53811K, committed 55104K, reserved 1114112K
  class space    used 5719K, committed 6336K, reserved 1048576K
}
Event: 41.033 GC heap after
{Heap after GC invocations=40 (full 2):
 PSYoungGen      total 23552K, used 4523K [0x00000000d5580000, 0x00000000d7180000, 0x0000000100000000)
  eden space 18944K, 0% used [0x00000000d5580000,0x00000000d5580000,0x00000000d6800000)
  from space 4608K, 98% used [0x00000000d6d00000,0x00000000d716acb0,0x00000000d7180000)
  to   space 4608K, 0% used [0x00000000d6800000,0x00000000d6800000,0x00000000d6c80000)
 ParOldGen       total 94208K, used 93809K [0x0000000080000000, 0x0000000085c00000, 0x00000000d5580000)
  object space 94208K, 99% used [0x0000000080000000,0x0000000085b9c5e8,0x0000000085c00000)
 Metaspace       used 53811K, committed 55104K, reserved 1114112K
  class space    used 5719K, committed 6336K, reserved 1048576K
}
Event: 41.154 GC heap before
{Heap before GC invocations=41 (full 2):
 PSYoungGen      total 23552K, used 23467K [0x00000000d5580000, 0x00000000d7180000, 0x0000000100000000)
  eden space 18944K, 100% used [0x00000000d5580000,0x00000000d6800000,0x00000000d6800000)
  from space 4608K, 98% used [0x00000000d6d00000,0x00000000d716acb0,0x00000000d7180000)
  to   space 4608K, 0% used [0x00000000d6800000,0x00000000d6800000,0x00000000d6c80000)
 ParOldGen       total 94208K, used 93809K [0x0000000080000000, 0x0000000085c00000, 0x00000000d5580000)
  object space 94208K, 99% used [0x0000000080000000,0x0000000085b9c5e8,0x0000000085c00000)
 Metaspace       used 53812K, committed 55104K, reserved 1114112K
  class space    used 5719K, committed 6336K, reserved 1048576K
}
Event: 41.159 GC heap after
{Heap after GC invocations=41 (full 2):
 PSYoungGen      total 23552K, used 4580K [0x00000000d5580000, 0x00000000d7b00000, 0x0000000100000000)
  eden space 18944K, 0% used [0x00000000d5580000,0x00000000d5580000,0x00000000d6800000)
  from space 4608K, 99% used [0x00000000d6800000,0x00000000d6c79358,0x00000000d6c80000)
  to   space 9728K, 0% used [0x00000000d7180000,0x00000000d7180000,0x00000000d7b00000)
 ParOldGen       total 98304K, used 98048K [0x0000000080000000, 0x0000000086000000, 0x00000000d5580000)
  object space 98304K, 99% used [0x0000000080000000,0x0000000085fc0348,0x0000000086000000)
 Metaspace       used 53812K, committed 55104K, reserved 1114112K
  class space    used 5719K, committed 6336K, reserved 1048576K
}
Event: 41.285 GC heap before
{Heap before GC invocations=42 (full 2):
 PSYoungGen      total 23552K, used 23524K [0x00000000d5580000, 0x00000000d7b00000, 0x0000000100000000)
  eden space 18944K, 100% used [0x00000000d5580000,0x00000000d6800000,0x00000000d6800000)
  from space 4608K, 99% used [0x00000000d6800000,0x00000000d6c79358,0x00000000d6c80000)
  to   space 9728K, 0% used [0x00000000d7180000,0x00000000d7180000,0x00000000d7b00000)
 ParOldGen       total 98304K, used 98048K [0x0000000080000000, 0x0000000086000000, 0x00000000d5580000)
  object space 98304K, 99% used [0x0000000080000000,0x0000000085fc0348,0x0000000086000000)
 Metaspace       used 53812K, committed 55104K, reserved 1114112K
  class space    used 5719K, committed 6336K, reserved 1048576K
}
Event: 41.290 GC heap after
{Heap after GC invocations=42 (full 2):
 PSYoungGen      total 24064K, used 4740K [0x00000000d5580000, 0x00000000d7680000, 0x0000000100000000)
  eden space 18944K, 0% used [0x00000000d5580000,0x00000000d5580000,0x00000000d6800000)
  from space 5120K, 92% used [0x00000000d7180000,0x00000000d7621340,0x00000000d7680000)
  to   space 6656K, 0% used [0x00000000d6980000,0x00000000d6980000,0x00000000d7000000)
 ParOldGen       total 102400K, used 102324K [0x0000000080000000, 0x0000000086400000, 0x00000000d5580000)
  object space 102400K, 99% used [0x0000000080000000,0x00000000863ed240,0x0000000086400000)
 Metaspace       used 53812K, committed 55104K, reserved 1114112K
  class space    used 5719K, committed 6336K, reserved 1048576K
}
Event: 41.441 GC heap before
{Heap before GC invocations=43 (full 2):
 PSYoungGen      total 24064K, used 23684K [0x00000000d5580000, 0x00000000d7680000, 0x0000000100000000)
  eden space 18944K, 100% used [0x00000000d5580000,0x00000000d6800000,0x00000000d6800000)
  from space 5120K, 92% used [0x00000000d7180000,0x00000000d7621340,0x00000000d7680000)
  to   space 6656K, 0% used [0x00000000d6980000,0x00000000d6980000,0x00000000d7000000)
 ParOldGen       total 102400K, used 102324K [0x0000000080000000, 0x0000000086400000, 0x00000000d5580000)
  object space 102400K, 99% used [0x0000000080000000,0x00000000863ed240,0x0000000086400000)
 Metaspace       used 53812K, committed 55104K, reserved 1114112K
  class space    used 5719K, committed 6336K, reserved 1048576K
}
Event: 41.448 GC heap after
{Heap after GC invocations=43 (full 2):
 PSYoungGen      total 25088K, used 5915K [0x00000000d5580000, 0x00000000d7500000, 0x0000000100000000)
  eden space 18944K, 0% used [0x00000000d5580000,0x00000000d5580000,0x00000000d6800000)
  from space 6144K, 96% used [0x00000000d6980000,0x00000000d6f46d50,0x00000000d6f80000)
  to   space 5632K, 0% used [0x00000000d6f80000,0x00000000d6f80000,0x00000000d7500000)
 ParOldGen       total 107008K, used 106761K [0x0000000080000000, 0x0000000086880000, 0x00000000d5580000)
  object space 107008K, 99% used [0x0000000080000000,0x00000000868426d0,0x0000000086880000)
 Metaspace       used 53812K, committed 55104K, reserved 1114112K
  class space    used 5719K, committed 6336K, reserved 1048576K
}
Event: 41.544 GC heap before
{Heap before GC invocations=44 (full 2):
 PSYoungGen      total 25088K, used 24859K [0x00000000d5580000, 0x00000000d7500000, 0x0000000100000000)
  eden space 18944K, 100% used [0x00000000d5580000,0x00000000d6800000,0x00000000d6800000)
  from space 6144K, 96% used [0x00000000d6980000,0x00000000d6f46d50,0x00000000d6f80000)
  to   space 5632K, 0% used [0x00000000d6f80000,0x00000000d6f80000,0x00000000d7500000)
 ParOldGen       total 107008K, used 106761K [0x0000000080000000, 0x0000000086880000, 0x00000000d5580000)
  object space 107008K, 99% used [0x0000000080000000,0x00000000868426d0,0x0000000086880000)
 Metaspace       used 53812K, committed 55104K, reserved 1114112K
  class space    used 5719K, committed 6336K, reserved 1048576K
}

Dll operation events (12 events):
Event: 0.018 Loaded shared library c:\Users\Canopus\.vscode\extensions\redhat.java-1.43.1-win32-x64\jre\21.0.7-win32-x86_64\bin\java.dll
Event: 0.126 Loaded shared library c:\Users\Canopus\.vscode\extensions\redhat.java-1.43.1-win32-x64\jre\21.0.7-win32-x86_64\bin\zip.dll
Event: 0.158 Loaded shared library C:\Users\Canopus\.vscode\extensions\redhat.java-1.43.1-win32-x64\jre\21.0.7-win32-x86_64\bin\instrument.dll
Event: 0.169 Loaded shared library C:\Users\Canopus\.vscode\extensions\redhat.java-1.43.1-win32-x64\jre\21.0.7-win32-x86_64\bin\net.dll
Event: 0.174 Loaded shared library C:\Users\Canopus\.vscode\extensions\redhat.java-1.43.1-win32-x64\jre\21.0.7-win32-x86_64\bin\nio.dll
Event: 0.181 Loaded shared library C:\Users\Canopus\.vscode\extensions\redhat.java-1.43.1-win32-x64\jre\21.0.7-win32-x86_64\bin\zip.dll
Event: 0.221 Loaded shared library C:\Users\Canopus\.vscode\extensions\redhat.java-1.43.1-win32-x64\jre\21.0.7-win32-x86_64\bin\jimage.dll
Event: 0.451 Loaded shared library c:\Users\Canopus\.vscode\extensions\redhat.java-1.43.1-win32-x64\jre\21.0.7-win32-x86_64\bin\verify.dll
Event: 12.213 Loaded shared library C:\Users\Canopus\AppData\Roaming\Code\User\globalStorage\redhat.java\1.43.1\config_win\org.eclipse.equinox.launcher\org.eclipse.equinox.launcher.win32.win32.x86_64_1.2.1300.v20250331-1702\eclipse_11911.dll
Event: 33.683 Loaded shared library C:\Users\Canopus\AppData\Local\Temp\jna--2079729681\jna17359515781846760720.dll
Event: 36.059 Loaded shared library C:\Users\Canopus\.vscode\extensions\redhat.java-1.43.1-win32-x64\jre\21.0.7-win32-x86_64\bin\sunmscapi.dll
Event: 36.655 Loaded shared library C:\Users\Canopus\.vscode\extensions\redhat.java-1.43.1-win32-x64\jre\21.0.7-win32-x86_64\bin\extnet.dll

Deoptimization events (20 events):
Event: 41.151 Thread 0x00000262705bd1d0 DEOPT PACKING pc=0x0000026219c44f03 sp=0x000000c4e55fea70
Event: 41.151 Thread 0x00000262705bd1d0 DEOPT UNPACKING pc=0x0000026220384242 sp=0x000000c4e55fdfd8 mode 0
Event: 41.164 Thread 0x00000262705bd1d0 DEOPT PACKING pc=0x0000026219c44f83 sp=0x000000c4e55fea70
Event: 41.164 Thread 0x00000262705bd1d0 DEOPT UNPACKING pc=0x0000026220384242 sp=0x000000c4e55fdfd8 mode 0
Event: 41.171 Thread 0x00000262705bd1d0 DEOPT PACKING pc=0x0000026219c44f03 sp=0x000000c4e55fea70
Event: 41.171 Thread 0x00000262705bd1d0 DEOPT UNPACKING pc=0x0000026220384242 sp=0x000000c4e55fdfd8 mode 0
Event: 41.179 Thread 0x00000262705bd1d0 DEOPT PACKING pc=0x0000026219c44f03 sp=0x000000c4e55fea70
Event: 41.179 Thread 0x00000262705bd1d0 DEOPT UNPACKING pc=0x0000026220384242 sp=0x000000c4e55fdfd8 mode 0
Event: 41.184 Thread 0x00000262705bd1d0 DEOPT PACKING pc=0x0000026219c44f83 sp=0x000000c4e55fea70
Event: 41.184 Thread 0x00000262705bd1d0 DEOPT UNPACKING pc=0x0000026220384242 sp=0x000000c4e55fdfd8 mode 0
Event: 41.190 Thread 0x00000262705bd1d0 DEOPT PACKING pc=0x0000026219c44f03 sp=0x000000c4e55fea70
Event: 41.190 Thread 0x00000262705bd1d0 DEOPT UNPACKING pc=0x0000026220384242 sp=0x000000c4e55fdfd8 mode 0
Event: 41.196 Thread 0x00000262705bd1d0 DEOPT PACKING pc=0x0000026219c44f03 sp=0x000000c4e55fea70
Event: 41.196 Thread 0x00000262705bd1d0 DEOPT UNPACKING pc=0x0000026220384242 sp=0x000000c4e55fdfd8 mode 0
Event: 41.203 Thread 0x00000262705bd1d0 DEOPT PACKING pc=0x0000026219c44f83 sp=0x000000c4e55fea70
Event: 41.203 Thread 0x00000262705bd1d0 DEOPT UNPACKING pc=0x0000026220384242 sp=0x000000c4e55fdfd8 mode 0
Event: 41.209 Thread 0x00000262705bd1d0 DEOPT PACKING pc=0x0000026219c44f83 sp=0x000000c4e55fea70
Event: 41.209 Thread 0x00000262705bd1d0 DEOPT UNPACKING pc=0x0000026220384242 sp=0x000000c4e55fdfd8 mode 0
Event: 41.214 Thread 0x00000262705bd1d0 DEOPT PACKING pc=0x0000026219c44f03 sp=0x000000c4e55fea70
Event: 41.214 Thread 0x00000262705bd1d0 DEOPT UNPACKING pc=0x0000026220384242 sp=0x000000c4e55fdfd8 mode 0

Classes loaded (20 events):
Event: 38.362 Loading class sun/misc/Unsafe
Event: 38.363 Loading class sun/misc/Unsafe done
Event: 38.423 Loading class jdk/internal/org/objectweb/asm/ClassReader
Event: 38.425 Loading class jdk/internal/org/objectweb/asm/ClassReader done
Event: 38.753 Loading class java/util/WeakHashMap$KeyIterator
Event: 38.754 Loading class java/util/WeakHashMap$KeyIterator done
Event: 38.926 Loading class java/lang/invoke/MethodHandleImpl$CountingWrapper
Event: 38.926 Loading class sun/nio/ch/WindowsAsynchronousFileChannelImpl$WriteTask
Event: 38.926 Loading class sun/nio/ch/WindowsAsynchronousFileChannelImpl$WriteTask done
Event: 38.926 Loading class java/lang/invoke/MethodHandleImpl$CountingWrapper done
Event: 38.947 Loading class jdk/internal/math/FormattedFPDecimal
Event: 38.948 Loading class jdk/internal/math/FormattedFPDecimal done
Event: 39.162 Loading class java/lang/ProcessEnvironment$CheckedKeySet
Event: 39.162 Loading class java/lang/ProcessEnvironment$CheckedKeySet done
Event: 39.559 Loading class java/util/regex/Pattern$Pos
Event: 39.559 Loading class java/util/regex/Pattern$Pos done
Event: 39.604 Loading class sun/security/provider/MD5
Event: 39.604 Loading class sun/security/provider/MD5 done
Event: 39.605 Loading class sun/security/provider/ByteArrayAccess$LE
Event: 39.605 Loading class sun/security/provider/ByteArrayAccess$LE done

Classes unloaded (7 events):
Event: 34.552 Thread 0x000002622c4c4170 Unloading class 0x000002622e1a3800 'java/lang/invoke/LambdaForm$MH+0x000002622e1a3800'
Event: 34.552 Thread 0x000002622c4c4170 Unloading class 0x000002622e1a3400 'java/lang/invoke/LambdaForm$MH+0x000002622e1a3400'
Event: 34.552 Thread 0x000002622c4c4170 Unloading class 0x000002622e1a3000 'java/lang/invoke/LambdaForm$MH+0x000002622e1a3000'
Event: 34.552 Thread 0x000002622c4c4170 Unloading class 0x000002622e1a2c00 'java/lang/invoke/LambdaForm$MH+0x000002622e1a2c00'
Event: 34.552 Thread 0x000002622c4c4170 Unloading class 0x000002622e1a2800 'java/lang/invoke/LambdaForm$BMH+0x000002622e1a2800'
Event: 34.552 Thread 0x000002622c4c4170 Unloading class 0x000002622e1a2400 'java/lang/invoke/LambdaForm$DMH+0x000002622e1a2400'
Event: 34.552 Thread 0x000002622c4c4170 Unloading class 0x000002622e1a1000 'java/lang/invoke/LambdaForm$DMH+0x000002622e1a1000'

Classes redefined (0 events):
No events

Internal exceptions (20 events):
Event: 37.707 Thread 0x00000262705bc4b0 Exception <a 'sun/nio/fs/WindowsException'{0x00000000d63ddd00}> (0x00000000d63ddd00) 
thrown [s\src\hotspot\share\prims\jni.cpp, line 520]
Event: 37.908 Thread 0x00000262705bcb40 Exception <a 'java/lang/NoSuchMethodError'{0x00000000d6694fb0}: 'void java.lang.invoke.DirectMethodHandle$Holder.invokeStaticInit(java.lang.Object, java.lang.Object, java.lang.Object, java.lang.Object)'> (0x00000000d6694fb0) 
thrown [s\src\hotspot\share\interpreter\linkResolver.cpp, line 773]
Event: 38.364 Thread 0x00000262705bbe20 Exception <a 'java/lang/ExceptionInInitializerError'{0x00000000d65cfa28}> (0x00000000d65cfa28) 
thrown [s\src\hotspot\share\oops\instanceKlass.cpp, line 1220]
Event: 38.369 Thread 0x00000262705bd1d0 Implicit null exception at 0x0000026220d311da to 0x0000026220d312d8
Event: 38.427 Thread 0x00000262705bbe20 Implicit null exception at 0x0000026220bd9a7e to 0x0000026220bd9cf0
Event: 38.427 Thread 0x00000262705bbe20 Implicit null exception at 0x0000026220b3499c to 0x0000026220b358b8
Event: 38.431 Thread 0x00000262705bbe20 Exception <a 'java/lang/NoSuchMethodError'{0x00000000d5fdb7d8}: 'java.lang.Object java.lang.invoke.Invokers$Holder.invokeExact_MT(java.lang.Object, int, java.lang.Object)'> (0x00000000d5fdb7d8) 
thrown [s\src\hotspot\share\interpreter\linkResolver.cpp, line 773]
Event: 38.763 Thread 0x00000262705bc4b0 Exception <a 'java/io/FileNotFoundException'{0x00000000d55b3200}> (0x00000000d55b3200) 
thrown [s\src\hotspot\share\prims\jni.cpp, line 520]
Event: 38.764 Thread 0x00000262705bc4b0 Exception <a 'java/io/FileNotFoundException'{0x00000000d55b4250}> (0x00000000d55b4250) 
thrown [s\src\hotspot\share\prims\jni.cpp, line 520]
Event: 38.764 Thread 0x00000262705bc4b0 Exception <a 'java/io/FileNotFoundException'{0x00000000d55b4ff0}> (0x00000000d55b4ff0) 
thrown [s\src\hotspot\share\prims\jni.cpp, line 520]
Event: 38.878 Thread 0x000002627862a5a0 Exception <a 'java/io/FileNotFoundException'{0x00000000d630d910}> (0x00000000d630d910) 
thrown [s\src\hotspot\share\prims\jni.cpp, line 520]
Event: 38.924 Thread 0x000002627862a5a0 Exception <a 'java/lang/NoSuchMethodError'{0x00000000d66d63a8}: 'java.lang.Object java.lang.invoke.DirectMethodHandle$Holder.invokeStatic(java.lang.Object, int, java.lang.Object, java.lang.Object)'> (0x00000000d66d63a8) 
thrown [s\src\hotspot\share\interpreter\linkResolver.cpp, line 773]
Event: 38.925 Thread 0x000002627862a5a0 Exception <a 'java/lang/NoSuchMethodError'{0x00000000d66de350}: 'java.lang.Object java.lang.invoke.DelegatingMethodHandle$Holder.delegate(java.lang.Object, int, java.lang.Object, java.lang.Object)'> (0x00000000d66de350) 
thrown [s\src\hotspot\share\interpreter\linkResolver.cpp, line 773]
Event: 38.933 Thread 0x000002627862a5a0 Exception <a 'java/lang/NoSuchMethodError'{0x00000000d679e818}: 'int java.lang.invoke.Invokers$Holder.linkToTargetMethod(java.lang.Object, java.lang.Object, java.lang.Object)'> (0x00000000d679e818) 
thrown [s\src\hotspot\share\interpreter\linkResolver.cpp, line 773]
Event: 38.941 Thread 0x0000026276c334e0 Exception <a 'java/lang/NoSuchMethodError'{0x00000000d687d648}: 'int java.lang.invoke.DirectMethodHandle$Holder.invokeSpecialIFC(java.lang.Object, java.lang.Object, java.lang.Object, java.lang.Object)'> (0x00000000d687d648) 
thrown [s\src\hotspot\share\interpreter\linkResolver.cpp, line 773]
Event: 38.956 Thread 0x0000026276c334e0 Exception <a 'sun/nio/fs/WindowsException'{0x00000000d6a16198}> (0x00000000d6a16198) 
thrown [s\src\hotspot\share\prims\jni.cpp, line 520]
Event: 38.957 Thread 0x0000026276c334e0 Exception <a 'sun/nio/fs/WindowsException'{0x00000000d6a167e8}> (0x00000000d6a167e8) 
thrown [s\src\hotspot\share\prims\jni.cpp, line 520]
Event: 39.138 Thread 0x00000262705bbe20 Exception <a 'java/lang/NoClassDefFoundError'{0x00000000d695a110}: com/google/inject/servlet/ServletModuleTargetVisitor> (0x00000000d695a110) 
thrown [s\src\hotspot\share\classfile\systemDictionary.cpp, line 301]
Event: 39.531 Thread 0x000002627862a5a0 Exception <a 'java/lang/IncompatibleClassChangeError'{0x00000000d64e0508}: Found class java.lang.Object, but interface was expected> (0x00000000d64e0508) 
thrown [s\src\hotspot\share\interpreter\linkResolver.cpp, line 840]
Event: 39.606 Thread 0x00000262705bbe20 Implicit null exception at 0x0000026220beee9f to 0x0000026220bef100

ZGC Phase Switch (0 events):
No events

VM Operations (20 events):
Event: 40.009 Executing VM operation: ParallelGCFailedAllocation (Allocation Failure) done
Event: 40.196 Executing VM operation: ParallelGCFailedAllocation (Allocation Failure)
Event: 40.202 Executing VM operation: ParallelGCFailedAllocation (Allocation Failure) done
Event: 40.374 Executing VM operation: ParallelGCFailedAllocation (Allocation Failure)
Event: 40.380 Executing VM operation: ParallelGCFailedAllocation (Allocation Failure) done
Event: 40.572 Executing VM operation: ParallelGCFailedAllocation (Allocation Failure)
Event: 40.578 Executing VM operation: ParallelGCFailedAllocation (Allocation Failure) done
Event: 40.736 Executing VM operation: ParallelGCFailedAllocation (Allocation Failure)
Event: 40.741 Executing VM operation: ParallelGCFailedAllocation (Allocation Failure) done
Event: 40.909 Executing VM operation: ParallelGCFailedAllocation (Allocation Failure)
Event: 40.914 Executing VM operation: ParallelGCFailedAllocation (Allocation Failure) done
Event: 41.029 Executing VM operation: ParallelGCFailedAllocation (Allocation Failure)
Event: 41.033 Executing VM operation: ParallelGCFailedAllocation (Allocation Failure) done
Event: 41.153 Executing VM operation: ParallelGCFailedAllocation (Allocation Failure)
Event: 41.159 Executing VM operation: ParallelGCFailedAllocation (Allocation Failure) done
Event: 41.285 Executing VM operation: ParallelGCFailedAllocation (Allocation Failure)
Event: 41.291 Executing VM operation: ParallelGCFailedAllocation (Allocation Failure) done
Event: 41.441 Executing VM operation: ParallelGCFailedAllocation (Allocation Failure)
Event: 41.448 Executing VM operation: ParallelGCFailedAllocation (Allocation Failure) done
Event: 41.544 Executing VM operation: ParallelGCFailedAllocation (Allocation Failure)

Memory protections (0 events):
No events

Nmethod flushes (20 events):
Event: 36.204 Thread 0x000002622c4c4170 flushing  nmethod 0x0000026219639290
Event: 36.204 Thread 0x000002622c4c4170 flushing  nmethod 0x0000026219639990
Event: 36.204 Thread 0x000002622c4c4170 flushing  nmethod 0x0000026219664c10
Event: 36.204 Thread 0x000002622c4c4170 flushing  nmethod 0x0000026219665010
Event: 36.204 Thread 0x000002622c4c4170 flushing  nmethod 0x0000026219665910
Event: 36.204 Thread 0x000002622c4c4170 flushing  nmethod 0x0000026219666b10
Event: 36.204 Thread 0x000002622c4c4170 flushing  nmethod 0x0000026219667310
Event: 36.204 Thread 0x000002622c4c4170 flushing  nmethod 0x0000026219667a90
Event: 36.204 Thread 0x000002622c4c4170 flushing  nmethod 0x0000026219669010
Event: 36.204 Thread 0x000002622c4c4170 flushing  nmethod 0x0000026219669510
Event: 36.204 Thread 0x000002622c4c4170 flushing  nmethod 0x0000026219669e10
Event: 36.204 Thread 0x000002622c4c4170 flushing  nmethod 0x000002621966b210
Event: 36.204 Thread 0x000002622c4c4170 flushing  nmethod 0x000002621966d190
Event: 36.204 Thread 0x000002622c4c4170 flushing  nmethod 0x000002621966ef10
Event: 36.204 Thread 0x000002622c4c4170 flushing  nmethod 0x00000262196bac90
Event: 36.204 Thread 0x000002622c4c4170 flushing  nmethod 0x00000262196c1010
Event: 36.204 Thread 0x000002622c4c4170 flushing  nmethod 0x00000262196e1090
Event: 36.204 Thread 0x000002622c4c4170 flushing  nmethod 0x000002621979a090
Event: 36.204 Thread 0x000002622c4c4170 flushing  nmethod 0x00000262197a3210
Event: 36.204 Thread 0x000002622c4c4170 flushing  nmethod 0x00000262197a3690

Events (20 events):
Event: 36.133 Thread 0x0000026215cf2e30 Thread added: 0x0000026276c32e50
Event: 36.133 Thread 0x0000026215cf2e30 Thread added: 0x0000026278625050
Event: 36.134 Thread 0x0000026215cf2e30 Thread added: 0x0000026278624330
Event: 36.134 Thread 0x0000026215cf2e30 Thread added: 0x0000026278625d70
Event: 36.134 Thread 0x0000026215cf2e30 Thread added: 0x00000262786256e0
Event: 36.135 Thread 0x0000026215cf2e30 Thread added: 0x0000026278626400
Event: 36.135 Thread 0x0000026215cf2e30 Thread added: 0x00000262786277b0
Event: 36.135 Thread 0x0000026215cf2e30 Thread added: 0x0000026278626a90
Event: 36.135 Thread 0x0000026215cf2e30 Thread added: 0x0000026278627120
Event: 36.135 Thread 0x0000026215cf2e30 Thread added: 0x0000026278627e40
Event: 36.135 Thread 0x0000026215cf2e30 Thread added: 0x00000262786249c0
Event: 36.171 Thread 0x0000026215cf2e30 Thread added: 0x0000026278629880
Event: 36.703 Thread 0x0000026215cf2e30 Thread added: 0x0000026278629f10
Event: 36.704 Thread 0x0000026215cf2e30 Thread added: 0x000002627862a5a0
Event: 36.977 Thread 0x0000026276c334e0 Thread added: 0x000002627862ac30
Event: 37.569 Thread 0x00000262705bcb40 Thread added: 0x000002627862b2c0
Event: 37.573 Thread 0x000002627862b2c0 Thread exited: 0x000002627862b2c0
Event: 37.838 Thread 0x00000262705bcb40 Thread added: 0x000002627862b2c0
Event: 39.837 Thread 0x00000262705baa70 Thread exited: 0x00000262705baa70
Event: 41.371 Thread 0x0000026270358fb0 Thread exited: 0x0000026270358fb0


Dynamic libraries:
0x00007ff7bb800000 - 0x00007ff7bb80e000 	c:\Users\Canopus\.vscode\extensions\redhat.java-1.43.1-win32-x64\jre\21.0.7-win32-x86_64\bin\java.exe
0x00007ff9f1ee0000 - 0x00007ff9f2148000 	C:\WINDOWS\SYSTEM32\ntdll.dll
0x00007ff9f0810000 - 0x00007ff9f08d9000 	C:\WINDOWS\System32\KERNEL32.DLL
0x00007ff9ef630000 - 0x00007ff9efa1d000 	C:\WINDOWS\System32\KERNELBASE.dll
0x00007ff9ef4e0000 - 0x00007ff9ef62b000 	C:\WINDOWS\System32\ucrtbase.dll
0x00007ff9b40e0000 - 0x00007ff9b40f8000 	c:\Users\Canopus\.vscode\extensions\redhat.java-1.43.1-win32-x64\jre\21.0.7-win32-x86_64\bin\jli.dll
0x00007ff9b3920000 - 0x00007ff9b393e000 	c:\Users\Canopus\.vscode\extensions\redhat.java-1.43.1-win32-x64\jre\21.0.7-win32-x86_64\bin\VCRUNTIME140.dll
0x00007ff9efdf0000 - 0x00007ff9effbc000 	C:\WINDOWS\System32\USER32.dll
0x00007ff9efad0000 - 0x00007ff9efaf7000 	C:\WINDOWS\System32\win32u.dll
0x00007ff9c52a0000 - 0x00007ff9c553a000 	C:\WINDOWS\WinSxS\amd64_microsoft.windows.common-controls_6595b64144ccf1df_6.0.26100.4484_none_3e0e6d4ce32ef3b3\COMCTL32.dll
0x00007ff9efdc0000 - 0x00007ff9efdeb000 	C:\WINDOWS\System32\GDI32.dll
0x00007ff9f00c0000 - 0x00007ff9f0169000 	C:\WINDOWS\System32\msvcrt.dll
0x00007ff9ef0c0000 - 0x00007ff9ef1f7000 	C:\WINDOWS\System32\gdi32full.dll
0x00007ff9efa20000 - 0x00007ff9efac3000 	C:\WINDOWS\System32\msvcp_win.dll
0x00007ff9f06b0000 - 0x00007ff9f06df000 	C:\WINDOWS\System32\IMM32.DLL
0x00007ff9c1680000 - 0x00007ff9c168c000 	c:\Users\Canopus\.vscode\extensions\redhat.java-1.43.1-win32-x64\jre\21.0.7-win32-x86_64\bin\vcruntime140_1.dll
0x00007ff99a060000 - 0x00007ff99a0ed000 	c:\Users\Canopus\.vscode\extensions\redhat.java-1.43.1-win32-x64\jre\21.0.7-win32-x86_64\bin\msvcp140.dll
0x00007ff96c6e0000 - 0x00007ff96d470000 	c:\Users\Canopus\.vscode\extensions\redhat.java-1.43.1-win32-x64\jre\21.0.7-win32-x86_64\bin\server\jvm.dll
0x00007ff9f1260000 - 0x00007ff9f1314000 	C:\WINDOWS\System32\ADVAPI32.dll
0x00007ff9efd10000 - 0x00007ff9efdb6000 	C:\WINDOWS\System32\sechost.dll
0x00007ff9f0940000 - 0x00007ff9f0a58000 	C:\WINDOWS\System32\RPCRT4.dll
0x00007ff9f17b0000 - 0x00007ff9f1824000 	C:\WINDOWS\System32\WS2_32.dll
0x00007ff9eee80000 - 0x00007ff9eeede000 	C:\WINDOWS\SYSTEM32\POWRPROF.dll
0x00007ff9e8c60000 - 0x00007ff9e8c6b000 	C:\WINDOWS\SYSTEM32\VERSION.dll
0x00007ff9e7920000 - 0x00007ff9e7955000 	C:\WINDOWS\SYSTEM32\WINMM.dll
0x00007ff9eee60000 - 0x00007ff9eee74000 	C:\WINDOWS\SYSTEM32\UMPDC.dll
0x00007ff9edd90000 - 0x00007ff9eddab000 	C:\WINDOWS\SYSTEM32\kernel.appcore.dll
0x00007ff9bd260000 - 0x00007ff9bd26a000 	c:\Users\Canopus\.vscode\extensions\redhat.java-1.43.1-win32-x64\jre\21.0.7-win32-x86_64\bin\jimage.dll
0x00007ff9de2a0000 - 0x00007ff9de4e1000 	C:\WINDOWS\SYSTEM32\DBGHELP.DLL
0x00007ff9f1420000 - 0x00007ff9f17a6000 	C:\WINDOWS\System32\combase.dll
0x00007ff9f03a0000 - 0x00007ff9f0480000 	C:\WINDOWS\System32\OLEAUT32.dll
0x00007ff9de1d0000 - 0x00007ff9de213000 	C:\WINDOWS\SYSTEM32\dbgcore.DLL
0x00007ff9ef440000 - 0x00007ff9ef4d9000 	C:\WINDOWS\System32\bcryptPrimitives.dll
0x00007ff9bd060000 - 0x00007ff9bd06f000 	c:\Users\Canopus\.vscode\extensions\redhat.java-1.43.1-win32-x64\jre\21.0.7-win32-x86_64\bin\instrument.dll
0x00007ff9ae9b0000 - 0x00007ff9ae9cf000 	c:\Users\Canopus\.vscode\extensions\redhat.java-1.43.1-win32-x64\jre\21.0.7-win32-x86_64\bin\java.dll
0x00007ff9f0b10000 - 0x00007ff9f125a000 	C:\WINDOWS\System32\SHELL32.dll
0x00007ff9efb00000 - 0x00007ff9efc74000 	C:\WINDOWS\System32\wintypes.dll
0x00007ff9ecc50000 - 0x00007ff9ed4ab000 	C:\WINDOWS\SYSTEM32\windows.storage.dll
0x00007ff9f1320000 - 0x00007ff9f1415000 	C:\WINDOWS\System32\SHCORE.dll
0x00007ff9f0050000 - 0x00007ff9f00ba000 	C:\WINDOWS\System32\shlwapi.dll
0x00007ff9eef40000 - 0x00007ff9eef6f000 	C:\WINDOWS\SYSTEM32\profapi.dll
0x00007ff9a8d00000 - 0x00007ff9a8d18000 	c:\Users\Canopus\.vscode\extensions\redhat.java-1.43.1-win32-x64\jre\21.0.7-win32-x86_64\bin\zip.dll
0x00007ff9bcd20000 - 0x00007ff9bcd30000 	C:\Users\Canopus\.vscode\extensions\redhat.java-1.43.1-win32-x64\jre\21.0.7-win32-x86_64\bin\net.dll
0x00007ff9e7630000 - 0x00007ff9e774e000 	C:\WINDOWS\SYSTEM32\WINHTTP.dll
0x00007ff9ee300000 - 0x00007ff9ee36a000 	C:\WINDOWS\system32\mswsock.dll
0x00007ff9a8a20000 - 0x00007ff9a8a36000 	C:\Users\Canopus\.vscode\extensions\redhat.java-1.43.1-win32-x64\jre\21.0.7-win32-x86_64\bin\nio.dll
0x00007ff9baff0000 - 0x00007ff9bb000000 	c:\Users\Canopus\.vscode\extensions\redhat.java-1.43.1-win32-x64\jre\21.0.7-win32-x86_64\bin\verify.dll
0x00007ff9924e0000 - 0x00007ff992525000 	C:\Users\Canopus\AppData\Roaming\Code\User\globalStorage\redhat.java\1.43.1\config_win\org.eclipse.equinox.launcher\org.eclipse.equinox.launcher.win32.win32.x86_64_1.2.1300.v20250331-1702\eclipse_11911.dll
0x00007ff9f04f0000 - 0x00007ff9f068e000 	C:\WINDOWS\System32\ole32.dll
0x00007ff9ee6e0000 - 0x00007ff9ee6fb000 	C:\WINDOWS\SYSTEM32\CRYPTSP.dll
0x00007ff9edcf0000 - 0x00007ff9edd2b000 	C:\WINDOWS\system32\rsaenh.dll
0x00007ff9ee3a0000 - 0x00007ff9ee3cb000 	C:\WINDOWS\SYSTEM32\USERENV.dll
0x00007ff9eef10000 - 0x00007ff9eef36000 	C:\WINDOWS\SYSTEM32\bcrypt.dll
0x00007ff9ee540000 - 0x00007ff9ee54c000 	C:\WINDOWS\SYSTEM32\CRYPTBASE.dll
0x00007ff9ed7a0000 - 0x00007ff9ed7d3000 	C:\WINDOWS\SYSTEM32\IPHLPAPI.DLL
0x00007ff9f04e0000 - 0x00007ff9f04ea000 	C:\WINDOWS\System32\NSI.dll
0x00007ff98ca90000 - 0x00007ff98cad9000 	C:\Users\Canopus\AppData\Local\Temp\jna--2079729681\jna17359515781846760720.dll
0x00007ff9f06a0000 - 0x00007ff9f06a8000 	C:\WINDOWS\System32\PSAPI.DLL
0x00007ff9e7440000 - 0x00007ff9e745f000 	C:\WINDOWS\SYSTEM32\dhcpcsvc6.DLL
0x00007ff9e7410000 - 0x00007ff9e7435000 	C:\WINDOWS\SYSTEM32\dhcpcsvc.DLL
0x00007ff9c7a00000 - 0x00007ff9c7a0e000 	C:\Users\Canopus\.vscode\extensions\redhat.java-1.43.1-win32-x64\jre\21.0.7-win32-x86_64\bin\sunmscapi.dll
0x00007ff9ef2c0000 - 0x00007ff9ef437000 	C:\WINDOWS\System32\CRYPT32.dll
0x00007ff9ee830000 - 0x00007ff9ee860000 	C:\WINDOWS\SYSTEM32\ncrypt.dll
0x00007ff9ee7e0000 - 0x00007ff9ee81f000 	C:\WINDOWS\SYSTEM32\NTASN1.dll
0x00007ff9ed7e0000 - 0x00007ff9ed906000 	C:\WINDOWS\SYSTEM32\DNSAPI.dll
0x00007ff9e0df0000 - 0x00007ff9e0dfb000 	C:\Windows\System32\rasadhlp.dll
0x00007ff9e3b70000 - 0x00007ff9e3bf6000 	C:\WINDOWS\System32\fwpuclnt.dll
0x00007ff9c5600000 - 0x00007ff9c5609000 	C:\Users\Canopus\.vscode\extensions\redhat.java-1.43.1-win32-x64\jre\21.0.7-win32-x86_64\bin\extnet.dll

dbghelp: loaded successfully - version: 4.0.5 - missing functions: none
symbol engine: initialized successfully - sym options: 0x614 - pdb path: .;c:\Users\Canopus\.vscode\extensions\redhat.java-1.43.1-win32-x64\jre\21.0.7-win32-x86_64\bin;C:\WINDOWS\SYSTEM32;C:\WINDOWS\WinSxS\amd64_microsoft.windows.common-controls_6595b64144ccf1df_6.0.26100.4484_none_3e0e6d4ce32ef3b3;c:\Users\Canopus\.vscode\extensions\redhat.java-1.43.1-win32-x64\jre\21.0.7-win32-x86_64\bin\server;C:\Users\Canopus\AppData\Roaming\Code\User\globalStorage\redhat.java\1.43.1\config_win\org.eclipse.equinox.launcher\org.eclipse.equinox.launcher.win32.win32.x86_64_1.2.1300.v20250331-1702;C:\Users\Canopus\AppData\Local\Temp\jna--2079729681

VM Arguments:
jvm_args: --add-modules=ALL-SYSTEM --add-opens=java.base/java.util=ALL-UNNAMED --add-opens=java.base/java.lang=ALL-UNNAMED --add-opens=java.base/sun.nio.fs=ALL-UNNAMED -Declipse.application=org.eclipse.jdt.ls.core.id1 -Dosgi.bundles.defaultStartLevel=4 -Declipse.product=org.eclipse.jdt.ls.core.product -Djava.import.generatesMetadataFilesAtProjectRoot=false -DDetectVMInstallationsJob.disabled=true -Dfile.encoding=utf8 -XX:+UseParallelGC -XX:GCTimeRatio=4 -XX:AdaptiveSizePolicyWeight=90 -Dsun.zip.disableMemoryMapping=true -Xmx2G -Xms100m -Xlog:disable -javaagent:c:\Users\Canopus\.vscode\extensions\redhat.java-1.43.1-win32-x64\lombok\lombok-1.18.39-4050.jar -XX:+HeapDumpOnOutOfMemoryError -XX:HeapDumpPath=c:\Users\Canopus\AppData\Roaming\Code\User\workspaceStorage\04432dc5d6c8664d531cee8cb84fceb7\redhat.java -Daether.dependencyCollector.impl=bf 
java_command: c:\Users\Canopus\.vscode\extensions\redhat.java-1.43.1-win32-x64\server\plugins\org.eclipse.equinox.launcher_1.7.0.v20250519-0528.jar -configuration c:\Users\Canopus\AppData\Roaming\Code\User\globalStorage\redhat.java\1.43.1\config_win -data c:\Users\Canopus\AppData\Roaming\Code\User\workspaceStorage\04432dc5d6c8664d531cee8cb84fceb7\redhat.java\jdt_ws --pipe=\\.\pipe\lsp-5cd960bdccd0bfd93ff236c9820825aa-sock
java_class_path (initial): c:\Users\Canopus\.vscode\extensions\redhat.java-1.43.1-win32-x64\server\plugins\org.eclipse.equinox.launcher_1.7.0.v20250519-0528.jar
Launcher Type: SUN_STANDARD

[Global flags]
    uintx AdaptiveSizePolicyWeight                 = 90                                        {product} {command line}
     intx CICompilerCount                          = 12                                        {product} {ergonomic}
    uintx GCTimeRatio                              = 4                                         {product} {command line}
     bool HeapDumpOnOutOfMemoryError               = true                                   {manageable} {command line}
    ccstr HeapDumpPath                             = c:\Users\Canopus\AppData\Roaming\Code\User\workspaceStorage\04432dc5d6c8664d531cee8cb84fceb7\redhat.java         {manageable} {command line}
   size_t InitialHeapSize                          = 104857600                                 {product} {command line}
   size_t MaxHeapSize                              = 2147483648                                {product} {command line}
   size_t MaxNewSize                               = 715653120                                 {product} {ergonomic}
   size_t MinHeapDeltaBytes                        = 524288                                    {product} {ergonomic}
   size_t MinHeapSize                              = 104857600                                 {product} {command line}
   size_t NewSize                                  = 34603008                                  {product} {ergonomic}
    uintx NonNMethodCodeHeapSize                   = 7602480                                {pd product} {ergonomic}
    uintx NonProfiledCodeHeapSize                  = 122027880                              {pd product} {ergonomic}
   size_t OldSize                                  = 70254592                                  {product} {ergonomic}
    uintx ProfiledCodeHeapSize                     = 122027880                              {pd product} {ergonomic}
    uintx ReservedCodeCacheSize                    = 251658240                              {pd product} {ergonomic}
     bool SegmentedCodeCache                       = true                                      {product} {ergonomic}
   size_t SoftMaxHeapSize                          = 2147483648                             {manageable} {ergonomic}
     bool UseCompressedOops                        = true                           {product lp64_product} {ergonomic}
     bool UseLargePagesIndividualAllocation        = false                                  {pd product} {ergonomic}
     bool UseParallelGC                            = true                                      {product} {command line}

Logging:
Log output configuration:
 #0: stdout all=off uptime,level,tags foldmultilines=false
 #1: stderr all=off uptime,level,tags foldmultilines=false

Environment Variables:
JAVA_HOME=C:\Program Files\Java\jdk-20
CLASSPATH=D:\LINGO64_21\Lingo21.jar
PATH=C:\Program Files\Common Files\Oracle\Java\javapath;D:\VMware Workstation Player\bin\;C:\Program Files (x86)\Common Files\Oracle\Java\javapath;C:\WINDOWS\system32;C:\WINDOWS;C:\WINDOWS\System32\Wbem;C:\WINDOWS\System32\WindowsPowerShell\v1.0\;C:\WINDOWS\System32\OpenSSH\;D:\Git\cmd;D:\Node.js®\;C:\Program Files\Java\jdk-20\bin;C:\Program Files\Calibre2\;C:\Program Files (x86)\Microsoft SQL Server\160\Tools\Binn\;C:\Program Files\Microsoft SQL Server\160\Tools\Binn\;C:\Program Files\Microsoft SQL Server\Client SDK\ODBC\170\Tools\Binn\;C:\Program Files\Microsoft SQL Server\160\DTS\Binn\;C:\Program Files\Azure Data Studio\bin;C:\Program Files (x86)\Microsoft SQL Server\160\DTS\Binn\;C:\xampp\php;D:\LINGO64_21\;C:\Program Files\Docker\Docker\resources\bin;C:\Users\Canopus\AppData\Local\Programs\Python\Python312\Scripts\;C:\Users\Canopus\AppData\Local\Programs\Python\Python312\;C:\Users\Canopus\AppData\Local\Microsoft\WindowsApps;D:\Visual Studio Code\bin;C:\Users\Canopus\AppData\Roaming\npm;C:\Program Files\Azure Data Studio\bin;C:\Users\Canopus\AppData\Roaming\Programs\Zero Install;C:\Users\Canopus\AppData\Local\Programs\cursor\resources\app\bin;C:\Users\Canopus\AppData\Local\GitHubDesktop\bin;C:\Users\Canopus\AppData\Local\Microsoft\WindowsApps;
USERNAME=Canopus
OS=Windows_NT
PROCESSOR_IDENTIFIER=AMD64 Family 23 Model 104 Stepping 1, AuthenticAMD
TMP=C:\Users\Canopus\AppData\Local\Temp
TEMP=C:\Users\Canopus\AppData\Local\Temp




Periodic native trim disabled

---------------  S Y S T E M  ---------------

OS:
 Windows 11 , 64 bit Build 26100 (10.0.26100.4484)
OS uptime: 0 days 23:18 hours
Hyper-V role detected

CPU: total 16 (initial active 16) (16 cores per cpu, 2 threads per core) family 23 model 104 stepping 1 microcode 0x8608102, cx8, cmov, fxsr, ht, mmx, 3dnowpref, sse, sse2, sse3, ssse3, sse4a, sse4.1, sse4.2, popcnt, lzcnt, tsc, tscinvbit, avx, avx2, aes, clmul, bmi1, bmi2, adx, sha, fma, vzeroupper, clflush, clflushopt, hv, rdtscp, rdpid, f16c
Processor Information for the first 16 processors :
  Max Mhz: 1801, Current Mhz: 1801, Mhz Limit: 1801

Memory: 4k page, system-wide physical 14197M (620M free)
TotalPageFile size 24197M (AvailPageFile size 9M)
current process WorkingSet (physical memory assigned to process): 387M, peak: 388M
current process commit charge ("private bytes"): 445M, peak: 445M

vm_info: OpenJDK 64-Bit Server VM (21.0.7+6-LTS) for windows-amd64 JRE (21.0.7+6-LTS), built on 2025-04-15T00:00:00Z by "admin" with MS VC++ 17.7 (VS2022)

END.
